<?xml version="1.0" encoding="utf-8"?>
<CoverageSession>
  <Summary numSequencePoints="79" visitedSequencePoints="28" numBranchPoints="90" visitedBranchPoints="24" sequenceCoverage="35.44" branchCoverage="26.66" maxCyclomaticComplexity="93" minCyclomaticComplexity="93" visitedClasses="2" numClasses="3" visitedMethods="5" numMethods="10" />
  <Modules>
    <Module hash="93626672-11AD-4FE8-972D-7D3D3BF52E64">
      <ModulePath>Pricing.dll</ModulePath>
      <ModuleTime>2026-09-24T09:39:36</ModuleTime>
      <ModuleName>Pricing</ModuleName>
      <Files>
        <File uid="1" fullPath="W:\coverage-studio-demo\samples\dotnet\src\Pricing\Currencies.generated.cs" />
        <File uid="2" fullPath="W:\coverage-studio-demo\samples\dotnet\src\Pricing\Quote.cs" />
      </Files>
      <Classes>
        <Class>
          <Summary numSequencePoints="28" visitedSequencePoints="0" numBranchPoints="52" visitedBranchPoints="0" sequenceCoverage="0" branchCoverage="0" maxCyclomaticComplexity="46" minCyclomaticComplexity="1" visitedClasses="0" numClasses="1" visitedMethods="0" numMethods="4" />
          <FullName>Pricing.Currencies</FullName>
          <Methods>
            <Method cyclomaticComplexity="46" nPathComplexity="46" sequenceCoverage="0" branchCoverage="0" isConstructor="False" isGetter="False" isSetter="False" isStatic="True">
              <Summary numSequencePoints="12" visitedSequencePoints="0" numBranchPoints="46" visitedBranchPoints="0" sequenceCoverage="0" branchCoverage="0" maxCyclomaticComplexity="46" minCyclomaticComplexity="46" visitedClasses="0" numClasses="0" visitedMethods="0" numMethods="1" />
              <MetadataToken />
              <Name>System.String Pricing.Currencies::Symbol(System.String)</Name>
              <FileRef uid="1" />
              <SequencePoints>
                <SequencePoint vc="0" uspid="31" ordinal="0" sl="31" sc="1" el="31" ec="2" bec="0" bev="0" fileid="1" />
                <SequencePoint vc="0" uspid="32" ordinal="1" sl="32" sc="1" el="32" ec="2" bec="46" bev="0" fileid="1" />
                <SequencePoint vc="0" uspid="35" ordinal="2" sl="35" sc="1" el="35" ec="2" bec="0" bev="0" fileid="1" />
                <SequencePoint vc="0" uspid="37" ordinal="3" sl="37" sc="1" el="37" ec="2" bec="0" bev="0" fileid="1" />
                <SequencePoint vc="0" uspid="39" ordinal="4" sl="39" sc="1" el="39" ec="2" bec="0" bev="0" fileid="1" />
                <SequencePoint vc="0" uspid="41" ordinal="5" sl="41" sc="1" el="41" ec="2" bec="0" bev="0" fileid="1" />
                <SequencePoint vc="0" uspid="43" ordinal="6" sl="43" sc="1" el="43" ec="2" bec="0" bev="0" fileid="1" />
                <SequencePoint vc="0" uspid="45" ordinal="7" sl="45" sc="1" el="45" ec="2" bec="0" bev="0" fileid="1" />
                <SequencePoint vc="0" uspid="49" ordinal="8" sl="49" sc="1" el="49" ec="2" bec="0" bev="0" fileid="1" />
                <SequencePoint vc="0" uspid="51" ordinal="9" sl="51" sc="1" el="51" ec="2" bec="0" bev="0" fileid="1" />
                <SequencePoint vc="0" uspid="53" ordinal="10" sl="53" sc="1" el="53" ec="2" bec="0" bev="0" fileid="1" />
                <SequencePoint vc="0" uspid="55" ordinal="11" sl="55" sc="1" el="55" ec="2" bec="0" bev="0" fileid="1" />
              </SequencePoints>
              <BranchPoints>
                <BranchPoint vc="0" uspid="32" ordinal="0" path="0" offset="18" offsetend="20" sl="32" fileid="1" />
                <BranchPoint vc="0" uspid="32" ordinal="2" path="0" offset="26" offsetend="28" sl="32" fileid="1" />
                <BranchPoint vc="0" uspid="32" ordinal="4" path="0" offset="34" offsetend="41" sl="32" fileid="1" />
                <BranchPoint vc="0" uspid="32" ordinal="3" path="1" offset="26" offsetend="57" sl="32" fileid="1" />
                <BranchPoint vc="0" uspid="32" ordinal="8" path="0" offset="63" offsetend="70" sl="32" fileid="1" />
                <BranchPoint vc="0" uspid="32" ordinal="10" path="0" offset="76" offsetend="83" sl="32" fileid="1" />
                <BranchPoint vc="0" uspid="32" ordinal="1" path="1" offset="18" offsetend="99" sl="32" fileid="1" />
                <BranchPoint vc="0" uspid="32" ordinal="14" path="0" offset="105" offsetend="107" sl="32" fileid="1" />
                <BranchPoint vc="0" uspid="32" ordinal="16" path="0" offset="113" offsetend="117" sl="32" fileid="1" />
                <BranchPoint vc="0" uspid="32" ordinal="15" path="1" offset="105" offsetend="133" sl="32" fileid="1" />
                <BranchPoint vc="0" uspid="32" ordinal="20" path="0" offset="139" offsetend="143" sl="32" fileid="1" />
                <BranchPoint vc="0" uspid="32" ordinal="22" path="0" offset="149" offsetend="153" sl="32" fileid="1" />
                <BranchPoint vc="0" uspid="32" ordinal="21" path="1" offset="139" offsetend="166" sl="32" fileid="1" />
                <BranchPoint vc="0" uspid="32" ordinal="17" path="1" offset="113" offsetend="187" sl="32" fileid="1" />
                <BranchPoint vc="0" uspid="32" ordinal="23" path="1" offset="149" offsetend="208" sl="32" fileid="1" />
                <BranchPoint vc="0" uspid="32" ordinal="9" path="1" offset="63" offsetend="229" sl="32" fileid="1" />
                <BranchPoint vc="0" uspid="32" ordinal="25" path="1" offset="159" offsetend="247" sl="32" fileid="1" />
                <BranchPoint vc="0" uspid="32" ordinal="13" path="1" offset="89" offsetend="265" sl="32" fileid="1" />
                <BranchPoint vc="0" uspid="32" ordinal="11" path="1" offset="76" offsetend="280" sl="32" fileid="1" />
                <BranchPoint vc="0" uspid="32" ordinal="19" path="1" offset="123" offsetend="295" sl="32" fileid="1" />
                <BranchPoint vc="0" uspid="32" ordinal="5" path="1" offset="34" offsetend="310" sl="32" fileid="1" />
                <BranchPoint vc="0" uspid="32" ordinal="7" path="1" offset="47" offsetend="325" sl="32" fileid="1" />
                <BranchPoint vc="0" uspid="32" ordinal="27" path="1" offset="177" offsetend="340" sl="32" fileid="1" />
                <BranchPoint vc="0" uspid="32" ordinal="29" path="1" offset="198" offsetend="348" sl="32" fileid="1" />
                <BranchPoint vc="0" uspid="32" ordinal="31" path="1" offset="219" offsetend="356" sl="32" fileid="1" />
                <BranchPoint vc="0" uspid="32" ordinal="33" path="1" offset="240" offsetend="364" sl="32" fileid="1" />
                <BranchPoint vc="0" uspid="32" ordinal="35" path="1" offset="258" offsetend="372" sl="32" fileid="1" />
                <BranchPoint vc="0" uspid="32" ordinal="37" path="1" offset="276" offsetend="380" sl="32" fileid="1" />
                <BranchPoint vc="0" uspid="32" ordinal="39" path="1" offset="291" offsetend="388" sl="32" fileid="1" />
                <BranchPoint vc="0" uspid="32" ordinal="41" path="1" offset="306" offsetend="388" sl="32" fileid="1" />
                <BranchPoint vc="0" uspid="32" ordinal="43" path="1" offset="321" offsetend="388" sl="32" fileid="1" />
                <BranchPoint vc="0" uspid="32" ordinal="45" path="1" offset="336" offsetend="396" sl="32" fileid="1" />
                <BranchPoint vc="0" uspid="32" ordinal="6" path="0" offset="47" offsetend="404" sl="32" fileid="1" />
                <BranchPoint vc="0" uspid="32" ordinal="12" path="0" offset="89" offsetend="404" sl="32" fileid="1" />
                <BranchPoint vc="0" uspid="32" ordinal="18" path="0" offset="123" offsetend="404" sl="32" fileid="1" />
                <BranchPoint vc="0" uspid="32" ordinal="24" path="0" offset="159" offsetend="404" sl="32" fileid="1" />
                <BranchPoint vc="0" uspid="32" ordinal="26" path="0" offset="177" offsetend="404" sl="32" fileid="1" />
                <BranchPoint vc="0" uspid="32" ordinal="28" path="0" offset="198" offsetend="404" sl="32" fileid="1" />
                <BranchPoint vc="0" uspid="32" ordinal="30" path="0" offset="219" offsetend="404" sl="32" fileid="1" />
                <BranchPoint vc="0" uspid="32" ordinal="32" path="0" offset="240" offsetend="404" sl="32" fileid="1" />
                <BranchPoint vc="0" uspid="32" ordinal="34" path="0" offset="258" offsetend="404" sl="32" fileid="1" />
                <BranchPoint vc="0" uspid="32" ordinal="36" path="0" offset="276" offsetend="404" sl="32" fileid="1" />
                <BranchPoint vc="0" uspid="32" ordinal="38" path="0" offset="291" offsetend="404" sl="32" fileid="1" />
                <BranchPoint vc="0" uspid="32" ordinal="40" path="0" offset="306" offsetend="404" sl="32" fileid="1" />
                <BranchPoint vc="0" uspid="32" ordinal="42" path="0" offset="321" offsetend="404" sl="32" fileid="1" />
                <BranchPoint vc="0" uspid="32" ordinal="44" path="0" offset="336" offsetend="404" sl="32" fileid="1" />
              </BranchPoints>
              <MethodPoint vc="0" uspid="0" p8:type="SequencePoint" ordinal="0" offset="0" sc="0" sl="31" ec="1" el="55" bec="0" bev="0" fileid="1" xmlns:p8="xsi" />
            </Method>
            <Method cyclomaticComplexity="2" nPathComplexity="2" sequenceCoverage="0" branchCoverage="0" isConstructor="False" isGetter="False" isSetter="False" isStatic="True">
              <Summary numSequencePoints="6" visitedSequencePoints="0" numBranchPoints="2" visitedBranchPoints="0" sequenceCoverage="0" branchCoverage="0" maxCyclomaticComplexity="2" minCyclomaticComplexity="2" visitedClasses="0" numClasses="0" visitedMethods="0" numMethods="1" />
              <MetadataToken />
              <Name>System.Int32 Pricing.Currencies::Decimals(System.String)</Name>
              <FileRef uid="1" />
              <SequencePoints>
                <SequencePoint vc="0" uspid="61" ordinal="0" sl="61" sc="1" el="61" ec="2" bec="0" bev="0" fileid="1" />
                <SequencePoint vc="0" uspid="62" ordinal="1" sl="62" sc="1" el="62" ec="2" bec="2" bev="0" fileid="1" />
                <SequencePoint vc="0" uspid="63" ordinal="2" sl="63" sc="1" el="63" ec="2" bec="0" bev="0" fileid="1" />
                <SequencePoint vc="0" uspid="64" ordinal="3" sl="64" sc="1" el="64" ec="2" bec="0" bev="0" fileid="1" />
                <SequencePoint vc="0" uspid="67" ordinal="4" sl="67" sc="1" el="67" ec="2" bec="0" bev="0" fileid="1" />
                <SequencePoint vc="0" uspid="68" ordinal="5" sl="68" sc="1" el="68" ec="2" bec="0" bev="0" fileid="1" />
              </SequencePoints>
              <BranchPoints>
                <BranchPoint vc="0" uspid="62" ordinal="0" path="0" offset="14" offsetend="16" sl="62" fileid="1" />
                <BranchPoint vc="0" uspid="62" ordinal="1" path="1" offset="14" offsetend="21" sl="62" fileid="1" />
              </BranchPoints>
              <MethodPoint vc="0" uspid="0" p8:type="SequencePoint" ordinal="1" offset="1" sc="0" sl="61" ec="1" el="68" bec="0" bev="0" fileid="1" xmlns:p8="xsi" />
            </Method>
            <Method cyclomaticComplexity="4" nPathComplexity="4" sequenceCoverage="0" branchCoverage="0" isConstructor="False" isGetter="False" isSetter="False" isStatic="True">
              <Summary numSequencePoints="9" visitedSequencePoints="0" numBranchPoints="4" visitedBranchPoints="0" sequenceCoverage="0" branchCoverage="0" maxCyclomaticComplexity="4" minCyclomaticComplexity="4" visitedClasses="0" numClasses="0" visitedMethods="0" numMethods="1" />
              <MetadataToken />
              <Name>System.Boolean Pricing.Currencies::IsKnown(System.String)</Name>
              <FileRef uid="1" />
              <SequencePoints>
                <SequencePoint vc="0" uspid="74" ordinal="0" sl="74" sc="1" el="74" ec="2" bec="0" bev="0" fileid="1" />
                <SequencePoint vc="0" uspid="75" ordinal="1" sl="75" sc="1" el="75" ec="2" bec="2" bev="0" fileid="1" />
                <SequencePoint vc="0" uspid="76" ordinal="2" sl="76" sc="1" el="76" ec="2" bec="0" bev="0" fileid="1" />
                <SequencePoint vc="0" uspid="77" ordinal="3" sl="77" sc="1" el="77" ec="2" bec="2" bev="0" fileid="1" />
                <SequencePoint vc="0" uspid="78" ordinal="4" sl="78" sc="1" el="78" ec="2" bec="0" bev="0" fileid="1" />
                <SequencePoint vc="0" uspid="79" ordinal="5" sl="79" sc="1" el="79" ec="2" bec="0" bev="0" fileid="1" />
                <SequencePoint vc="0" uspid="81" ordinal="6" sl="81" sc="1" el="81" ec="2" bec="0" bev="0" fileid="1" />
                <SequencePoint vc="0" uspid="83" ordinal="7" sl="83" sc="1" el="83" ec="2" bec="0" bev="0" fileid="1" />
                <SequencePoint vc="0" uspid="84" ordinal="8" sl="84" sc="1" el="84" ec="2" bec="0" bev="0" fileid="1" />
              </SequencePoints>
              <BranchPoints>
                <BranchPoint vc="0" uspid="75" ordinal="3" path="1" offset="43" offsetend="12" sl="75" fileid="1" />
                <BranchPoint vc="0" uspid="77" ordinal="0" path="0" offset="26" offsetend="28" sl="77" fileid="1" />
                <BranchPoint vc="0" uspid="77" ordinal="1" path="1" offset="26" offsetend="34" sl="77" fileid="1" />
                <BranchPoint vc="0" uspid="75" ordinal="2" path="0" offset="43" offsetend="45" sl="75" fileid="1" />
              </BranchPoints>
              <MethodPoint vc="0" uspid="0" p8:type="SequencePoint" ordinal="2" offset="2" sc="0" sl="74" ec="1" el="84" bec="0" bev="0" fileid="1" xmlns:p8="xsi" />
            </Method>
            <Method cyclomaticComplexity="1" nPathComplexity="1" sequenceCoverage="0" branchCoverage="100" isConstructor="True" isGetter="False" isSetter="False" isStatic="True">
              <Summary numSequencePoints="1" visitedSequencePoints="0" numBranchPoints="0" visitedBranchPoints="0" sequenceCoverage="0" branchCoverage="100" maxCyclomaticComplexity="1" minCyclomaticComplexity="1" visitedClasses="0" numClasses="0" visitedMethods="0" numMethods="1" />
              <MetadataToken />
              <Name>System.Void Pricing.Currencies::.cctor()</Name>
              <FileRef uid="1" />
              <SequencePoints>
                <SequencePoint vc="0" uspid="25" ordinal="0" sl="25" sc="1" el="25" ec="2" bec="0" bev="0" fileid="1" />
              </SequencePoints>
              <BranchPoints />
              <MethodPoint vc="0" uspid="0" p8:type="SequencePoint" ordinal="3" offset="3" sc="0" sl="25" ec="1" el="25" bec="0" bev="0" fileid="1" xmlns:p8="xsi" />
            </Method>
          </Methods>
        </Class>
        <Class>
          <Summary numSequencePoints="1" visitedSequencePoints="1" numBranchPoints="0" visitedBranchPoints="0" sequenceCoverage="100" branchCoverage="100" maxCyclomaticComplexity="1" minCyclomaticComplexity="1" visitedClasses="1" numClasses="1" visitedMethods="1" numMethods="1" />
          <FullName>Pricing.Customer</FullName>
          <Methods>
            <Method cyclomaticComplexity="1" nPathComplexity="1" sequenceCoverage="100" branchCoverage="100" isConstructor="False" isGetter="True" isSetter="False" isStatic="True">
              <Summary numSequencePoints="1" visitedSequencePoints="1" numBranchPoints="0" visitedBranchPoints="0" sequenceCoverage="100" branchCoverage="100" maxCyclomaticComplexity="1" minCyclomaticComplexity="1" visitedClasses="0" numClasses="0" visitedMethods="1" numMethods="1" />
              <MetadataToken />
              <Name>Pricing.Tier Pricing.Customer::get_Tier()</Name>
              <FileRef uid="2" />
              <SequencePoints>
                <SequencePoint vc="5" uspid="32" ordinal="0" sl="32" sc="1" el="32" ec="2" bec="0" bev="0" fileid="2" />
              </SequencePoints>
              <BranchPoints />
              <MethodPoint vc="1" uspid="0" p8:type="SequencePoint" ordinal="0" offset="0" sc="0" sl="32" ec="1" el="32" bec="0" bev="0" fileid="2" xmlns:p8="xsi" />
            </Method>
          </Methods>
        </Class>
        <Class>
          <Summary numSequencePoints="50" visitedSequencePoints="27" numBranchPoints="38" visitedBranchPoints="24" sequenceCoverage="54" branchCoverage="63.15" maxCyclomaticComplexity="22" minCyclomaticComplexity="1" visitedClasses="1" numClasses="1" visitedMethods="4" numMethods="5" />
          <FullName>Pricing.Quote</FullName>
          <Methods>
            <Method cyclomaticComplexity="22" nPathComplexity="22" sequenceCoverage="37.14" branchCoverage="45.45" isConstructor="False" isGetter="False" isSetter="False" isStatic="True">
              <Summary numSequencePoints="35" visitedSequencePoints="13" numBranchPoints="22" visitedBranchPoints="10" sequenceCoverage="37.14" branchCoverage="45.45" maxCyclomaticComplexity="22" minCyclomaticComplexity="22" visitedClasses="0" numClasses="0" visitedMethods="1" numMethods="1" />
              <MetadataToken />
              <Name>System.Decimal Pricing.Quote::Price(System.Decimal,Pricing.Customer,System.Int32)</Name>
              <FileRef uid="2" />
              <SequencePoints>
                <SequencePoint vc="1" uspid="57" ordinal="0" sl="57" sc="1" el="57" ec="2" bec="0" bev="0" fileid="2" />
                <SequencePoint vc="1" uspid="58" ordinal="1" sl="58" sc="1" el="58" ec="2" bec="0" bev="0" fileid="2" />
                <SequencePoint vc="1" uspid="60" ordinal="2" sl="60" sc="1" el="60" ec="2" bec="2" bev="1" fileid="2" />
                <SequencePoint vc="1" uspid="61" ordinal="3" sl="61" sc="1" el="61" ec="2" bec="0" bev="0" fileid="2" />
                <SequencePoint vc="1" uspid="62" ordinal="4" sl="62" sc="1" el="62" ec="2" bec="0" bev="0" fileid="2" />
                <SequencePoint vc="1" uspid="63" ordinal="5" sl="63" sc="1" el="63" ec="2" bec="0" bev="0" fileid="2" />
                <SequencePoint vc="0" uspid="64" ordinal="6" sl="64" sc="1" el="64" ec="2" bec="2" bev="0" fileid="2" />
                <SequencePoint vc="0" uspid="65" ordinal="7" sl="65" sc="1" el="65" ec="2" bec="0" bev="0" fileid="2" />
                <SequencePoint vc="0" uspid="66" ordinal="8" sl="66" sc="1" el="66" ec="2" bec="0" bev="0" fileid="2" />
                <SequencePoint vc="0" uspid="67" ordinal="9" sl="67" sc="1" el="67" ec="2" bec="0" bev="0" fileid="2" />
                <SequencePoint vc="0" uspid="68" ordinal="10" sl="68" sc="1" el="68" ec="2" bec="2" bev="1" fileid="2" />
                <SequencePoint vc="0" uspid="69" ordinal="11" sl="69" sc="1" el="69" ec="2" bec="0" bev="0" fileid="2" />
                <SequencePoint vc="0" uspid="70" ordinal="12" sl="70" sc="1" el="70" ec="2" bec="0" bev="0" fileid="2" />
                <SequencePoint vc="0" uspid="71" ordinal="13" sl="71" sc="1" el="71" ec="2" bec="0" bev="0" fileid="2" />
                <SequencePoint vc="1" uspid="73" ordinal="14" sl="73" sc="1" el="73" ec="2" bec="4" bev="2" fileid="2" />
                <SequencePoint vc="0" uspid="74" ordinal="15" sl="74" sc="1" el="74" ec="2" bec="0" bev="0" fileid="2" />
                <SequencePoint vc="0" uspid="75" ordinal="16" sl="75" sc="1" el="75" ec="2" bec="0" bev="0" fileid="2" />
                <SequencePoint vc="0" uspid="76" ordinal="17" sl="76" sc="1" el="76" ec="2" bec="0" bev="0" fileid="2" />
                <SequencePoint vc="1" uspid="78" ordinal="18" sl="78" sc="1" el="78" ec="2" bec="2" bev="1" fileid="2" />
                <SequencePoint vc="0" uspid="79" ordinal="19" sl="79" sc="1" el="79" ec="2" bec="0" bev="0" fileid="2" />
                <SequencePoint vc="0" uspid="80" ordinal="20" sl="80" sc="1" el="80" ec="2" bec="0" bev="0" fileid="2" />
                <SequencePoint vc="0" uspid="81" ordinal="21" sl="81" sc="1" el="81" ec="2" bec="0" bev="0" fileid="2" />
                <SequencePoint vc="1" uspid="82" ordinal="22" sl="82" sc="1" el="82" ec="2" bec="2" bev="1" fileid="2" />
                <SequencePoint vc="0" uspid="83" ordinal="23" sl="83" sc="1" el="83" ec="2" bec="0" bev="0" fileid="2" />
                <SequencePoint vc="0" uspid="84" ordinal="24" sl="84" sc="1" el="84" ec="2" bec="0" bev="0" fileid="2" />
                <SequencePoint vc="0" uspid="85" ordinal="25" sl="85" sc="1" el="85" ec="2" bec="0" bev="0" fileid="2" />
                <SequencePoint vc="1" uspid="87" ordinal="26" sl="87" sc="1" el="87" ec="2" bec="6" bev="3" fileid="2" />
                <SequencePoint vc="0" uspid="88" ordinal="27" sl="88" sc="1" el="88" ec="2" bec="0" bev="0" fileid="2" />
                <SequencePoint vc="0" uspid="89" ordinal="28" sl="89" sc="1" el="89" ec="2" bec="0" bev="0" fileid="2" />
                <SequencePoint vc="1" uspid="92" ordinal="29" sl="92" sc="1" el="92" ec="2" bec="2" bev="1" fileid="2" />
                <SequencePoint vc="0" uspid="93" ordinal="30" sl="93" sc="1" el="93" ec="2" bec="0" bev="0" fileid="2" />
                <SequencePoint vc="0" uspid="94" ordinal="31" sl="94" sc="1" el="94" ec="2" bec="0" bev="0" fileid="2" />
                <SequencePoint vc="0" uspid="95" ordinal="32" sl="95" sc="1" el="95" ec="2" bec="0" bev="0" fileid="2" />
                <SequencePoint vc="1" uspid="97" ordinal="33" sl="97" sc="1" el="97" ec="2" bec="0" bev="0" fileid="2" />
                <SequencePoint vc="1" uspid="98" ordinal="34" sl="98" sc="1" el="98" ec="2" bec="0" bev="0" fileid="2" />
              </SequencePoints>
              <BranchPoints>
                <BranchPoint vc="1" uspid="60" ordinal="0" path="0" offset="14" offsetend="16" sl="60" fileid="2" />
                <BranchPoint vc="0" uspid="60" ordinal="1" path="1" offset="14" offsetend="38" sl="60" fileid="2" />
                <BranchPoint vc="0" uspid="64" ordinal="2" path="0" offset="49" offsetend="51" sl="64" fileid="2" />
                <BranchPoint vc="0" uspid="64" ordinal="3" path="1" offset="49" offsetend="73" sl="64" fileid="2" />
                <BranchPoint vc="0" uspid="68" ordinal="4" path="0" offset="84" offsetend="86" sl="68" fileid="2" />
                <BranchPoint vc="1" uspid="68" ordinal="5" path="1" offset="84" offsetend="105" sl="68" fileid="2" />
                <BranchPoint vc="0" uspid="73" ordinal="6" path="0" offset="112" offsetend="114" sl="73" fileid="2" />
                <BranchPoint vc="1" uspid="73" ordinal="7" path="1" offset="112" offsetend="128" sl="73" fileid="2" />
                <BranchPoint vc="0" uspid="73" ordinal="8" path="0" offset="133" offsetend="135" sl="73" fileid="2" />
                <BranchPoint vc="1" uspid="73" ordinal="9" path="1" offset="133" offsetend="150" sl="73" fileid="2" />
                <BranchPoint vc="0" uspid="78" ordinal="10" path="0" offset="162" offsetend="164" sl="78" fileid="2" />
                <BranchPoint vc="1" uspid="78" ordinal="11" path="1" offset="162" offsetend="186" sl="78" fileid="2" />
                <BranchPoint vc="0" uspid="82" ordinal="12" path="0" offset="197" offsetend="199" sl="82" fileid="2" />
                <BranchPoint vc="1" uspid="82" ordinal="13" path="1" offset="197" offsetend="219" sl="82" fileid="2" />
                <BranchPoint vc="1" uspid="87" ordinal="14" path="0" offset="225" offsetend="227" sl="87" fileid="2" />
                <BranchPoint vc="0" uspid="87" ordinal="16" path="0" offset="233" offsetend="235" sl="87" fileid="2" />
                <BranchPoint vc="1" uspid="87" ordinal="17" path="1" offset="233" offsetend="253" sl="87" fileid="2" />
                <BranchPoint vc="0" uspid="87" ordinal="15" path="1" offset="225" offsetend="256" sl="87" fileid="2" />
                <BranchPoint vc="0" uspid="87" ordinal="18" path="0" offset="261" offsetend="263" sl="87" fileid="2" />
                <BranchPoint vc="1" uspid="87" ordinal="19" path="1" offset="261" offsetend="275" sl="87" fileid="2" />
                <BranchPoint vc="0" uspid="92" ordinal="20" path="0" offset="290" offsetend="292" sl="92" fileid="2" />
                <BranchPoint vc="1" uspid="92" ordinal="21" path="1" offset="290" offsetend="302" sl="92" fileid="2" />
              </BranchPoints>
              <MethodPoint vc="13" uspid="0" p8:type="SequencePoint" ordinal="0" offset="0" sc="0" sl="57" ec="1" el="98" bec="0" bev="0" fileid="2" xmlns:p8="xsi" />
            </Method>
            <Method cyclomaticComplexity="12" nPathComplexity="12" sequenceCoverage="100" branchCoverage="100" isConstructor="False" isGetter="False" isSetter="False" isStatic="True">
              <Summary numSequencePoints="9" visitedSequencePoints="9" numBranchPoints="12" visitedBranchPoints="12" sequenceCoverage="100" branchCoverage="100" maxCyclomaticComplexity="12" minCyclomaticComplexity="12" visitedClasses="0" numClasses="0" visitedMethods="1" numMethods="1" />
              <MetadataToken />
              <Name>System.Decimal Pricing.Quote::Shipping(System.String,System.Decimal)</Name>
              <FileRef uid="2" />
              <SequencePoints>
                <SequencePoint vc="7" uspid="110" ordinal="0" sl="110" sc="1" el="110" ec="2" bec="0" bev="0" fileid="2" />
                <SequencePoint vc="7" uspid="111" ordinal="1" sl="111" sc="1" el="111" ec="2" bec="0" bev="0" fileid="2" />
                <SequencePoint vc="7" uspid="112" ordinal="2" sl="112" sc="1" el="112" ec="2" bec="8" bev="8" fileid="2" />
                <SequencePoint vc="2" uspid="115" ordinal="3" sl="115" sc="1" el="115" ec="2" bec="2" bev="2" fileid="2" />
                <SequencePoint vc="2" uspid="117" ordinal="4" sl="117" sc="1" el="117" ec="2" bec="2" bev="2" fileid="2" />
                <SequencePoint vc="1" uspid="119" ordinal="5" sl="119" sc="1" el="119" ec="2" bec="0" bev="0" fileid="2" />
                <SequencePoint vc="1" uspid="121" ordinal="6" sl="121" sc="1" el="121" ec="2" bec="0" bev="0" fileid="2" />
                <SequencePoint vc="1" uspid="123" ordinal="7" sl="123" sc="1" el="123" ec="2" bec="0" bev="0" fileid="2" />
                <SequencePoint vc="6" uspid="125" ordinal="8" sl="125" sc="1" el="125" ec="2" bec="0" bev="0" fileid="2" />
              </SequencePoints>
              <BranchPoints>
                <BranchPoint vc="5" uspid="112" ordinal="0" path="0" offset="30" offsetend="32" sl="112" fileid="2" />
                <BranchPoint vc="3" uspid="112" ordinal="2" path="0" offset="43" offsetend="45" sl="112" fileid="2" />
                <BranchPoint vc="2" uspid="112" ordinal="4" path="0" offset="56" offsetend="58" sl="112" fileid="2" />
                <BranchPoint vc="2" uspid="112" ordinal="1" path="1" offset="30" offsetend="73" sl="112" fileid="2" />
                <BranchPoint vc="1" uspid="115" ordinal="8" path="0" offset="74" offsetend="76" sl="115" fileid="2" />
                <BranchPoint vc="1" uspid="115" ordinal="9" path="1" offset="74" offsetend="89" sl="115" fileid="2" />
                <BranchPoint vc="2" uspid="112" ordinal="3" path="1" offset="43" offsetend="103" sl="112" fileid="2" />
                <BranchPoint vc="1" uspid="117" ordinal="10" path="0" offset="104" offsetend="106" sl="117" fileid="2" />
                <BranchPoint vc="1" uspid="117" ordinal="11" path="1" offset="104" offsetend="115" sl="117" fileid="2" />
                <BranchPoint vc="1" uspid="112" ordinal="5" path="1" offset="56" offsetend="125" sl="112" fileid="2" />
                <BranchPoint vc="1" uspid="112" ordinal="7" path="1" offset="69" offsetend="133" sl="112" fileid="2" />
                <BranchPoint vc="1" uspid="112" ordinal="6" path="0" offset="69" offsetend="143" sl="112" fileid="2" />
              </BranchPoints>
              <MethodPoint vc="9" uspid="0" p8:type="SequencePoint" ordinal="1" offset="1" sc="0" sl="110" ec="1" el="125" bec="0" bev="0" fileid="2" xmlns:p8="xsi" />
            </Method>
            <Method cyclomaticComplexity="2" nPathComplexity="2" sequenceCoverage="100" branchCoverage="50" isConstructor="False" isGetter="False" isSetter="False" isStatic="True">
              <Summary numSequencePoints="1" visitedSequencePoints="1" numBranchPoints="2" visitedBranchPoints="1" sequenceCoverage="100" branchCoverage="50" maxCyclomaticComplexity="2" minCyclomaticComplexity="2" visitedClasses="0" numClasses="0" visitedMethods="1" numMethods="1" />
              <MetadataToken />
              <Name>System.Decimal Pricing.Quote::WithVat(System.Decimal,System.String)</Name>
              <FileRef uid="2" />
              <SequencePoints>
                <SequencePoint vc="1" uspid="136" ordinal="0" sl="136" sc="1" el="136" ec="2" bec="2" bev="1" fileid="2" />
              </SequencePoints>
              <BranchPoints>
                <BranchPoint vc="0" uspid="136" ordinal="0" path="0" offset="11" offsetend="13" sl="136" fileid="2" />
                <BranchPoint vc="1" uspid="136" ordinal="1" path="1" offset="11" offsetend="16" sl="136" fileid="2" />
              </BranchPoints>
              <MethodPoint vc="1" uspid="0" p8:type="SequencePoint" ordinal="2" offset="2" sc="0" sl="136" ec="1" el="136" bec="0" bev="0" fileid="2" xmlns:p8="xsi" />
            </Method>
            <Method cyclomaticComplexity="2" nPathComplexity="2" sequenceCoverage="100" branchCoverage="50" isConstructor="False" isGetter="False" isSetter="False" isStatic="True">
              <Summary numSequencePoints="4" visitedSequencePoints="4" numBranchPoints="2" visitedBranchPoints="1" sequenceCoverage="100" branchCoverage="50" maxCyclomaticComplexity="2" minCyclomaticComplexity="2" visitedClasses="0" numClasses="0" visitedMethods="1" numMethods="1" />
              <MetadataToken />
              <Name>System.Decimal Pricing.Quote::AtLeast(System.Decimal,System.Decimal)</Name>
              <FileRef uid="2" />
              <SequencePoints>
                <SequencePoint vc="1" uspid="148" ordinal="0" sl="148" sc="1" el="148" ec="2" bec="0" bev="0" fileid="2" />
                <SequencePoint vc="1" uspid="149" ordinal="1" sl="149" sc="1" el="149" ec="2" bec="2" bev="1" fileid="2" />
                <SequencePoint vc="1" uspid="150" ordinal="2" sl="150" sc="1" el="150" ec="2" bec="0" bev="0" fileid="2" />
                <SequencePoint vc="1" uspid="151" ordinal="3" sl="151" sc="1" el="151" ec="2" bec="0" bev="0" fileid="2" />
              </SequencePoints>
              <BranchPoints>
                <BranchPoint vc="0" uspid="149" ordinal="0" path="0" offset="10" offsetend="12" sl="149" fileid="2" />
                <BranchPoint vc="1" uspid="149" ordinal="1" path="1" offset="10" offsetend="16" sl="149" fileid="2" />
              </BranchPoints>
              <MethodPoint vc="4" uspid="0" p8:type="SequencePoint" ordinal="3" offset="3" sc="0" sl="148" ec="1" el="151" bec="0" bev="0" fileid="2" xmlns:p8="xsi" />
            </Method>
            <Method cyclomaticComplexity="1" nPathComplexity="1" sequenceCoverage="0" branchCoverage="100" isConstructor="False" isGetter="False" isSetter="False" isStatic="True">
              <Summary numSequencePoints="1" visitedSequencePoints="0" numBranchPoints="0" visitedBranchPoints="0" sequenceCoverage="0" branchCoverage="100" maxCyclomaticComplexity="1" minCyclomaticComplexity="1" visitedClasses="0" numClasses="0" visitedMethods="0" numMethods="1" />
              <MetadataToken />
              <Name>System.String Pricing.Quote::InvoiceNumber(System.Int32,System.Int32)</Name>
              <FileRef uid="2" />
              <SequencePoints>
                <SequencePoint vc="0" uspid="157" ordinal="0" sl="157" sc="1" el="157" ec="2" bec="0" bev="0" fileid="2" />
              </SequencePoints>
              <BranchPoints />
              <MethodPoint vc="0" uspid="0" p8:type="SequencePoint" ordinal="4" offset="4" sc="0" sl="157" ec="1" el="157" bec="0" bev="0" fileid="2" xmlns:p8="xsi" />
            </Method>
          </Methods>
        </Class>
      </Classes>
    </Module>
  </Modules>
</CoverageSession>