<?xml version="1.0" encoding="utf-8"?>
<coverage line-rate="0.3544" branch-rate="0.2666" version="1.9" timestamp="1790242776" lines-covered="28" lines-valid="79" branches-covered="24" branches-valid="90">
  <sources>
    <source>W:\coverage-studio-demo\samples\dotnet\src\Pricing\</source>
  </sources>
  <packages>
    <package name="Pricing" line-rate="0.3544" branch-rate="0.2666" complexity="93">
      <classes>
        <class name="Pricing.Currencies" filename="Currencies.generated.cs" line-rate="0" branch-rate="0" complexity="53">
          <methods>
            <method name="Symbol" signature="(System.String)" line-rate="0" branch-rate="0" complexity="46">
              <lines>
                <line number="31" hits="0" branch="False" />
                <line number="32" hits="0" branch="True" condition-coverage="0% (0/46)">
                  <conditions>
                    <condition number="18" type="jump" coverage="0%" />
                    <condition number="26" type="jump" coverage="0%" />
                    <condition number="34" type="jump" coverage="0%" />
                    <condition number="63" type="jump" coverage="0%" />
                    <condition number="76" type="jump" coverage="0%" />
                    <condition number="105" type="jump" coverage="0%" />
                    <condition number="113" type="jump" coverage="0%" />
                    <condition number="139" type="jump" coverage="0%" />
                    <condition number="149" type="jump" coverage="0%" />
                    <condition number="159" type="jump" coverage="0%" />
                    <condition number="89" type="jump" coverage="0%" />
                    <condition number="123" type="jump" coverage="0%" />
                    <condition number="47" type="jump" coverage="0%" />
                    <condition number="177" type="jump" coverage="0%" />
                    <condition number="198" type="jump" coverage="0%" />
                    <condition number="219" type="jump" coverage="0%" />
                    <condition number="240" type="jump" coverage="0%" />
                    <condition number="258" type="jump" coverage="0%" />
                    <condition number="276" type="jump" coverage="0%" />
                    <condition number="291" type="jump" coverage="0%" />
                    <condition number="306" type="jump" coverage="0%" />
                    <condition number="321" type="jump" coverage="0%" />
                    <condition number="336" type="jump" coverage="0%" />
                  </conditions>
                </line>
                <line number="35" hits="0" branch="False" />
                <line number="37" hits="0" branch="False" />
                <line number="39" hits="0" branch="False" />
                <line number="41" hits="0" branch="False" />
                <line number="43" hits="0" branch="False" />
                <line number="45" hits="0" branch="False" />
                <line number="49" hits="0" branch="False" />
                <line number="51" hits="0" branch="False" />
                <line number="53" hits="0" branch="False" />
                <line number="55" hits="0" branch="False" />
              </lines>
            </method>
            <method name="Decimals" signature="(System.String)" line-rate="0" branch-rate="0" complexity="2">
              <lines>
                <line number="61" hits="0" branch="False" />
                <line number="62" hits="0" branch="True" condition-coverage="0% (0/2)">
                  <conditions>
                    <condition number="14" type="jump" coverage="0%" />
                  </conditions>
                </line>
                <line number="63" hits="0" branch="False" />
                <line number="64" hits="0" branch="False" />
                <line number="67" hits="0" branch="False" />
                <line number="68" hits="0" branch="False" />
              </lines>
            </method>
            <method name="IsKnown" signature="(System.String)" line-rate="0" branch-rate="0" complexity="4">
              <lines>
                <line number="74" hits="0" branch="False" />
                <line number="75" hits="0" branch="True" condition-coverage="0% (0/2)">
                  <conditions>
                    <condition number="43" type="jump" coverage="0%" />
                  </conditions>
                </line>
                <line number="76" hits="0" branch="False" />
                <line number="77" hits="0" branch="True" condition-coverage="0% (0/2)">
                  <conditions>
                    <condition number="26" type="jump" coverage="0%" />
                  </conditions>
                </line>
                <line number="78" hits="0" branch="False" />
                <line number="79" hits="0" branch="False" />
                <line number="81" hits="0" branch="False" />
                <line number="83" hits="0" branch="False" />
                <line number="84" hits="0" branch="False" />
              </lines>
            </method>
            <method name=".cctor" signature="()" line-rate="0" branch-rate="1" complexity="1">
              <lines>
                <line number="25" hits="0" branch="False" />
              </lines>
            </method>
          </methods>
          <lines>
            <line number="31" hits="0" branch="False" />
            <line number="32" hits="0" branch="True" condition-coverage="0% (0/46)">
              <conditions>
                <condition number="18" type="jump" coverage="0%" />
                <condition number="26" type="jump" coverage="0%" />
                <condition number="34" type="jump" coverage="0%" />
                <condition number="63" type="jump" coverage="0%" />
                <condition number="76" type="jump" coverage="0%" />
                <condition number="105" type="jump" coverage="0%" />
                <condition number="113" type="jump" coverage="0%" />
                <condition number="139" type="jump" coverage="0%" />
                <condition number="149" type="jump" coverage="0%" />
                <condition number="159" type="jump" coverage="0%" />
                <condition number="89" type="jump" coverage="0%" />
                <condition number="123" type="jump" coverage="0%" />
                <condition number="47" type="jump" coverage="0%" />
                <condition number="177" type="jump" coverage="0%" />
                <condition number="198" type="jump" coverage="0%" />
                <condition number="219" type="jump" coverage="0%" />
                <condition number="240" type="jump" coverage="0%" />
                <condition number="258" type="jump" coverage="0%" />
                <condition number="276" type="jump" coverage="0%" />
                <condition number="291" type="jump" coverage="0%" />
                <condition number="306" type="jump" coverage="0%" />
                <condition number="321" type="jump" coverage="0%" />
                <condition number="336" type="jump" coverage="0%" />
              </conditions>
            </line>
            <line number="35" hits="0" branch="False" />
            <line number="37" hits="0" branch="False" />
            <line number="39" hits="0" branch="False" />
            <line number="41" hits="0" branch="False" />
            <line number="43" hits="0" branch="False" />
            <line number="45" hits="0" branch="False" />
            <line number="49" hits="0" branch="False" />
            <line number="51" hits="0" branch="False" />
            <line number="53" hits="0" branch="False" />
            <line number="55" hits="0" branch="False" />
            <line number="61" hits="0" branch="False" />
            <line number="62" hits="0" branch="True" condition-coverage="0% (0/2)">
              <conditions>
                <condition number="14" type="jump" coverage="0%" />
              </conditions>
            </line>
            <line number="63" hits="0" branch="False" />
            <line number="64" hits="0" branch="False" />
            <line number="67" hits="0" branch="False" />
            <line number="68" hits="0" branch="False" />
            <line number="74" hits="0" branch="False" />
            <line number="75" hits="0" branch="True" condition-coverage="0% (0/2)">
              <conditions>
                <condition number="43" type="jump" coverage="0%" />
              </conditions>
            </line>
            <line number="76" hits="0" branch="False" />
            <line number="77" hits="0" branch="True" condition-coverage="0% (0/2)">
              <conditions>
                <condition number="26" type="jump" coverage="0%" />
              </conditions>
            </line>
            <line number="78" hits="0" branch="False" />
            <line number="79" hits="0" branch="False" />
            <line number="81" hits="0" branch="False" />
            <line number="83" hits="0" branch="False" />
            <line number="84" hits="0" branch="False" />
            <line number="25" hits="0" branch="False" />
          </lines>
        </class>
        <class name="Pricing.Customer" filename="Quote.cs" line-rate="1" branch-rate="1" complexity="1">
          <methods>
            <method name="get_Tier" signature="()" line-rate="1" branch-rate="1" complexity="1">
              <lines>
                <line number="32" hits="5" branch="False" />
              </lines>
            </method>
          </methods>
          <lines>
            <line number="32" hits="5" branch="False" />
          </lines>
        </class>
        <class name="Pricing.Quote" filename="Quote.cs" line-rate="0.54" branch-rate="0.6315" complexity="39">
          <methods>
            <method name="Price" signature="(System.Decimal,Pricing.Customer,System.Int32)" line-rate="0.3714" branch-rate="0.4545" complexity="22">
              <lines>
                <line number="57" hits="1" branch="False" />
                <line number="58" hits="1" branch="False" />
                <line number="60" hits="1" branch="True" condition-coverage="50% (1/2)">
                  <conditions>
                    <condition number="14" type="jump" coverage="50%" />
                  </conditions>
                </line>
                <line number="61" hits="1" branch="False" />
                <line number="62" hits="1" branch="False" />
                <line number="63" hits="1" branch="False" />
                <line number="64" hits="0" branch="True" condition-coverage="0% (0/2)">
                  <conditions>
                    <condition number="49" type="jump" coverage="0%" />
                  </conditions>
                </line>
                <line number="65" hits="0" branch="False" />
                <line number="66" hits="0" branch="False" />
                <line number="67" hits="0" branch="False" />
                <line number="68" hits="0" branch="True" condition-coverage="50% (1/2)">
                  <conditions>
                    <condition number="84" type="jump" coverage="50%" />
                  </conditions>
                </line>
                <line number="69" hits="0" branch="False" />
                <line number="70" hits="0" branch="False" />
                <line number="71" hits="0" branch="False" />
                <line number="73" hits="1" branch="True" condition-coverage="50% (2/4)">
                  <conditions>
                    <condition number="112" type="jump" coverage="50%" />
                    <condition number="133" type="jump" coverage="50%" />
                  </conditions>
                </line>
                <line number="74" hits="0" branch="False" />
                <line number="75" hits="0" branch="False" />
                <line number="76" hits="0" branch="False" />
                <line number="78" hits="1" branch="True" condition-coverage="50% (1/2)">
                  <conditions>
                    <condition number="162" type="jump" coverage="50%" />
                  </conditions>
                </line>
                <line number="79" hits="0" branch="False" />
                <line number="80" hits="0" branch="False" />
                <line number="81" hits="0" branch="False" />
                <line number="82" hits="1" branch="True" condition-coverage="50% (1/2)">
                  <conditions>
                    <condition number="197" type="jump" coverage="50%" />
                  </conditions>
                </line>
                <line number="83" hits="0" branch="False" />
                <line number="84" hits="0" branch="False" />
                <line number="85" hits="0" branch="False" />
                <line number="87" hits="1" branch="True" condition-coverage="50% (3/6)">
                  <conditions>
                    <condition number="225" type="jump" coverage="50%" />
                    <condition number="233" type="jump" coverage="50%" />
                    <condition number="261" type="jump" coverage="50%" />
                  </conditions>
                </line>
                <line number="88" hits="0" branch="False" />
                <line number="89" hits="0" branch="False" />
                <line number="92" hits="1" branch="True" condition-coverage="50% (1/2)">
                  <conditions>
                    <condition number="290" type="jump" coverage="50%" />
                  </conditions>
                </line>
                <line number="93" hits="0" branch="False" />
                <line number="94" hits="0" branch="False" />
                <line number="95" hits="0" branch="False" />
                <line number="97" hits="1" branch="False" />
                <line number="98" hits="1" branch="False" />
              </lines>
            </method>
            <method name="Shipping" signature="(System.String,System.Decimal)" line-rate="1" branch-rate="1" complexity="12">
              <lines>
                <line number="110" hits="7" branch="False" />
                <line number="111" hits="7" branch="False" />
                <line number="112" hits="7" branch="True" condition-coverage="100% (8/8)">
                  <conditions>
                    <condition number="30" type="jump" coverage="100%" />
                    <condition number="43" type="jump" coverage="100%" />
                    <condition number="56" type="jump" coverage="100%" />
                    <condition number="69" type="jump" coverage="100%" />
                  </conditions>
                </line>
                <line number="115" hits="2" branch="True" condition-coverage="100% (2/2)">
                  <conditions>
                    <condition number="74" type="jump" coverage="100%" />
                  </conditions>
                </line>
                <line number="117" hits="2" branch="True" condition-coverage="100% (2/2)">
                  <conditions>
                    <condition number="104" type="jump" coverage="100%" />
                  </conditions>
                </line>
                <line number="119" hits="1" branch="False" />
                <line number="121" hits="1" branch="False" />
                <line number="123" hits="1" branch="False" />
                <line number="125" hits="6" branch="False" />
              </lines>
            </method>
            <method name="WithVat" signature="(System.Decimal,System.String)" line-rate="1" branch-rate="0.5" complexity="2">
              <lines>
                <line number="136" hits="1" branch="True" condition-coverage="50% (1/2)">
                  <conditions>
                    <condition number="11" type="jump" coverage="50%" />
                  </conditions>
                </line>
              </lines>
            </method>
            <method name="AtLeast" signature="(System.Decimal,System.Decimal)" line-rate="1" branch-rate="0.5" complexity="2">
              <lines>
                <line number="148" hits="1" branch="False" />
                <line number="149" hits="1" branch="True" condition-coverage="50% (1/2)">
                  <conditions>
                    <condition number="10" type="jump" coverage="50%" />
                  </conditions>
                </line>
                <line number="150" hits="1" branch="False" />
                <line number="151" hits="1" branch="False" />
              </lines>
            </method>
            <method name="InvoiceNumber" signature="(System.Int32,System.Int32)" line-rate="0" branch-rate="1" complexity="1">
              <lines>
                <line number="157" hits="0" branch="False" />
              </lines>
            </method>
          </methods>
          <lines>
            <line number="57" hits="1" branch="False" />
            <line number="58" hits="1" branch="False" />
            <line number="60" hits="1" branch="True" condition-coverage="50% (1/2)">
              <conditions>
                <condition number="14" type="jump" coverage="50%" />
              </conditions>
            </line>
            <line number="61" hits="1" branch="False" />
            <line number="62" hits="1" branch="False" />
            <line number="63" hits="1" branch="False" />
            <line number="64" hits="0" branch="True" condition-coverage="0% (0/2)">
              <conditions>
                <condition number="49" type="jump" coverage="0%" />
              </conditions>
            </line>
            <line number="65" hits="0" branch="False" />
            <line number="66" hits="0" branch="False" />
            <line number="67" hits="0" branch="False" />
            <line number="68" hits="0" branch="True" condition-coverage="50% (1/2)">
              <conditions>
                <condition number="84" type="jump" coverage="50%" />
              </conditions>
            </line>
            <line number="69" hits="0" branch="False" />
            <line number="70" hits="0" branch="False" />
            <line number="71" hits="0" branch="False" />
            <line number="73" hits="1" branch="True" condition-coverage="50% (2/4)">
              <conditions>
                <condition number="112" type="jump" coverage="50%" />
                <condition number="133" type="jump" coverage="50%" />
              </conditions>
            </line>
            <line number="74" hits="0" branch="False" />
            <line number="75" hits="0" branch="False" />
            <line number="76" hits="0" branch="False" />
            <line number="78" hits="1" branch="True" condition-coverage="50% (1/2)">
              <conditions>
                <condition number="162" type="jump" coverage="50%" />
              </conditions>
            </line>
            <line number="79" hits="0" branch="False" />
            <line number="80" hits="0" branch="False" />
            <line number="81" hits="0" branch="False" />
            <line number="82" hits="1" branch="True" condition-coverage="50% (1/2)">
              <conditions>
                <condition number="197" type="jump" coverage="50%" />
              </conditions>
            </line>
            <line number="83" hits="0" branch="False" />
            <line number="84" hits="0" branch="False" />
            <line number="85" hits="0" branch="False" />
            <line number="87" hits="1" branch="True" condition-coverage="50% (3/6)">
              <conditions>
                <condition number="225" type="jump" coverage="50%" />
                <condition number="233" type="jump" coverage="50%" />
                <condition number="261" type="jump" coverage="50%" />
              </conditions>
            </line>
            <line number="88" hits="0" branch="False" />
            <line number="89" hits="0" branch="False" />
            <line number="92" hits="1" branch="True" condition-coverage="50% (1/2)">
              <conditions>
                <condition number="290" type="jump" coverage="50%" />
              </conditions>
            </line>
            <line number="93" hits="0" branch="False" />
            <line number="94" hits="0" branch="False" />
            <line number="95" hits="0" branch="False" />
            <line number="97" hits="1" branch="False" />
            <line number="98" hits="1" branch="False" />
            <line number="110" hits="7" branch="False" />
            <line number="111" hits="7" branch="False" />
            <line number="112" hits="7" branch="True" condition-coverage="100% (8/8)">
              <conditions>
                <condition number="30" type="jump" coverage="100%" />
                <condition number="43" type="jump" coverage="100%" />
                <condition number="56" type="jump" coverage="100%" />
                <condition number="69" type="jump" coverage="100%" />
              </conditions>
            </line>
            <line number="115" hits="2" branch="True" condition-coverage="100% (2/2)">
              <conditions>
                <condition number="74" type="jump" coverage="100%" />
              </conditions>
            </line>
            <line number="117" hits="2" branch="True" condition-coverage="100% (2/2)">
              <conditions>
                <condition number="104" type="jump" coverage="100%" />
              </conditions>
            </line>
            <line number="119" hits="1" branch="False" />
            <line number="121" hits="1" branch="False" />
            <line number="123" hits="1" branch="False" />
            <line number="125" hits="6" branch="False" />
            <line number="136" hits="1" branch="True" condition-coverage="50% (1/2)">
              <conditions>
                <condition number="11" type="jump" coverage="50%" />
              </conditions>
            </line>
            <line number="148" hits="1" branch="False" />
            <line number="149" hits="1" branch="True" condition-coverage="50% (1/2)">
              <conditions>
                <condition number="10" type="jump" coverage="50%" />
              </conditions>
            </line>
            <line number="150" hits="1" branch="False" />
            <line number="151" hits="1" branch="False" />
            <line number="157" hits="0" branch="False" />
          </lines>
        </class>
      </classes>
    </package>
  </packages>
</coverage>