{"meta": {"format": 3, "version": "7.15.4", "timestamp": "2026-09-17T09:41:57.585453", "branch_coverage": true, "show_contexts": false}, "files": {"ledger\\__init__.py": {"executed_lines": [10, 12], "summary": {"covered_lines": 2, "num_statements": 2, "percent_covered": 100.0, "percent_covered_display": "100", "missing_lines": 0, "excluded_lines": 0, "percent_statements_covered": 100.0, "percent_statements_covered_display": "100", "num_branches": 0, "num_partial_branches": 0, "covered_branches": 0, "missing_branches": 0, "percent_branches_covered": 100.0, "percent_branches_covered_display": "100"}, "missing_lines": [], "excluded_lines": [], "executed_branches": [], "missing_branches": [], "functions": {"": {"executed_lines": [10, 12], "summary": {"covered_lines": 2, "num_statements": 2, "percent_covered": 100.0, "percent_covered_display": "100", "missing_lines": 0, "excluded_lines": 0, "percent_statements_covered": 100.0, "percent_statements_covered_display": "100", "num_branches": 0, "num_partial_branches": 0, "covered_branches": 0, "missing_branches": 0, "percent_branches_covered": 100.0, "percent_branches_covered_display": "100"}, "missing_lines": [], "excluded_lines": [], "start_line": 1, "executed_branches": [], "missing_branches": []}}, "classes": {"": {"executed_lines": [10, 12], "summary": {"covered_lines": 2, "num_statements": 2, "percent_covered": 100.0, "percent_covered_display": "100", "missing_lines": 0, "excluded_lines": 0, "percent_statements_covered": 100.0, "percent_statements_covered_display": "100", "num_branches": 0, "num_partial_branches": 0, "covered_branches": 0, "missing_branches": 0, "percent_branches_covered": 100.0, "percent_branches_covered_display": "100"}, "missing_lines": [], "excluded_lines": [], "start_line": 1, "executed_branches": [], "missing_branches": []}}}, "ledger\\ledger.py": {"executed_lines": [14, 18, 21, 24, 26, 28, 39, 41, 42, 43, 44, 45, 47, 53, 54, 55, 56, 57, 59, 67, 68, 69, 70, 71, 72, 75, 86, 99], "summary": {"covered_lines": 28, "num_statements": 42, "percent_covered": 62.5, "percent_covered_display": "62", "missing_lines": 14, "excluded_lines": 7, "percent_statements_covered": 66.66666666666667, "percent_statements_covered_display": "67", "num_branches": 22, "num_partial_branches": 2, "covered_branches": 12, "missing_branches": 10, "percent_branches_covered": 54.54545454545455, "percent_branches_covered_display": "55"}, "missing_lines": [40, 73, 82, 83, 84, 93, 94, 95, 96, 97, 105, 106, 107, 108], "excluded_lines": [110, 111, 112, 113, 114, 115, 116], "executed_branches": [[39, 41], [41, 42], [41, 43], [54, 55], [54, 57], [55, 54], [55, 56], [67, 68], [67, 69], [69, 70], [69, 71], [71, 72]], "missing_branches": [[39, 40], [71, 73], [82, 83], [82, 84], [94, 95], [94, 97], [95, 94], [95, 96], [106, 107], [106, 108]], "functions": {"Ledger.__init__": {"executed_lines": [24, 26], "summary": {"covered_lines": 2, "num_statements": 2, "percent_covered": 100.0, "percent_covered_display": "100", "missing_lines": 0, "excluded_lines": 0, "percent_statements_covered": 100.0, "percent_statements_covered_display": "100", "num_branches": 0, "num_partial_branches": 0, "covered_branches": 0, "missing_branches": 0, "percent_branches_covered": 100.0, "percent_branches_covered_display": "100"}, "missing_lines": [], "excluded_lines": [], "start_line": 21, "executed_branches": [], "missing_branches": []}, "Ledger.post": {"executed_lines": [39, 41, 42, 43, 44, 45], "summary": {"covered_lines": 6, "num_statements": 7, "percent_covered": 81.81818181818181, "percent_covered_display": "82", "missing_lines": 1, "excluded_lines": 0, "percent_statements_covered": 85.71428571428571, "percent_statements_covered_display": "86", "num_branches": 4, "num_partial_branches": 1, "covered_branches": 3, "missing_branches": 1, "percent_branches_covered": 75.0, "percent_branches_covered_display": "75"}, "missing_lines": [40], "excluded_lines": [], "start_line": 28, "executed_branches": [[39, 41], [41, 42], [41, 43]], "missing_branches": [[39, 40]]}, "Ledger.balance": {"executed_lines": [53, 54, 55, 56, 57], "summary": {"covered_lines": 5, "num_statements": 5, "percent_covered": 100.0, "percent_covered_display": "100", "missing_lines": 0, "excluded_lines": 0, "percent_statements_covered": 100.0, "percent_statements_covered_display": "100", "num_branches": 4, "num_partial_branches": 0, "covered_branches": 4, "missing_branches": 0, "percent_branches_covered": 100.0, "percent_branches_covered_display": "100"}, "missing_lines": [], "excluded_lines": [], "start_line": 47, "executed_branches": [[54, 55], [54, 57], [55, 54], [55, 56]], "missing_branches": []}, "Ledger.classify": {"executed_lines": [67, 68, 69, 70, 71, 72], "summary": {"covered_lines": 6, "num_statements": 7, "percent_covered": 84.61538461538461, "percent_covered_display": "85", "missing_lines": 1, "excluded_lines": 0, "percent_statements_covered": 85.71428571428571, "percent_statements_covered_display": "86", "num_branches": 6, "num_partial_branches": 1, "covered_branches": 5, "missing_branches": 1, "percent_branches_covered": 83.33333333333333, "percent_branches_covered_display": "83"}, "missing_lines": [73], "excluded_lines": [], "start_line": 59, "executed_branches": [[67, 68], [67, 69], [69, 70], [69, 71], [71, 72]], "missing_branches": [[71, 73]]}, "Ledger.close": {"executed_lines": [], "summary": {"covered_lines": 0, "num_statements": 3, "percent_covered": 0.0, "percent_covered_display": "0", "missing_lines": 3, "excluded_lines": 0, "percent_statements_covered": 0.0, "percent_statements_covered_display": "0", "num_branches": 2, "num_partial_branches": 0, "covered_branches": 0, "missing_branches": 2, "percent_branches_covered": 0.0, "percent_branches_covered_display": "0"}, "missing_lines": [82, 83, 84], "excluded_lines": [], "start_line": 75, "executed_branches": [], "missing_branches": [[82, 83], [82, 84]]}, "Ledger.memo_index": {"executed_lines": [], "summary": {"covered_lines": 0, "num_statements": 5, "percent_covered": 0.0, "percent_covered_display": "0", "missing_lines": 5, "excluded_lines": 0, "percent_statements_covered": 0.0, "percent_statements_covered_display": "0", "num_branches": 4, "num_partial_branches": 0, "covered_branches": 0, "missing_branches": 4, "percent_branches_covered": 0.0, "percent_branches_covered_display": "0"}, "missing_lines": [93, 94, 95, 96, 97], "excluded_lines": [], "start_line": 86, "executed_branches": [], "missing_branches": [[94, 95], [94, 97], [95, 94], [95, 96]]}, "Ledger.export_csv": {"executed_lines": [], "summary": {"covered_lines": 0, "num_statements": 4, "percent_covered": 0.0, "percent_covered_display": "0", "missing_lines": 4, "excluded_lines": 0, "percent_statements_covered": 0.0, "percent_statements_covered_display": "0", "num_branches": 2, "num_partial_branches": 0, "covered_branches": 0, "missing_branches": 2, "percent_branches_covered": 0.0, "percent_branches_covered_display": "0"}, "missing_lines": [105, 106, 107, 108], "excluded_lines": [], "start_line": 99, "executed_branches": [], "missing_branches": [[106, 107], [106, 108]]}, "Ledger.debug_dump": {"executed_lines": [], "summary": {"covered_lines": 0, "num_statements": 0, "percent_covered": 100.0, "percent_covered_display": "100", "missing_lines": 0, "excluded_lines": 6, "percent_statements_covered": 100.0, "percent_statements_covered_display": "100", "num_branches": 0, "num_partial_branches": 0, "covered_branches": 0, "missing_branches": 0, "percent_branches_covered": 100.0, "percent_branches_covered_display": "100"}, "missing_lines": [], "excluded_lines": [111, 112, 113, 114, 115, 116], "start_line": 110, "executed_branches": [], "missing_branches": []}, "": {"executed_lines": [14, 18, 21, 28, 47, 59, 75, 86, 99], "summary": {"covered_lines": 9, "num_statements": 9, "percent_covered": 100.0, "percent_covered_display": "100", "missing_lines": 0, "excluded_lines": 1, "percent_statements_covered": 100.0, "percent_statements_covered_display": "100", "num_branches": 0, "num_partial_branches": 0, "covered_branches": 0, "missing_branches": 0, "percent_branches_covered": 100.0, "percent_branches_covered_display": "100"}, "missing_lines": [], "excluded_lines": [110], "start_line": 1, "executed_branches": [], "missing_branches": []}}, "classes": {"LedgerError": {"executed_lines": [], "summary": {"covered_lines": 0, "num_statements": 0, "percent_covered": 100.0, "percent_covered_display": "100", "missing_lines": 0, "excluded_lines": 0, "percent_statements_covered": 100.0, "percent_statements_covered_display": "100", "num_branches": 0, "num_partial_branches": 0, "covered_branches": 0, "missing_branches": 0, "percent_branches_covered": 100.0, "percent_branches_covered_display": "100"}, "missing_lines": [], "excluded_lines": [], "start_line": 14, "executed_branches": [], "missing_branches": []}, "Ledger": {"executed_lines": [24, 26, 39, 41, 42, 43, 44, 45, 53, 54, 55, 56, 57, 67, 68, 69, 70, 71, 72], "summary": {"covered_lines": 19, "num_statements": 33, "percent_covered": 56.36363636363637, "percent_covered_display": "56", "missing_lines": 14, "excluded_lines": 6, "percent_statements_covered": 57.57575757575758, "percent_statements_covered_display": "58", "num_branches": 22, "num_partial_branches": 2, "covered_branches": 12, "missing_branches": 10, "percent_branches_covered": 54.54545454545455, "percent_branches_covered_display": "55"}, "missing_lines": [40, 73, 82, 83, 84, 93, 94, 95, 96, 97, 105, 106, 107, 108], "excluded_lines": [111, 112, 113, 114, 115, 116], "start_line": 18, "executed_branches": [[39, 41], [41, 42], [41, 43], [54, 55], [54, 57], [55, 54], [55, 56], [67, 68], [67, 69], [69, 70], [69, 71], [71, 72]], "missing_branches": [[39, 40], [71, 73], [82, 83], [82, 84], [94, 95], [94, 97], [95, 94], [95, 96], [106, 107], [106, 108]]}, "": {"executed_lines": [14, 18, 21, 28, 47, 59, 75, 86, 99], "summary": {"covered_lines": 9, "num_statements": 9, "percent_covered": 100.0, "percent_covered_display": "100", "missing_lines": 0, "excluded_lines": 1, "percent_statements_covered": 100.0, "percent_statements_covered_display": "100", "num_branches": 0, "num_partial_branches": 0, "covered_branches": 0, "missing_branches": 0, "percent_branches_covered": 100.0, "percent_branches_covered_display": "100"}, "missing_lines": [], "excluded_lines": [110], "start_line": 1, "executed_branches": [], "missing_branches": []}}}, "ledger\\reconcile.py": {"executed_lines": [16, 30, 48, 63], "summary": {"covered_lines": 4, "num_statements": 27, "percent_covered": 10.256410256410257, "percent_covered_display": "10", "missing_lines": 23, "excluded_lines": 0, "percent_statements_covered": 14.814814814814815, "percent_statements_covered_display": "15", "num_branches": 12, "num_partial_branches": 0, "covered_branches": 0, "missing_branches": 12, "percent_branches_covered": 0.0, "percent_branches_covered_display": "0"}, "missing_lines": [24, 25, 26, 27, 39, 40, 41, 42, 44, 45, 56, 57, 58, 59, 60, 72, 73, 74, 75, 76, 77, 78, 79], "excluded_lines": [], "executed_branches": [], "missing_branches": [[39, 40], [39, 44], [40, 39], [40, 41], [57, 58], [57, 60], [72, 73], [72, 74], [75, 76], [75, 79], [77, 75], [77, 78]], "functions": {"parse_amount": {"executed_lines": [], "summary": {"covered_lines": 0, "num_statements": 4, "percent_covered": 0.0, "percent_covered_display": "0", "missing_lines": 4, "excluded_lines": 0, "percent_statements_covered": 0.0, "percent_statements_covered_display": "0", "num_branches": 0, "num_partial_branches": 0, "covered_branches": 0, "missing_branches": 0, "percent_branches_covered": 100.0, "percent_branches_covered_display": "100"}, "missing_lines": [24, 25, 26, 27], "excluded_lines": [], "start_line": 16, "executed_branches": [], "missing_branches": []}, "find_entry": {"executed_lines": [], "summary": {"covered_lines": 0, "num_statements": 6, "percent_covered": 0.0, "percent_covered_display": "0", "missing_lines": 6, "excluded_lines": 0, "percent_statements_covered": 0.0, "percent_statements_covered_display": "0", "num_branches": 4, "num_partial_branches": 0, "covered_branches": 0, "missing_branches": 4, "percent_branches_covered": 0.0, "percent_branches_covered_display": "0"}, "missing_lines": [39, 40, 41, 42, 44, 45], "excluded_lines": [], "start_line": 30, "executed_branches": [], "missing_branches": [[39, 40], [39, 44], [40, 39], [40, 41]]}, "settle": {"executed_lines": [], "summary": {"covered_lines": 0, "num_statements": 5, "percent_covered": 0.0, "percent_covered_display": "0", "missing_lines": 5, "excluded_lines": 0, "percent_statements_covered": 0.0, "percent_statements_covered_display": "0", "num_branches": 2, "num_partial_branches": 0, "covered_branches": 0, "missing_branches": 2, "percent_branches_covered": 0.0, "percent_branches_covered_display": "0"}, "missing_lines": [56, 57, 58, 59, 60], "excluded_lines": [], "start_line": 48, "executed_branches": [], "missing_branches": [[57, 58], [57, 60]]}, "unmatched": {"executed_lines": [], "summary": {"covered_lines": 0, "num_statements": 8, "percent_covered": 0.0, "percent_covered_display": "0", "missing_lines": 8, "excluded_lines": 0, "percent_statements_covered": 0.0, "percent_statements_covered_display": "0", "num_branches": 6, "num_partial_branches": 0, "covered_branches": 0, "missing_branches": 6, "percent_branches_covered": 0.0, "percent_branches_covered_display": "0"}, "missing_lines": [72, 73, 74, 75, 76, 77, 78, 79], "excluded_lines": [], "start_line": 63, "executed_branches": [], "missing_branches": [[72, 73], [72, 74], [75, 76], [75, 79], [77, 75], [77, 78]]}, "": {"executed_lines": [16, 30, 48, 63], "summary": {"covered_lines": 4, "num_statements": 4, "percent_covered": 100.0, "percent_covered_display": "100", "missing_lines": 0, "excluded_lines": 0, "percent_statements_covered": 100.0, "percent_statements_covered_display": "100", "num_branches": 0, "num_partial_branches": 0, "covered_branches": 0, "missing_branches": 0, "percent_branches_covered": 100.0, "percent_branches_covered_display": "100"}, "missing_lines": [], "excluded_lines": [], "start_line": 1, "executed_branches": [], "missing_branches": []}}, "classes": {"": {"executed_lines": [16, 30, 48, 63], "summary": {"covered_lines": 4, "num_statements": 27, "percent_covered": 10.256410256410257, "percent_covered_display": "10", "missing_lines": 23, "excluded_lines": 0, "percent_statements_covered": 14.814814814814815, "percent_statements_covered_display": "15", "num_branches": 12, "num_partial_branches": 0, "covered_branches": 0, "missing_branches": 12, "percent_branches_covered": 0.0, "percent_branches_covered_display": "0"}, "missing_lines": [24, 25, 26, 27, 39, 40, 41, 42, 44, 45, 56, 57, 58, 59, 60, 72, 73, 74, 75, 76, 77, 78, 79], "excluded_lines": [], "start_line": 1, "executed_branches": [], "missing_branches": [[39, 40], [39, 44], [40, 39], [40, 41], [57, 58], [57, 60], [72, 73], [72, 74], [75, 76], [75, 79], [77, 75], [77, 78]]}}}}, "totals": {"covered_lines": 34, "num_statements": 71, "percent_covered": 43.80952380952381, "percent_covered_display": "44", "missing_lines": 37, "excluded_lines": 7, "percent_statements_covered": 47.88732394366197, "percent_statements_covered_display": "48", "num_branches": 34, "num_partial_branches": 2, "covered_branches": 12, "missing_branches": 22, "percent_branches_covered": 35.294117647058826, "percent_branches_covered_display": "35"}}