{"meta": {"format": 3, "version": "7.15.4", "timestamp": "2026-09-17T09:41:59.169878", "branch_coverage": true, "show_contexts": false}, "files": {"ledger\\__init__.py": {"executed_lines": [10, 12], "summary": {"covered_lines": 2, "num_statements": 2, "percent_covered": 100.0, "percent_covered_display": "100", "missing_lines": 0, "excluded_lines": 0, "percent_statements_covered": 100.0, "percent_statements_covered_display": "100", "num_branches": 0, "num_partial_branches": 0, "covered_branches": 0, "missing_branches": 0, "percent_branches_covered": 100.0, "percent_branches_covered_display": "100"}, "missing_lines": [], "excluded_lines": [], "executed_branches": [], "missing_branches": [], "functions": {"": {"executed_lines": [10, 12], "summary": {"covered_lines": 2, "num_statements": 2, "percent_covered": 100.0, "percent_covered_display": "100", "missing_lines": 0, "excluded_lines": 0, "percent_statements_covered": 100.0, "percent_statements_covered_display": "100", "num_branches": 0, "num_partial_branches": 0, "covered_branches": 0, "missing_branches": 0, "percent_branches_covered": 100.0, "percent_branches_covered_display": "100"}, "missing_lines": [], "excluded_lines": [], "start_line": 1, "executed_branches": [], "missing_branches": []}}, "classes": {"": {"executed_lines": [10, 12], "summary": {"covered_lines": 2, "num_statements": 2, "percent_covered": 100.0, "percent_covered_display": "100", "missing_lines": 0, "excluded_lines": 0, "percent_statements_covered": 100.0, "percent_statements_covered_display": "100", "num_branches": 0, "num_partial_branches": 0, "covered_branches": 0, "missing_branches": 0, "percent_branches_covered": 100.0, "percent_branches_covered_display": "100"}, "missing_lines": [], "excluded_lines": [], "start_line": 1, "executed_branches": [], "missing_branches": []}}}, "ledger\\ledger.py": {"executed_lines": [14, 18, 21, 24, 26, 28, 39, 41, 43, 44, 45, 47, 59, 75, 86, 99], "summary": {"covered_lines": 16, "num_statements": 42, "percent_covered": 28.125, "percent_covered_display": "28", "missing_lines": 26, "excluded_lines": 7, "percent_statements_covered": 38.095238095238095, "percent_statements_covered_display": "38", "num_branches": 22, "num_partial_branches": 2, "covered_branches": 2, "missing_branches": 20, "percent_branches_covered": 9.090909090909092, "percent_branches_covered_display": "9"}, "missing_lines": [40, 42, 53, 54, 55, 56, 57, 67, 68, 69, 70, 71, 72, 73, 82, 83, 84, 93, 94, 95, 96, 97, 105, 106, 107, 108], "excluded_lines": [110, 111, 112, 113, 114, 115, 116], "executed_branches": [[39, 41], [41, 43]], "missing_branches": [[39, 40], [41, 42], [54, 55], [54, 57], [55, 54], [55, 56], [67, 68], [67, 69], [69, 70], [69, 71], [71, 72], [71, 73], [82, 83], [82, 84], [94, 95], [94, 97], [95, 94], [95, 96], [106, 107], [106, 108]], "functions": {"Ledger.__init__": {"executed_lines": [24, 26], "summary": {"covered_lines": 2, "num_statements": 2, "percent_covered": 100.0, "percent_covered_display": "100", "missing_lines": 0, "excluded_lines": 0, "percent_statements_covered": 100.0, "percent_statements_covered_display": "100", "num_branches": 0, "num_partial_branches": 0, "covered_branches": 0, "missing_branches": 0, "percent_branches_covered": 100.0, "percent_branches_covered_display": "100"}, "missing_lines": [], "excluded_lines": [], "start_line": 21, "executed_branches": [], "missing_branches": []}, "Ledger.post": {"executed_lines": [39, 41, 43, 44, 45], "summary": {"covered_lines": 5, "num_statements": 7, "percent_covered": 63.63636363636363, "percent_covered_display": "64", "missing_lines": 2, "excluded_lines": 0, "percent_statements_covered": 71.42857142857143, "percent_statements_covered_display": "71", "num_branches": 4, "num_partial_branches": 2, "covered_branches": 2, "missing_branches": 2, "percent_branches_covered": 50.0, "percent_branches_covered_display": "50"}, "missing_lines": [40, 42], "excluded_lines": [], "start_line": 28, "executed_branches": [[39, 41], [41, 43]], "missing_branches": [[39, 40], [41, 42]]}, "Ledger.balance": {"executed_lines": [], "summary": {"covered_lines": 0, "num_statements": 5, "percent_covered": 0.0, "percent_covered_display": "0", "missing_lines": 5, "excluded_lines": 0, "percent_statements_covered": 0.0, "percent_statements_covered_display": "0", "num_branches": 4, "num_partial_branches": 0, "covered_branches": 0, "missing_branches": 4, "percent_branches_covered": 0.0, "percent_branches_covered_display": "0"}, "missing_lines": [53, 54, 55, 56, 57], "excluded_lines": [], "start_line": 47, "executed_branches": [], "missing_branches": [[54, 55], [54, 57], [55, 54], [55, 56]]}, "Ledger.classify": {"executed_lines": [], "summary": {"covered_lines": 0, "num_statements": 7, "percent_covered": 0.0, "percent_covered_display": "0", "missing_lines": 7, "excluded_lines": 0, "percent_statements_covered": 0.0, "percent_statements_covered_display": "0", "num_branches": 6, "num_partial_branches": 0, "covered_branches": 0, "missing_branches": 6, "percent_branches_covered": 0.0, "percent_branches_covered_display": "0"}, "missing_lines": [67, 68, 69, 70, 71, 72, 73], "excluded_lines": [], "start_line": 59, "executed_branches": [], "missing_branches": [[67, 68], [67, 69], [69, 70], [69, 71], [71, 72], [71, 73]]}, "Ledger.close": {"executed_lines": [], "summary": {"covered_lines": 0, "num_statements": 3, "percent_covered": 0.0, "percent_covered_display": "0", "missing_lines": 3, "excluded_lines": 0, "percent_statements_covered": 0.0, "percent_statements_covered_display": "0", "num_branches": 2, "num_partial_branches": 0, "covered_branches": 0, "missing_branches": 2, "percent_branches_covered": 0.0, "percent_branches_covered_display": "0"}, "missing_lines": [82, 83, 84], "excluded_lines": [], "start_line": 75, "executed_branches": [], "missing_branches": [[82, 83], [82, 84]]}, "Ledger.memo_index": {"executed_lines": [], "summary": {"covered_lines": 0, "num_statements": 5, "percent_covered": 0.0, "percent_covered_display": "0", "missing_lines": 5, "excluded_lines": 0, "percent_statements_covered": 0.0, "percent_statements_covered_display": "0", "num_branches": 4, "num_partial_branches": 0, "covered_branches": 0, "missing_branches": 4, "percent_branches_covered": 0.0, "percent_branches_covered_display": "0"}, "missing_lines": [93, 94, 95, 96, 97], "excluded_lines": [], "start_line": 86, "executed_branches": [], "missing_branches": [[94, 95], [94, 97], [95, 94], [95, 96]]}, "Ledger.export_csv": {"executed_lines": [], "summary": {"covered_lines": 0, "num_statements": 4, "percent_covered": 0.0, "percent_covered_display": "0", "missing_lines": 4, "excluded_lines": 0, "percent_statements_covered": 0.0, "percent_statements_covered_display": "0", "num_branches": 2, "num_partial_branches": 0, "covered_branches": 0, "missing_branches": 2, "percent_branches_covered": 0.0, "percent_branches_covered_display": "0"}, "missing_lines": [105, 106, 107, 108], "excluded_lines": [], "start_line": 99, "executed_branches": [], "missing_branches": [[106, 107], [106, 108]]}, "Ledger.debug_dump": {"executed_lines": [], "summary": {"covered_lines": 0, "num_statements": 0, "percent_covered": 100.0, "percent_covered_display": "100", "missing_lines": 0, "excluded_lines": 6, "percent_statements_covered": 100.0, "percent_statements_covered_display": "100", "num_branches": 0, "num_partial_branches": 0, "covered_branches": 0, "missing_branches": 0, "percent_branches_covered": 100.0, "percent_branches_covered_display": "100"}, "missing_lines": [], "excluded_lines": [111, 112, 113, 114, 115, 116], "start_line": 110, "executed_branches": [], "missing_branches": []}, "": {"executed_lines": [14, 18, 21, 28, 47, 59, 75, 86, 99], "summary": {"covered_lines": 9, "num_statements": 9, "percent_covered": 100.0, "percent_covered_display": "100", "missing_lines": 0, "excluded_lines": 1, "percent_statements_covered": 100.0, "percent_statements_covered_display": "100", "num_branches": 0, "num_partial_branches": 0, "covered_branches": 0, "missing_branches": 0, "percent_branches_covered": 100.0, "percent_branches_covered_display": "100"}, "missing_lines": [], "excluded_lines": [110], "start_line": 1, "executed_branches": [], "missing_branches": []}}, "classes": {"LedgerError": {"executed_lines": [], "summary": {"covered_lines": 0, "num_statements": 0, "percent_covered": 100.0, "percent_covered_display": "100", "missing_lines": 0, "excluded_lines": 0, "percent_statements_covered": 100.0, "percent_statements_covered_display": "100", "num_branches": 0, "num_partial_branches": 0, "covered_branches": 0, "missing_branches": 0, "percent_branches_covered": 100.0, "percent_branches_covered_display": "100"}, "missing_lines": [], "excluded_lines": [], "start_line": 14, "executed_branches": [], "missing_branches": []}, "Ledger": {"executed_lines": [24, 26, 39, 41, 43, 44, 45], "summary": {"covered_lines": 7, "num_statements": 33, "percent_covered": 16.363636363636363, "percent_covered_display": "16", "missing_lines": 26, "excluded_lines": 6, "percent_statements_covered": 21.21212121212121, "percent_statements_covered_display": "21", "num_branches": 22, "num_partial_branches": 2, "covered_branches": 2, "missing_branches": 20, "percent_branches_covered": 9.090909090909092, "percent_branches_covered_display": "9"}, "missing_lines": [40, 42, 53, 54, 55, 56, 57, 67, 68, 69, 70, 71, 72, 73, 82, 83, 84, 93, 94, 95, 96, 97, 105, 106, 107, 108], "excluded_lines": [111, 112, 113, 114, 115, 116], "start_line": 18, "executed_branches": [[39, 41], [41, 43]], "missing_branches": [[39, 40], [41, 42], [54, 55], [54, 57], [55, 54], [55, 56], [67, 68], [67, 69], [69, 70], [69, 71], [71, 72], [71, 73], [82, 83], [82, 84], [94, 95], [94, 97], [95, 94], [95, 96], [106, 107], [106, 108]]}, "": {"executed_lines": [14, 18, 21, 28, 47, 59, 75, 86, 99], "summary": {"covered_lines": 9, "num_statements": 9, "percent_covered": 100.0, "percent_covered_display": "100", "missing_lines": 0, "excluded_lines": 1, "percent_statements_covered": 100.0, "percent_statements_covered_display": "100", "num_branches": 0, "num_partial_branches": 0, "covered_branches": 0, "missing_branches": 0, "percent_branches_covered": 100.0, "percent_branches_covered_display": "100"}, "missing_lines": [], "excluded_lines": [110], "start_line": 1, "executed_branches": [], "missing_branches": []}}}, "ledger\\reconcile.py": {"executed_lines": [16, 24, 25, 30, 39, 40, 41, 42, 45, 48, 56, 57, 60, 63, 72, 74, 75, 76, 77, 79], "summary": {"covered_lines": 20, "num_statements": 27, "percent_covered": 71.7948717948718, "percent_covered_display": "72", "missing_lines": 7, "excluded_lines": 0, "percent_statements_covered": 74.07407407407408, "percent_statements_covered_display": "74", "num_branches": 12, "num_partial_branches": 4, "covered_branches": 8, "missing_branches": 4, "percent_branches_covered": 66.66666666666667, "percent_branches_covered_display": "67"}, "missing_lines": [26, 27, 44, 58, 59, 73, 78], "excluded_lines": [], "executed_branches": [[39, 40], [40, 39], [40, 41], [57, 60], [72, 74], [75, 76], [75, 79], [77, 75]], "missing_branches": [[39, 44], [57, 58], [72, 73], [77, 78]], "functions": {"parse_amount": {"executed_lines": [24, 25], "summary": {"covered_lines": 2, "num_statements": 4, "percent_covered": 50.0, "percent_covered_display": "50", "missing_lines": 2, "excluded_lines": 0, "percent_statements_covered": 50.0, "percent_statements_covered_display": "50", "num_branches": 0, "num_partial_branches": 0, "covered_branches": 0, "missing_branches": 0, "percent_branches_covered": 100.0, "percent_branches_covered_display": "100"}, "missing_lines": [26, 27], "excluded_lines": [], "start_line": 16, "executed_branches": [], "missing_branches": []}, "find_entry": {"executed_lines": [39, 40, 41, 42, 45], "summary": {"covered_lines": 5, "num_statements": 6, "percent_covered": 80.0, "percent_covered_display": "80", "missing_lines": 1, "excluded_lines": 0, "percent_statements_covered": 83.33333333333333, "percent_statements_covered_display": "83", "num_branches": 4, "num_partial_branches": 1, "covered_branches": 3, "missing_branches": 1, "percent_branches_covered": 75.0, "percent_branches_covered_display": "75"}, "missing_lines": [44], "excluded_lines": [], "start_line": 30, "executed_branches": [[39, 40], [40, 39], [40, 41]], "missing_branches": [[39, 44]]}, "settle": {"executed_lines": [56, 57, 60], "summary": {"covered_lines": 3, "num_statements": 5, "percent_covered": 57.142857142857146, "percent_covered_display": "57", "missing_lines": 2, "excluded_lines": 0, "percent_statements_covered": 60.0, "percent_statements_covered_display": "60", "num_branches": 2, "num_partial_branches": 1, "covered_branches": 1, "missing_branches": 1, "percent_branches_covered": 50.0, "percent_branches_covered_display": "50"}, "missing_lines": [58, 59], "excluded_lines": [], "start_line": 48, "executed_branches": [[57, 60]], "missing_branches": [[57, 58]]}, "unmatched": {"executed_lines": [72, 74, 75, 76, 77, 79], "summary": {"covered_lines": 6, "num_statements": 8, "percent_covered": 71.42857142857143, "percent_covered_display": "71", "missing_lines": 2, "excluded_lines": 0, "percent_statements_covered": 75.0, "percent_statements_covered_display": "75", "num_branches": 6, "num_partial_branches": 2, "covered_branches": 4, "missing_branches": 2, "percent_branches_covered": 66.66666666666667, "percent_branches_covered_display": "67"}, "missing_lines": [73, 78], "excluded_lines": [], "start_line": 63, "executed_branches": [[72, 74], [75, 76], [75, 79], [77, 75]], "missing_branches": [[72, 73], [77, 78]]}, "": {"executed_lines": [16, 30, 48, 63], "summary": {"covered_lines": 4, "num_statements": 4, "percent_covered": 100.0, "percent_covered_display": "100", "missing_lines": 0, "excluded_lines": 0, "percent_statements_covered": 100.0, "percent_statements_covered_display": "100", "num_branches": 0, "num_partial_branches": 0, "covered_branches": 0, "missing_branches": 0, "percent_branches_covered": 100.0, "percent_branches_covered_display": "100"}, "missing_lines": [], "excluded_lines": [], "start_line": 1, "executed_branches": [], "missing_branches": []}}, "classes": {"": {"executed_lines": [16, 24, 25, 30, 39, 40, 41, 42, 45, 48, 56, 57, 60, 63, 72, 74, 75, 76, 77, 79], "summary": {"covered_lines": 20, "num_statements": 27, "percent_covered": 71.7948717948718, "percent_covered_display": "72", "missing_lines": 7, "excluded_lines": 0, "percent_statements_covered": 74.07407407407408, "percent_statements_covered_display": "74", "num_branches": 12, "num_partial_branches": 4, "covered_branches": 8, "missing_branches": 4, "percent_branches_covered": 66.66666666666667, "percent_branches_covered_display": "67"}, "missing_lines": [26, 27, 44, 58, 59, 73, 78], "excluded_lines": [], "start_line": 1, "executed_branches": [[39, 40], [40, 39], [40, 41], [57, 60], [72, 74], [75, 76], [75, 79], [77, 75]], "missing_branches": [[39, 44], [57, 58], [72, 73], [77, 78]]}}}}, "totals": {"covered_lines": 38, "num_statements": 71, "percent_covered": 45.714285714285715, "percent_covered_display": "46", "missing_lines": 33, "excluded_lines": 7, "percent_statements_covered": 53.521126760563384, "percent_statements_covered_display": "54", "num_branches": 34, "num_partial_branches": 6, "covered_branches": 10, "missing_branches": 24, "percent_branches_covered": 29.41176470588235, "percent_branches_covered_display": "29"}}