<?xml version="1.0" encoding="UTF-8"?>
<coverage generated="1789990225742" clover="3.2.0">
  <project timestamp="1789990225742" name="All files">
    <metrics statements="63" coveredstatements="43" conditionals="46" coveredconditionals="23" methods="20" coveredmethods="14" elements="129" coveredelements="80" complexity="0" loc="63" ncloc="63" packages="1" files="3" classes="3"/>
    <file name="catalogue.ts" path="/work/samples/ts/src/catalogue.ts">
      <metrics statements="23" coveredstatements="15" conditionals="7" coveredconditionals="4" methods="9" coveredmethods="5"/>
      <line num="22" count="2" type="stmt"/>
      <line num="30" count="2" type="stmt"/>
      <line num="31" count="3" type="stmt"/>
      <line num="43" count="5" type="cond" truecount="1" falsecount="1"/>
      <line num="54" count="2" type="stmt"/>
      <line num="55" count="2" type="cond" truecount="1" falsecount="1"/>
      <line num="56" count="0" type="stmt"/>
      <line num="58" count="2" type="stmt"/>
      <line num="59" count="2" type="stmt"/>
      <line num="71" count="1" type="stmt"/>
      <line num="72" count="1" type="stmt"/>
      <line num="73" count="1" type="stmt"/>
      <line num="74" count="1" type="stmt"/>
      <line num="76" count="0" type="stmt"/>
      <line num="82" count="0" type="stmt"/>
      <line num="92" count="0" type="stmt"/>
      <line num="93" count="0" type="stmt"/>
      <line num="94" count="0" type="stmt"/>
      <line num="96" count="0" type="stmt"/>
      <line num="110" count="1" type="stmt"/>
      <line num="111" count="2" type="cond" truecount="2" falsecount="0"/>
      <line num="112" count="1" type="stmt"/>
      <line num="115" count="0" type="stmt"/>
    </file>
    <file name="fees.ts" path="/work/samples/ts/src/fees.ts">
      <metrics statements="21" coveredstatements="12" conditionals="23" coveredconditionals="11" methods="2" coveredmethods="2"/>
      <line num="25" count="1" type="cond" truecount="1" falsecount="1"/>
      <line num="26" count="0" type="stmt"/>
      <line num="30" count="1" type="cond" truecount="1" falsecount="1"/>
      <line num="31" count="1" type="stmt"/>
      <line num="32" count="0" type="cond" truecount="0" falsecount="2"/>
      <line num="33" count="0" type="stmt"/>
      <line num="35" count="0" type="stmt"/>
      <line num="38" count="1" type="stmt"/>
      <line num="40" count="1" type="cond" truecount="1" falsecount="1"/>
      <line num="41" count="0" type="stmt"/>
      <line num="42" count="1" type="cond" truecount="1" falsecount="1"/>
      <line num="43" count="0" type="stmt"/>
      <line num="46" count="1" type="cond" truecount="1" falsecount="1"/>
      <line num="47" count="0" type="stmt"/>
      <line num="48" count="1" type="cond" truecount="1" falsecount="1"/>
      <line num="49" count="0" type="stmt"/>
      <line num="52" count="1" type="cond" truecount="2" falsecount="2"/>
      <line num="53" count="0" type="stmt"/>
      <line num="56" count="1" type="cond" truecount="1" falsecount="1"/>
      <line num="57" count="1" type="stmt"/>
      <line num="70" count="2" type="cond" truecount="2" falsecount="1"/>
    </file>
    <file name="loan.ts" path="/work/samples/ts/src/loan.ts">
      <metrics statements="19" coveredstatements="16" conditionals="16" coveredconditionals="8" methods="9" coveredmethods="7"/>
      <line num="38" count="2" type="stmt"/>
      <line num="48" count="0" type="stmt"/>
      <line num="59" count="4" type="cond" truecount="2" falsecount="2"/>
      <line num="61" count="3" type="cond" truecount="2" falsecount="0"/>
      <line num="63" count="1" type="stmt"/>
      <line num="65" count="0" type="cond" truecount="0" falsecount="2"/>
      <line num="67" count="0" type="stmt"/>
      <line num="80" count="2" type="stmt"/>
      <line num="91" count="1" type="cond" truecount="1" falsecount="1"/>
      <line num="105" count="3" type="cond" truecount="2" falsecount="1"/>
      <line num="116" count="1" type="cond" truecount="1" falsecount="1"/>
      <line num="117" count="1" type="stmt"/>
      <line num="118" count="1" type="stmt"/>
      <line num="120" count="1" type="stmt"/>
      <line num="132" count="1" type="stmt"/>
      <line num="143" count="1" type="stmt"/>
      <line num="144" count="1" type="stmt"/>
      <line num="145" count="12000" type="stmt"/>
      <line num="147" count="1" type="stmt"/>
    </file>
  </project>
</coverage>
