{"/work/samples/ts/src/catalogue.ts":{"path":"/work/samples/ts/src/catalogue.ts","statementMap":{"0":{"start":{"line":22,"column":28},"end":{"line":22,"column":null}},"1":{"start":{"line":30,"column":4},"end":{"line":32,"column":null}},"2":{"start":{"line":31,"column":6},"end":{"line":31,"column":null}},"3":{"start":{"line":43,"column":4},"end":{"line":43,"column":null}},"4":{"start":{"line":54,"column":17},"end":{"line":54,"column":null}},"5":{"start":{"line":55,"column":4},"end":{"line":57,"column":null}},"6":{"start":{"line":56,"column":6},"end":{"line":56,"column":null}},"7":{"start":{"line":58,"column":4},"end":{"line":58,"column":null}},"8":{"start":{"line":59,"column":4},"end":{"line":59,"column":null}},"9":{"start":{"line":71,"column":4},"end":{"line":77,"column":null}},"10":{"start":{"line":72,"column":22},"end":{"line":72,"column":null}},"11":{"start":{"line":73,"column":6},"end":{"line":73,"column":null}},"12":{"start":{"line":74,"column":6},"end":{"line":74,"column":null}},"13":{"start":{"line":76,"column":6},"end":{"line":76,"column":null}},"14":{"start":{"line":82,"column":4},"end":{"line":82,"column":null}},"15":{"start":{"line":82,"column":50},"end":{"line":82,"column":61}},"16":{"start":{"line":82,"column":80},"end":{"line":82,"column":85}},"17":{"start":{"line":92,"column":22},"end":{"line":92,"column":null}},"18":{"start":{"line":93,"column":4},"end":{"line":95,"column":null}},"19":{"start":{"line":94,"column":6},"end":{"line":94,"column":null}},"20":{"start":{"line":96,"column":4},"end":{"line":96,"column":null}},"21":{"start":{"line":110,"column":2},"end":{"line":114,"column":null}},"22":{"start":{"line":111,"column":4},"end":{"line":113,"column":null}},"23":{"start":{"line":112,"column":6},"end":{"line":112,"column":null}},"24":{"start":{"line":115,"column":2},"end":{"line":115,"column":null}}},"fnMap":{"0":{"name":"(anonymous_0)","decl":{"start":{"line":29,"column":2},"end":{"line":29,"column":14}},"loc":{"start":{"line":29,"column":43},"end":{"line":33,"column":null}}},"1":{"name":"(anonymous_1)","decl":{"start":{"line":42,"column":2},"end":{"line":42,"column":12}},"loc":{"start":{"line":42,"column":35},"end":{"line":44,"column":null}}},"2":{"name":"(anonymous_2)","decl":{"start":{"line":53,"column":2},"end":{"line":53,"column":7}},"loc":{"start":{"line":53,"column":31},"end":{"line":60,"column":null}}},"3":{"name":"(anonymous_3)","decl":{"start":{"line":70,"column":2},"end":{"line":70,"column":8}},"loc":{"start":{"line":70,"column":68},"end":{"line":78,"column":null}}},"4":{"name":"(anonymous_4)","decl":{"start":{"line":81,"column":2},"end":{"line":81,"column":6}},"loc":{"start":{"line":81,"column":29},"end":{"line":83,"column":null}}},"5":{"name":"(anonymous_5)","decl":{"start":{"line":82,"column":28},"end":{"line":82,"column":36}},"loc":{"start":{"line":82,"column":50},"end":{"line":82,"column":61}}},"6":{"name":"(anonymous_6)","decl":{"start":{"line":82,"column":63},"end":{"line":82,"column":68}},"loc":{"start":{"line":82,"column":80},"end":{"line":82,"column":85}}},"7":{"name":"(anonymous_7)","decl":{"start":{"line":91,"column":2},"end":{"line":91,"column":9}},"loc":{"start":{"line":91,"column":61},"end":{"line":97,"column":null}}},"8":{"name":"pick","decl":{"start":{"line":109,"column":16},"end":{"line":109,"column":24}},"loc":{"start":{"line":109,"column":92},"end":{"line":116,"column":null}}}},"branchMap":{"0":{"loc":{"start":{"line":29,"column":29},"end":{"line":29,"column":43}},"type":"default-arg","locations":[{"start":{"line":29,"column":40},"end":{"line":29,"column":43}}]},"1":{"loc":{"start":{"line":43,"column":11},"end":{"line":43,"column":null}},"type":"binary-expr","locations":[{"start":{"line":43,"column":11},"end":{"line":43,"column":37}},{"start":{"line":43,"column":37},"end":{"line":43,"column":null}}]},"2":{"loc":{"start":{"line":55,"column":4},"end":{"line":57,"column":null}},"type":"if","locations":[{"start":{"line":55,"column":4},"end":{"line":57,"column":null}},{"start":{},"end":{}}]},"3":{"loc":{"start":{"line":111,"column":4},"end":{"line":113,"column":null}},"type":"if","locations":[{"start":{"line":111,"column":4},"end":{"line":113,"column":null}},{"start":{},"end":{}}]}},"s":{"0":2,"1":2,"2":3,"3":5,"4":2,"5":2,"6":0,"7":2,"8":2,"9":1,"10":1,"11":1,"12":1,"13":0,"14":0,"15":0,"16":0,"17":0,"18":0,"19":0,"20":0,"21":1,"22":2,"23":1,"24":0},"f":{"0":2,"1":5,"2":2,"3":1,"4":0,"5":0,"6":0,"7":0,"8":1},"b":{"0":[0],"1":[5,0],"2":[0,2],"3":[1,1]}},"/work/samples/ts/src/fees.ts":{"path":"/work/samples/ts/src/fees.ts","statementMap":{"0":{"start":{"line":25,"column":2},"end":{"line":27,"column":null}},"1":{"start":{"line":26,"column":4},"end":{"line":26,"column":null}},"2":{"start":{"line":30,"column":2},"end":{"line":36,"column":null}},"3":{"start":{"line":31,"column":4},"end":{"line":31,"column":null}},"4":{"start":{"line":32,"column":9},"end":{"line":36,"column":null}},"5":{"start":{"line":33,"column":4},"end":{"line":33,"column":null}},"6":{"start":{"line":35,"column":4},"end":{"line":35,"column":null}},"7":{"start":{"line":38,"column":12},"end":{"line":38,"column":null}},"8":{"start":{"line":40,"column":2},"end":{"line":44,"column":null}},"9":{"start":{"line":41,"column":4},"end":{"line":41,"column":null}},"10":{"start":{"line":42,"column":9},"end":{"line":44,"column":null}},"11":{"start":{"line":43,"column":4},"end":{"line":43,"column":null}},"12":{"start":{"line":46,"column":2},"end":{"line":50,"column":null}},"13":{"start":{"line":47,"column":4},"end":{"line":47,"column":null}},"14":{"start":{"line":48,"column":9},"end":{"line":50,"column":null}},"15":{"start":{"line":49,"column":4},"end":{"line":49,"column":null}},"16":{"start":{"line":52,"column":2},"end":{"line":54,"column":null}},"17":{"start":{"line":53,"column":4},"end":{"line":53,"column":null}},"18":{"start":{"line":56,"column":14},"end":{"line":56,"column":null}},"19":{"start":{"line":57,"column":2},"end":{"line":57,"column":null}},"20":{"start":{"line":70,"column":2},"end":{"line":70,"column":null}}},"fnMap":{"0":{"name":"lateFee","decl":{"start":{"line":24,"column":16},"end":{"line":24,"column":24}},"loc":{"start":{"line":24,"column":78},"end":{"line":58,"column":null}}},"1":{"name":"waivable","decl":{"start":{"line":69,"column":16},"end":{"line":69,"column":25}},"loc":{"start":{"line":69,"column":89},"end":{"line":71,"column":null}}}},"branchMap":{"0":{"loc":{"start":{"line":25,"column":2},"end":{"line":27,"column":null}},"type":"if","locations":[{"start":{"line":25,"column":2},"end":{"line":27,"column":null}},{"start":{},"end":{}}]},"1":{"loc":{"start":{"line":30,"column":2},"end":{"line":36,"column":null}},"type":"if","locations":[{"start":{"line":30,"column":2},"end":{"line":36,"column":null}},{"start":{"line":32,"column":9},"end":{"line":36,"column":null}}]},"2":{"loc":{"start":{"line":32,"column":9},"end":{"line":36,"column":null}},"type":"if","locations":[{"start":{"line":32,"column":9},"end":{"line":36,"column":null}},{"start":{"line":34,"column":9},"end":{"line":36,"column":null}}]},"3":{"loc":{"start":{"line":40,"column":2},"end":{"line":44,"column":null}},"type":"if","locations":[{"start":{"line":40,"column":2},"end":{"line":44,"column":null}},{"start":{"line":42,"column":9},"end":{"line":44,"column":null}}]},"4":{"loc":{"start":{"line":42,"column":9},"end":{"line":44,"column":null}},"type":"if","locations":[{"start":{"line":42,"column":9},"end":{"line":44,"column":null}},{"start":{},"end":{}}]},"5":{"loc":{"start":{"line":46,"column":2},"end":{"line":50,"column":null}},"type":"if","locations":[{"start":{"line":46,"column":2},"end":{"line":50,"column":null}},{"start":{"line":48,"column":9},"end":{"line":50,"column":null}}]},"6":{"loc":{"start":{"line":48,"column":9},"end":{"line":50,"column":null}},"type":"if","locations":[{"start":{"line":48,"column":9},"end":{"line":50,"column":null}},{"start":{},"end":{}}]},"7":{"loc":{"start":{"line":52,"column":2},"end":{"line":54,"column":null}},"type":"if","locations":[{"start":{"line":52,"column":2},"end":{"line":54,"column":null}},{"start":{},"end":{}}]},"8":{"loc":{"start":{"line":52,"column":6},"end":{"line":52,"column":35}},"type":"binary-expr","locations":[{"start":{"line":52,"column":6},"end":{"line":52,"column":26}},{"start":{"line":52,"column":26},"end":{"line":52,"column":35}}]},"9":{"loc":{"start":{"line":56,"column":14},"end":{"line":56,"column":null}},"type":"cond-expr","locations":[{"start":{"line":56,"column":37},"end":{"line":56,"column":52}},{"start":{"line":56,"column":52},"end":{"line":56,"column":null}}]},"10":{"loc":{"start":{"line":70,"column":9},"end":{"line":70,"column":null}},"type":"binary-expr","locations":[{"start":{"line":70,"column":9},"end":{"line":70,"column":21}},{"start":{"line":70,"column":21},"end":{"line":70,"column":37}},{"start":{"line":70,"column":37},"end":{"line":70,"column":null}}]}},"s":{"0":1,"1":0,"2":1,"3":1,"4":0,"5":0,"6":0,"7":1,"8":1,"9":0,"10":1,"11":0,"12":1,"13":0,"14":1,"15":0,"16":1,"17":0,"18":1,"19":1,"20":2},"f":{"0":1,"1":2},"b":{"0":[0,1],"1":[1,0],"2":[0,0],"3":[0,1],"4":[0,1],"5":[0,1],"6":[0,1],"7":[0,1],"8":[1,0],"9":[0,1],"10":[2,1,0]}},"/work/samples/ts/src/loan.ts":{"path":"/work/samples/ts/src/loan.ts","statementMap":{"0":{"start":{"line":38,"column":12},"end":{"line":38,"column":null}},"1":{"start":{"line":48,"column":2},"end":{"line":48,"column":null}},"2":{"start":{"line":59,"column":2},"end":{"line":68,"column":null}},"3":{"start":{"line":61,"column":6},"end":{"line":61,"column":null}},"4":{"start":{"line":63,"column":6},"end":{"line":63,"column":null}},"5":{"start":{"line":65,"column":6},"end":{"line":65,"column":null}},"6":{"start":{"line":67,"column":6},"end":{"line":67,"column":null}},"7":{"start":{"line":80,"column":2},"end":{"line":80,"column":null}},"8":{"start":{"line":91,"column":2},"end":{"line":91,"column":null}},"9":{"start":{"line":105,"column":2},"end":{"line":105,"column":null}},"10":{"start":{"line":116,"column":2},"end":{"line":119,"column":null}},"11":{"start":{"line":117,"column":4},"end":{"line":117,"column":null}},"12":{"start":{"line":118,"column":4},"end":{"line":118,"column":null}},"13":{"start":{"line":120,"column":2},"end":{"line":120,"column":null}},"14":{"start":{"line":132,"column":2},"end":{"line":132,"column":null}},"15":{"start":{"line":132,"column":29},"end":{"line":132,"column":44}},"16":{"start":{"line":143,"column":12},"end":{"line":143,"column":null}},"17":{"start":{"line":144,"column":2},"end":{"line":146,"column":null}},"18":{"start":{"line":145,"column":4},"end":{"line":145,"column":null}},"19":{"start":{"line":147,"column":2},"end":{"line":147,"column":null}}},"fnMap":{"0":{"name":"assertNever","decl":{"start":{"line":47,"column":9},"end":{"line":47,"column":21}},"loc":{"start":{"line":47,"column":42},"end":{"line":49,"column":null}}},"1":{"name":"loanDays","decl":{"start":{"line":58,"column":16},"end":{"line":58,"column":25}},"loc":{"start":{"line":58,"column":45},"end":{"line":69,"column":null}}},"2":{"name":"dueDate","decl":{"start":{"line":79,"column":16},"end":{"line":79,"column":24}},"loc":{"start":{"line":79,"column":58},"end":{"line":81,"column":null}}},"3":{"name":"contactOf","decl":{"start":{"line":90,"column":16},"end":{"line":90,"column":26}},"loc":{"start":{"line":90,"column":50},"end":{"line":92,"column":null}}},"4":{"name":"canBorrow","decl":{"start":{"line":104,"column":16},"end":{"line":104,"column":26}},"loc":{"start":{"line":104,"column":80},"end":{"line":106,"column":null}}},"5":{"name":"renew","decl":{"start":{"line":115,"column":16},"end":{"line":115,"column":22}},"loc":{"start":{"line":115,"column":40},"end":{"line":121,"column":null}}},"6":{"name":"receipt","decl":{"start":{"line":131,"column":16},"end":{"line":131,"column":24}},"loc":{"start":{"line":131,"column":47},"end":{"line":133,"column":null}}},"7":{"name":"(anonymous_7)","decl":{"start":{"line":132,"column":15},"end":{"line":132,"column":20}},"loc":{"start":{"line":132,"column":29},"end":{"line":132,"column":44}}},"8":{"name":"checksum","decl":{"start":{"line":142,"column":16},"end":{"line":142,"column":25}},"loc":{"start":{"line":142,"column":50},"end":{"line":148,"column":null}}}},"branchMap":{"0":{"loc":{"start":{"line":59,"column":2},"end":{"line":68,"column":null}},"type":"switch","locations":[{"start":{"line":60,"column":4},"end":{"line":61,"column":null}},{"start":{"line":62,"column":4},"end":{"line":63,"column":null}},{"start":{"line":64,"column":4},"end":{"line":65,"column":null}},{"start":{"line":66,"column":4},"end":{"line":67,"column":null}}]},"1":{"loc":{"start":{"line":61,"column":13},"end":{"line":61,"column":null}},"type":"cond-expr","locations":[{"start":{"line":61,"column":32},"end":{"line":61,"column":37}},{"start":{"line":61,"column":37},"end":{"line":61,"column":null}}]},"2":{"loc":{"start":{"line":65,"column":13},"end":{"line":65,"column":null}},"type":"cond-expr","locations":[{"start":{"line":65,"column":34},"end":{"line":65,"column":38}},{"start":{"line":65,"column":38},"end":{"line":65,"column":null}}]},"3":{"loc":{"start":{"line":79,"column":39},"end":{"line":79,"column":58}},"type":"default-arg","locations":[{"start":{"line":79,"column":46},"end":{"line":79,"column":58}}]},"4":{"loc":{"start":{"line":91,"column":9},"end":{"line":91,"column":null}},"type":"binary-expr","locations":[{"start":{"line":91,"column":9},"end":{"line":91,"column":34}},{"start":{"line":91,"column":34},"end":{"line":91,"column":null}}]},"5":{"loc":{"start":{"line":105,"column":9},"end":{"line":105,"column":null}},"type":"binary-expr","locations":[{"start":{"line":105,"column":9},"end":{"line":105,"column":31}},{"start":{"line":105,"column":31},"end":{"line":105,"column":47}},{"start":{"line":105,"column":47},"end":{"line":105,"column":null}}]},"6":{"loc":{"start":{"line":116,"column":2},"end":{"line":119,"column":null}},"type":"if","locations":[{"start":{"line":116,"column":2},"end":{"line":119,"column":null}},{"start":{},"end":{}}]}},"s":{"0":2,"1":0,"2":4,"3":3,"4":1,"5":0,"6":0,"7":2,"8":1,"9":3,"10":1,"11":1,"12":1,"13":1,"14":1,"15":0,"16":1,"17":1,"18":12000,"19":1},"f":{"0":0,"1":4,"2":2,"3":1,"4":3,"5":1,"6":1,"7":0,"8":1},"b":{"0":[3,1,0,0],"1":[1,2],"2":[0,0],"3":[0],"4":[1,0],"5":[3,2,0],"6":[1,0]}}}