TN:
SF:src/catalogue.ts
FN:29,(anonymous_0)
FN:42,(anonymous_1)
FN:53,(anonymous_2)
FN:70,(anonymous_3)
FN:81,(anonymous_4)
FN:82,(anonymous_5)
FN:82,(anonymous_6)
FN:91,(anonymous_7)
FN:109,pick
FNF:9
FNH:5
FNDA:2,(anonymous_0)
FNDA:5,(anonymous_1)
FNDA:2,(anonymous_2)
FNDA:1,(anonymous_3)
FNDA:0,(anonymous_4)
FNDA:0,(anonymous_5)
FNDA:0,(anonymous_6)
FNDA:0,(anonymous_7)
FNDA:1,pick
DA:22,2
DA:30,2
DA:31,3
DA:43,5
DA:54,2
DA:55,2
DA:56,0
DA:58,2
DA:59,2
DA:71,1
DA:72,1
DA:73,1
DA:74,1
DA:76,0
DA:82,0
DA:92,0
DA:93,0
DA:94,0
DA:96,0
DA:110,1
DA:111,2
DA:112,1
DA:115,0
LF:23
LH:15
BRDA:29,0,0,0
BRDA:43,1,0,5
BRDA:43,1,1,0
BRDA:55,2,0,0
BRDA:55,2,1,2
BRDA:111,3,0,1
BRDA:111,3,1,1
BRF:7
BRH:4
end_of_record
TN:
SF:src/fees.ts
FN:24,lateFee
FN:69,waivable
FNF:2
FNH:2
FNDA:1,lateFee
FNDA:2,waivable
DA:25,1
DA:26,0
DA:30,1
DA:31,1
DA:32,0
DA:33,0
DA:35,0
DA:38,1
DA:40,1
DA:41,0
DA:42,1
DA:43,0
DA:46,1
DA:47,0
DA:48,1
DA:49,0
DA:52,1
DA:53,0
DA:56,1
DA:57,1
DA:70,2
LF:21
LH:12
BRDA:25,0,0,0
BRDA:25,0,1,1
BRDA:30,1,0,1
BRDA:30,1,1,0
BRDA:32,2,0,0
BRDA:32,2,1,0
BRDA:40,3,0,0
BRDA:40,3,1,1
BRDA:42,4,0,0
BRDA:42,4,1,1
BRDA:46,5,0,0
BRDA:46,5,1,1
BRDA:48,6,0,0
BRDA:48,6,1,1
BRDA:52,7,0,0
BRDA:52,7,1,1
BRDA:52,8,0,1
BRDA:52,8,1,0
BRDA:56,9,0,0
BRDA:56,9,1,1
BRDA:70,10,0,2
BRDA:70,10,1,1
BRDA:70,10,2,0
BRF:23
BRH:11
end_of_record
TN:
SF:src/loan.ts
FN:47,assertNever
FN:58,loanDays
FN:79,dueDate
FN:90,contactOf
FN:104,canBorrow
FN:115,renew
FN:131,receipt
FN:132,(anonymous_7)
FN:142,checksum
FNF:9
FNH:7
FNDA:0,assertNever
FNDA:4,loanDays
FNDA:2,dueDate
FNDA:1,contactOf
FNDA:3,canBorrow
FNDA:1,renew
FNDA:1,receipt
FNDA:0,(anonymous_7)
FNDA:1,checksum
DA:38,2
DA:48,0
DA:59,4
DA:61,3
DA:63,1
DA:65,0
DA:67,0
DA:80,2
DA:91,1
DA:105,3
DA:116,1
DA:117,1
DA:118,1
DA:120,1
DA:132,1
DA:143,1
DA:144,1
DA:145,12000
DA:147,1
LF:19
LH:16
BRDA:59,0,0,3
BRDA:59,0,1,1
BRDA:59,0,2,0
BRDA:59,0,3,0
BRDA:61,1,0,1
BRDA:61,1,1,2
BRDA:65,2,0,0
BRDA:65,2,1,0
BRDA:79,3,0,0
BRDA:91,4,0,1
BRDA:91,4,1,0
BRDA:105,5,0,3
BRDA:105,5,1,2
BRDA:105,5,2,0
BRDA:116,6,0,1
BRDA:116,6,1,0
BRF:16
BRH:8
end_of_record
