<?xml version="1.0" encoding="utf-8"?>
<CoverageSession>
  <Summary numSequencePoints="48" visitedSequencePoints="38" numBranchPoints="24" visitedBranchPoints="14" sequenceCoverage="79.16" branchCoverage="58.33" maxCyclomaticComplexity="27" minCyclomaticComplexity="27" visitedClasses="1" numClasses="1" visitedMethods="7" numMethods="8" />
  <Modules>
    <Module hash="67DE8FFC-DDA4-42E3-AA3A-88134A1FC58E">
      <ModulePath>Payroll.dll</ModulePath>
      <ModuleTime>2026-09-21T05:39:21</ModuleTime>
      <ModuleName>Payroll</ModuleName>
      <Files>
        <File uid="1" fullPath="/work/samples/vb/src/Payroll/Timesheet.vb" />
      </Files>
      <Classes>
        <Class>
          <Summary numSequencePoints="48" visitedSequencePoints="38" numBranchPoints="24" visitedBranchPoints="14" sequenceCoverage="79.16" branchCoverage="58.33" maxCyclomaticComplexity="12" minCyclomaticComplexity="1" visitedClasses="1" numClasses="1" visitedMethods="7" numMethods="8" />
          <FullName>Payroll.Timesheet</FullName>
          <Methods>
            <Method cyclomaticComplexity="2" nPathComplexity="2" sequenceCoverage="100" branchCoverage="100" isConstructor="False" isGetter="False" isSetter="False" isStatic="True">
              <Summary numSequencePoints="6" visitedSequencePoints="6" numBranchPoints="2" visitedBranchPoints="2" sequenceCoverage="100" branchCoverage="100" maxCyclomaticComplexity="2" minCyclomaticComplexity="2" visitedClasses="0" numClasses="0" visitedMethods="1" numMethods="1" />
              <MetadataToken />
              <Name>System.Decimal Payroll.Timesheet::OvertimeHours(System.Decimal,System.Decimal)</Name>
              <FileRef uid="1" />
              <SequencePoints>
                <SequencePoint vc="4" uspid="35" ordinal="0" sl="35" sc="1" el="35" ec="2" bec="0" bev="0" fileid="1" />
                <SequencePoint vc="4" uspid="36" ordinal="1" sl="36" sc="1" el="36" ec="2" bec="2" bev="2" fileid="1" />
                <SequencePoint vc="2" uspid="37" ordinal="2" sl="37" sc="1" el="37" ec="2" bec="0" bev="0" fileid="1" />
                <SequencePoint vc="2" uspid="38" ordinal="3" sl="38" sc="1" el="38" ec="2" bec="0" bev="0" fileid="1" />
                <SequencePoint vc="2" uspid="39" ordinal="4" sl="39" sc="1" el="39" ec="2" bec="0" bev="0" fileid="1" />
                <SequencePoint vc="4" uspid="40" ordinal="5" sl="40" sc="1" el="40" ec="2" bec="0" bev="0" fileid="1" />
              </SequencePoints>
              <BranchPoints>
                <BranchPoint vc="2" uspid="36" ordinal="0" path="0" offset="16" offsetend="18" sl="36" fileid="1" />
                <BranchPoint vc="2" uspid="36" ordinal="1" path="1" offset="16" offsetend="28" sl="36" fileid="1" />
              </BranchPoints>
              <MethodPoint vc="6" uspid="0" p8:type="SequencePoint" ordinal="0" offset="0" sc="0" sl="35" ec="1" el="40" bec="0" bev="0" fileid="1" xmlns:p8="xsi" />
            </Method>
            <Method cyclomaticComplexity="12" nPathComplexity="12" sequenceCoverage="68.75" branchCoverage="58.33" isConstructor="False" isGetter="False" isSetter="False" isStatic="True">
              <Summary numSequencePoints="16" visitedSequencePoints="11" numBranchPoints="12" visitedBranchPoints="7" sequenceCoverage="68.75" branchCoverage="58.33" maxCyclomaticComplexity="12" minCyclomaticComplexity="12" visitedClasses="0" numClasses="0" visitedMethods="1" numMethods="1" />
              <MetadataToken />
              <Name>System.Decimal Payroll.Timesheet::Multiplier(Payroll.DayKind,System.Int32)</Name>
              <FileRef uid="1" />
              <SequencePoints>
                <SequencePoint vc="4" uspid="51" ordinal="0" sl="51" sc="1" el="51" ec="2" bec="0" bev="0" fileid="1" />
                <SequencePoint vc="4" uspid="52" ordinal="1" sl="52" sc="1" el="52" ec="2" bec="4" bev="2" fileid="1" />
                <SequencePoint vc="3" uspid="53" ordinal="2" sl="53" sc="1" el="53" ec="2" bec="0" bev="0" fileid="1" />
                <SequencePoint vc="3" uspid="54" ordinal="3" sl="54" sc="1" el="54" ec="2" bec="0" bev="0" fileid="1" />
                <SequencePoint vc="3" uspid="55" ordinal="4" sl="55" sc="1" el="55" ec="2" bec="4" bev="3" fileid="1" />
                <SequencePoint vc="1" uspid="56" ordinal="5" sl="56" sc="1" el="56" ec="2" bec="0" bev="0" fileid="1" />
                <SequencePoint vc="2" uspid="57" ordinal="6" sl="57" sc="1" el="57" ec="2" bec="4" bev="2" fileid="1" />
                <SequencePoint vc="2" uspid="58" ordinal="7" sl="58" sc="1" el="58" ec="2" bec="0" bev="0" fileid="1" />
                <SequencePoint vc="0" uspid="60" ordinal="8" sl="60" sc="1" el="60" ec="2" bec="0" bev="0" fileid="1" />
                <SequencePoint vc="1" uspid="62" ordinal="9" sl="62" sc="1" el="62" ec="2" bec="0" bev="0" fileid="1" />
                <SequencePoint vc="1" uspid="63" ordinal="10" sl="63" sc="1" el="63" ec="2" bec="0" bev="0" fileid="1" />
                <SequencePoint vc="0" uspid="64" ordinal="11" sl="64" sc="1" el="64" ec="2" bec="0" bev="0" fileid="1" />
                <SequencePoint vc="0" uspid="65" ordinal="12" sl="65" sc="1" el="65" ec="2" bec="0" bev="0" fileid="1" />
                <SequencePoint vc="0" uspid="66" ordinal="13" sl="66" sc="1" el="66" ec="2" bec="0" bev="0" fileid="1" />
                <SequencePoint vc="0" uspid="67" ordinal="14" sl="67" sc="1" el="67" ec="2" bec="0" bev="0" fileid="1" />
                <SequencePoint vc="4" uspid="69" ordinal="15" sl="69" sc="1" el="69" ec="2" bec="0" bev="0" fileid="1" />
              </SequencePoints>
              <BranchPoints>
                <BranchPoint vc="3" uspid="52" ordinal="1" path="1" offset="5" offsetend="24" sl="52" fileid="1" />
                <BranchPoint vc="3" uspid="55" ordinal="4" path="0" offset="30" offsetend="32" sl="55" fileid="1" />
                <BranchPoint vc="0" uspid="55" ordinal="5" path="1" offset="30" offsetend="42" sl="55" fileid="1" />
                <BranchPoint vc="1" uspid="55" ordinal="6" path="0" offset="45" offsetend="47" sl="55" fileid="1" />
                <BranchPoint vc="2" uspid="55" ordinal="7" path="1" offset="45" offsetend="62" sl="55" fileid="1" />
                <BranchPoint vc="2" uspid="57" ordinal="8" path="0" offset="65" offsetend="67" sl="57" fileid="1" />
                <BranchPoint vc="0" uspid="57" ordinal="9" path="1" offset="65" offsetend="77" sl="57" fileid="1" />
                <BranchPoint vc="2" uspid="57" ordinal="10" path="0" offset="80" offsetend="82" sl="57" fileid="1" />
                <BranchPoint vc="0" uspid="57" ordinal="11" path="1" offset="80" offsetend="97" sl="57" fileid="1" />
                <BranchPoint vc="1" uspid="52" ordinal="2" path="2" offset="5" offsetend="108" sl="52" fileid="1" />
                <BranchPoint vc="0" uspid="52" ordinal="3" path="3" offset="5" offsetend="124" sl="52" fileid="1" />
                <BranchPoint vc="0" uspid="52" ordinal="0" path="0" offset="5" offsetend="136" sl="52" fileid="1" />
              </BranchPoints>
              <MethodPoint vc="11" uspid="0" p8:type="SequencePoint" ordinal="1" offset="1" sc="0" sl="51" ec="1" el="69" bec="0" bev="0" fileid="1" xmlns:p8="xsi" />
            </Method>
            <Method cyclomaticComplexity="2" nPathComplexity="2" sequenceCoverage="100" branchCoverage="50" isConstructor="False" isGetter="False" isSetter="False" isStatic="True">
              <Summary numSequencePoints="3" visitedSequencePoints="3" numBranchPoints="2" visitedBranchPoints="1" sequenceCoverage="100" branchCoverage="50" maxCyclomaticComplexity="2" minCyclomaticComplexity="2" visitedClasses="0" numClasses="0" visitedMethods="1" numMethods="1" />
              <MetadataToken />
              <Name>System.Boolean Payroll.Timesheet::IsNightShift(System.Int32,System.Int32)</Name>
              <FileRef uid="1" />
              <SequencePoints>
                <SequencePoint vc="1" uspid="80" ordinal="0" sl="80" sc="1" el="80" ec="2" bec="0" bev="0" fileid="1" />
                <SequencePoint vc="1" uspid="81" ordinal="1" sl="81" sc="1" el="81" ec="2" bec="2" bev="1" fileid="1" />
                <SequencePoint vc="1" uspid="82" ordinal="2" sl="82" sc="1" el="82" ec="2" bec="0" bev="0" fileid="1" />
              </SequencePoints>
              <BranchPoints>
                <BranchPoint vc="0" uspid="81" ordinal="0" path="0" offset="4" offsetend="6" sl="81" fileid="1" />
                <BranchPoint vc="1" uspid="81" ordinal="1" path="1" offset="4" offsetend="15" sl="81" fileid="1" />
              </BranchPoints>
              <MethodPoint vc="3" uspid="0" p8:type="SequencePoint" ordinal="2" offset="2" sc="0" sl="80" ec="1" el="82" bec="0" bev="0" fileid="1" xmlns:p8="xsi" />
            </Method>
            <Method cyclomaticComplexity="1" nPathComplexity="1" sequenceCoverage="100" branchCoverage="100" isConstructor="False" isGetter="False" isSetter="False" isStatic="True">
              <Summary numSequencePoints="3" visitedSequencePoints="3" numBranchPoints="0" visitedBranchPoints="0" sequenceCoverage="100" branchCoverage="100" maxCyclomaticComplexity="1" minCyclomaticComplexity="1" visitedClasses="0" numClasses="0" visitedMethods="1" numMethods="1" />
              <MetadataToken />
              <Name>System.Boolean Payroll.Timesheet::IsNightShiftEager(System.Int32,System.Int32)</Name>
              <FileRef uid="1" />
              <SequencePoints>
                <SequencePoint vc="1" uspid="93" ordinal="0" sl="93" sc="1" el="93" ec="2" bec="0" bev="0" fileid="1" />
                <SequencePoint vc="1" uspid="94" ordinal="1" sl="94" sc="1" el="94" ec="2" bec="0" bev="0" fileid="1" />
                <SequencePoint vc="1" uspid="95" ordinal="2" sl="95" sc="1" el="95" ec="2" bec="0" bev="0" fileid="1" />
              </SequencePoints>
              <BranchPoints />
              <MethodPoint vc="3" uspid="0" p8:type="SequencePoint" ordinal="3" offset="3" sc="0" sl="93" ec="1" el="95" bec="0" bev="0" fileid="1" xmlns:p8="xsi" />
            </Method>
            <Method cyclomaticComplexity="2" nPathComplexity="2" sequenceCoverage="100" branchCoverage="50" isConstructor="False" isGetter="False" isSetter="False" isStatic="True">
              <Summary numSequencePoints="3" visitedSequencePoints="3" numBranchPoints="2" visitedBranchPoints="1" sequenceCoverage="100" branchCoverage="50" maxCyclomaticComplexity="2" minCyclomaticComplexity="2" visitedClasses="0" numClasses="0" visitedMethods="1" numMethods="1" />
              <MetadataToken />
              <Name>System.Decimal Payroll.Timesheet::MealAllowance(System.Decimal)</Name>
              <FileRef uid="1" />
              <SequencePoints>
                <SequencePoint vc="1" uspid="104" ordinal="0" sl="104" sc="1" el="104" ec="2" bec="0" bev="0" fileid="1" />
                <SequencePoint vc="1" uspid="105" ordinal="1" sl="105" sc="1" el="105" ec="2" bec="2" bev="1" fileid="1" />
                <SequencePoint vc="1" uspid="106" ordinal="2" sl="106" sc="1" el="106" ec="2" bec="0" bev="0" fileid="1" />
              </SequencePoints>
              <BranchPoints>
                <BranchPoint vc="0" uspid="105" ordinal="0" path="0" offset="15" offsetend="17" sl="105" fileid="1" />
                <BranchPoint vc="1" uspid="105" ordinal="1" path="1" offset="15" offsetend="24" sl="105" fileid="1" />
              </BranchPoints>
              <MethodPoint vc="3" uspid="0" p8:type="SequencePoint" ordinal="4" offset="4" sc="0" sl="104" ec="1" el="106" bec="0" bev="0" fileid="1" xmlns:p8="xsi" />
            </Method>
            <Method cyclomaticComplexity="1" nPathComplexity="1" sequenceCoverage="100" branchCoverage="100" isConstructor="False" isGetter="False" isSetter="False" isStatic="True">
              <Summary numSequencePoints="3" visitedSequencePoints="3" numBranchPoints="0" visitedBranchPoints="0" sequenceCoverage="100" branchCoverage="100" maxCyclomaticComplexity="1" minCyclomaticComplexity="1" visitedClasses="0" numClasses="0" visitedMethods="1" numMethods="1" />
              <MetadataToken />
              <Name>System.Decimal Payroll.Timesheet::MealAllowanceEager(System.Decimal)</Name>
              <FileRef uid="1" />
              <SequencePoints>
                <SequencePoint vc="1" uspid="115" ordinal="0" sl="115" sc="1" el="115" ec="2" bec="0" bev="0" fileid="1" />
                <SequencePoint vc="1" uspid="116" ordinal="1" sl="116" sc="1" el="116" ec="2" bec="0" bev="0" fileid="1" />
                <SequencePoint vc="1" uspid="117" ordinal="2" sl="117" sc="1" el="117" ec="2" bec="0" bev="0" fileid="1" />
              </SequencePoints>
              <BranchPoints />
              <MethodPoint vc="3" uspid="0" p8:type="SequencePoint" ordinal="5" offset="5" sc="0" sl="115" ec="1" el="117" bec="0" bev="0" fileid="1" xmlns:p8="xsi" />
            </Method>
            <Method cyclomaticComplexity="6" nPathComplexity="6" sequenceCoverage="81.81" branchCoverage="50" isConstructor="False" isGetter="False" isSetter="False" isStatic="True">
              <Summary numSequencePoints="11" visitedSequencePoints="9" numBranchPoints="6" visitedBranchPoints="3" sequenceCoverage="81.81" branchCoverage="50" maxCyclomaticComplexity="6" minCyclomaticComplexity="6" visitedClasses="0" numClasses="0" visitedMethods="1" numMethods="1" />
              <MetadataToken />
              <Name>System.Decimal Payroll.Timesheet::Gross(System.Decimal,System.Decimal,System.Decimal,Payroll.DayKind,System.Int32)</Name>
              <FileRef uid="1" />
              <SequencePoints>
                <SequencePoint vc="1" uspid="128" ordinal="0" sl="128" sc="1" el="128" ec="2" bec="0" bev="0" fileid="1" />
                <SequencePoint vc="1" uspid="129" ordinal="1" sl="129" sc="1" el="129" ec="2" bec="2" bev="1" fileid="1" />
                <SequencePoint vc="0" uspid="130" ordinal="2" sl="130" sc="1" el="130" ec="2" bec="0" bev="0" fileid="1" />
                <SequencePoint vc="1" uspid="131" ordinal="3" sl="131" sc="1" el="131" ec="2" bec="0" bev="0" fileid="1" />
                <SequencePoint vc="1" uspid="132" ordinal="4" sl="132" sc="1" el="132" ec="2" bec="4" bev="2" fileid="1" />
                <SequencePoint vc="0" uspid="133" ordinal="5" sl="133" sc="1" el="133" ec="2" bec="0" bev="0" fileid="1" />
                <SequencePoint vc="1" uspid="134" ordinal="6" sl="134" sc="1" el="134" ec="2" bec="0" bev="0" fileid="1" />
                <SequencePoint vc="1" uspid="136" ordinal="7" sl="136" sc="1" el="136" ec="2" bec="0" bev="0" fileid="1" />
                <SequencePoint vc="1" uspid="137" ordinal="8" sl="137" sc="1" el="137" ec="2" bec="0" bev="0" fileid="1" />
                <SequencePoint vc="1" uspid="138" ordinal="9" sl="138" sc="1" el="138" ec="2" bec="0" bev="0" fileid="1" />
                <SequencePoint vc="1" uspid="139" ordinal="10" sl="139" sc="1" el="139" ec="2" bec="0" bev="0" fileid="1" />
              </SequencePoints>
              <BranchPoints>
                <BranchPoint vc="0" uspid="129" ordinal="0" path="0" offset="17" offsetend="19" sl="129" fileid="1" />
                <BranchPoint vc="1" uspid="129" ordinal="1" path="1" offset="17" offsetend="30" sl="129" fileid="1" />
                <BranchPoint vc="1" uspid="132" ordinal="2" path="0" offset="43" offsetend="45" sl="132" fileid="1" />
                <BranchPoint vc="0" uspid="132" ordinal="3" path="1" offset="43" offsetend="61" sl="132" fileid="1" />
                <BranchPoint vc="0" uspid="132" ordinal="4" path="0" offset="66" offsetend="68" sl="132" fileid="1" />
                <BranchPoint vc="1" uspid="132" ordinal="5" path="1" offset="66" offsetend="79" sl="132" fileid="1" />
              </BranchPoints>
              <MethodPoint vc="9" uspid="0" p8:type="SequencePoint" ordinal="6" offset="6" sc="0" sl="128" ec="1" el="139" bec="0" bev="0" fileid="1" xmlns:p8="xsi" />
            </Method>
            <Method cyclomaticComplexity="1" nPathComplexity="1" sequenceCoverage="0" branchCoverage="100" isConstructor="False" isGetter="False" isSetter="False" isStatic="True">
              <Summary numSequencePoints="3" visitedSequencePoints="0" numBranchPoints="0" visitedBranchPoints="0" sequenceCoverage="0" branchCoverage="100" maxCyclomaticComplexity="1" minCyclomaticComplexity="1" visitedClasses="0" numClasses="0" visitedMethods="0" numMethods="1" />
              <MetadataToken />
              <Name>System.String Payroll.Timesheet::ExportLine(System.Int32,System.Decimal)</Name>
              <FileRef uid="1" />
              <SequencePoints>
                <SequencePoint vc="0" uspid="146" ordinal="0" sl="146" sc="1" el="146" ec="2" bec="0" bev="0" fileid="1" />
                <SequencePoint vc="0" uspid="147" ordinal="1" sl="147" sc="1" el="147" ec="2" bec="0" bev="0" fileid="1" />
                <SequencePoint vc="0" uspid="148" ordinal="2" sl="148" sc="1" el="148" ec="2" bec="0" bev="0" fileid="1" />
              </SequencePoints>
              <BranchPoints />
              <MethodPoint vc="0" uspid="0" p8:type="SequencePoint" ordinal="7" offset="7" sc="0" sl="146" ec="1" el="148" bec="0" bev="0" fileid="1" xmlns:p8="xsi" />
            </Method>
          </Methods>
        </Class>
      </Classes>
    </Module>
  </Modules>
</CoverageSession>