<?xml version="1.0" encoding="utf-8"?>
<coverage line-rate="0.7916" branch-rate="0.5832999999999999" version="1.9" timestamp="1790012361" lines-covered="38" lines-valid="48" branches-covered="14" branches-valid="24">
  <sources>
    <source>/work/samples/vb/</source>
  </sources>
  <packages>
    <package name="Payroll" line-rate="0.7916" branch-rate="0.5832999999999999" complexity="27">
      <classes>
        <class name="Payroll.Timesheet" filename="src/Payroll/Timesheet.vb" line-rate="0.7916" branch-rate="0.5832999999999999" complexity="27">
          <methods>
            <method name="OvertimeHours" signature="(System.Decimal,System.Decimal)" line-rate="1" branch-rate="1" complexity="2">
              <lines>
                <line number="35" hits="4" branch="False" />
                <line number="36" hits="4" branch="True" condition-coverage="100% (2/2)">
                  <conditions>
                    <condition number="16" type="jump" coverage="100%" />
                  </conditions>
                </line>
                <line number="37" hits="2" branch="False" />
                <line number="38" hits="2" branch="False" />
                <line number="39" hits="2" branch="False" />
                <line number="40" hits="4" branch="False" />
              </lines>
            </method>
            <method name="Multiplier" signature="(Payroll.DayKind,System.Int32)" line-rate="0.6875" branch-rate="0.5832999999999999" complexity="12">
              <lines>
                <line number="51" hits="4" branch="False" />
                <line number="52" hits="4" branch="True" condition-coverage="50% (2/4)">
                  <conditions>
                    <condition number="5" type="switch" coverage="50%" />
                  </conditions>
                </line>
                <line number="53" hits="3" branch="False" />
                <line number="54" hits="3" branch="False" />
                <line number="55" hits="3" branch="True" condition-coverage="75% (3/4)">
                  <conditions>
                    <condition number="30" type="jump" coverage="50%" />
                    <condition number="45" type="jump" coverage="100%" />
                  </conditions>
                </line>
                <line number="56" hits="1" branch="False" />
                <line number="57" hits="2" branch="True" condition-coverage="50% (2/4)">
                  <conditions>
                    <condition number="65" type="jump" coverage="50%" />
                    <condition number="80" type="jump" coverage="50%" />
                  </conditions>
                </line>
                <line number="58" hits="2" branch="False" />
                <line number="60" hits="0" branch="False" />
                <line number="62" hits="1" branch="False" />
                <line number="63" hits="1" branch="False" />
                <line number="64" hits="0" branch="False" />
                <line number="65" hits="0" branch="False" />
                <line number="66" hits="0" branch="False" />
                <line number="67" hits="0" branch="False" />
                <line number="69" hits="4" branch="False" />
              </lines>
            </method>
            <method name="IsNightShift" signature="(System.Int32,System.Int32)" line-rate="1" branch-rate="0.5" complexity="2">
              <lines>
                <line number="80" hits="1" branch="False" />
                <line number="81" hits="1" branch="True" condition-coverage="50% (1/2)">
                  <conditions>
                    <condition number="4" type="jump" coverage="50%" />
                  </conditions>
                </line>
                <line number="82" hits="1" branch="False" />
              </lines>
            </method>
            <method name="IsNightShiftEager" signature="(System.Int32,System.Int32)" line-rate="1" branch-rate="1" complexity="1">
              <lines>
                <line number="93" hits="1" branch="False" />
                <line number="94" hits="1" branch="False" />
                <line number="95" hits="1" branch="False" />
              </lines>
            </method>
            <method name="MealAllowance" signature="(System.Decimal)" line-rate="1" branch-rate="0.5" complexity="2">
              <lines>
                <line number="104" hits="1" branch="False" />
                <line number="105" hits="1" branch="True" condition-coverage="50% (1/2)">
                  <conditions>
                    <condition number="15" type="jump" coverage="50%" />
                  </conditions>
                </line>
                <line number="106" hits="1" branch="False" />
              </lines>
            </method>
            <method name="MealAllowanceEager" signature="(System.Decimal)" line-rate="1" branch-rate="1" complexity="1">
              <lines>
                <line number="115" hits="1" branch="False" />
                <line number="116" hits="1" branch="False" />
                <line number="117" hits="1" branch="False" />
              </lines>
            </method>
            <method name="Gross" signature="(System.Decimal,System.Decimal,System.Decimal,Payroll.DayKind,System.Int32)" line-rate="0.8181" branch-rate="0.5" complexity="6">
              <lines>
                <line number="128" hits="1" branch="False" />
                <line number="129" hits="1" branch="True" condition-coverage="50% (1/2)">
                  <conditions>
                    <condition number="17" type="jump" coverage="50%" />
                  </conditions>
                </line>
                <line number="130" hits="0" branch="False" />
                <line number="131" hits="1" branch="False" />
                <line number="132" hits="1" branch="True" condition-coverage="50% (2/4)">
                  <conditions>
                    <condition number="43" type="jump" coverage="50%" />
                    <condition number="66" type="jump" coverage="50%" />
                  </conditions>
                </line>
                <line number="133" hits="0" branch="False" />
                <line number="134" hits="1" branch="False" />
                <line number="136" hits="1" branch="False" />
                <line number="137" hits="1" branch="False" />
                <line number="138" hits="1" branch="False" />
                <line number="139" hits="1" branch="False" />
              </lines>
            </method>
            <method name="ExportLine" signature="(System.Int32,System.Decimal)" line-rate="0" branch-rate="1" complexity="1">
              <lines>
                <line number="146" hits="0" branch="False" />
                <line number="147" hits="0" branch="False" />
                <line number="148" hits="0" branch="False" />
              </lines>
            </method>
          </methods>
          <lines>
            <line number="35" hits="4" branch="False" />
            <line number="36" hits="4" branch="True" condition-coverage="100% (2/2)">
              <conditions>
                <condition number="16" type="jump" coverage="100%" />
              </conditions>
            </line>
            <line number="37" hits="2" branch="False" />
            <line number="38" hits="2" branch="False" />
            <line number="39" hits="2" branch="False" />
            <line number="40" hits="4" branch="False" />
            <line number="51" hits="4" branch="False" />
            <line number="52" hits="4" branch="True" condition-coverage="50% (2/4)">
              <conditions>
                <condition number="5" type="switch" coverage="50%" />
              </conditions>
            </line>
            <line number="53" hits="3" branch="False" />
            <line number="54" hits="3" branch="False" />
            <line number="55" hits="3" branch="True" condition-coverage="75% (3/4)">
              <conditions>
                <condition number="30" type="jump" coverage="50%" />
                <condition number="45" type="jump" coverage="100%" />
              </conditions>
            </line>
            <line number="56" hits="1" branch="False" />
            <line number="57" hits="2" branch="True" condition-coverage="50% (2/4)">
              <conditions>
                <condition number="65" type="jump" coverage="50%" />
                <condition number="80" type="jump" coverage="50%" />
              </conditions>
            </line>
            <line number="58" hits="2" branch="False" />
            <line number="60" hits="0" branch="False" />
            <line number="62" hits="1" branch="False" />
            <line number="63" hits="1" branch="False" />
            <line number="64" hits="0" branch="False" />
            <line number="65" hits="0" branch="False" />
            <line number="66" hits="0" branch="False" />
            <line number="67" hits="0" branch="False" />
            <line number="69" hits="4" branch="False" />
            <line number="80" hits="1" branch="False" />
            <line number="81" hits="1" branch="True" condition-coverage="50% (1/2)">
              <conditions>
                <condition number="4" type="jump" coverage="50%" />
              </conditions>
            </line>
            <line number="82" hits="1" branch="False" />
            <line number="93" hits="1" branch="False" />
            <line number="94" hits="1" branch="False" />
            <line number="95" hits="1" branch="False" />
            <line number="104" hits="1" branch="False" />
            <line number="105" hits="1" branch="True" condition-coverage="50% (1/2)">
              <conditions>
                <condition number="15" type="jump" coverage="50%" />
              </conditions>
            </line>
            <line number="106" hits="1" branch="False" />
            <line number="115" hits="1" branch="False" />
            <line number="116" hits="1" branch="False" />
            <line number="117" hits="1" branch="False" />
            <line number="128" hits="1" branch="False" />
            <line number="129" hits="1" branch="True" condition-coverage="50% (1/2)">
              <conditions>
                <condition number="17" type="jump" coverage="50%" />
              </conditions>
            </line>
            <line number="130" hits="0" branch="False" />
            <line number="131" hits="1" branch="False" />
            <line number="132" hits="1" branch="True" condition-coverage="50% (2/4)">
              <conditions>
                <condition number="43" type="jump" coverage="50%" />
                <condition number="66" type="jump" coverage="50%" />
              </conditions>
            </line>
            <line number="133" hits="0" branch="False" />
            <line number="134" hits="1" branch="False" />
            <line number="136" hits="1" branch="False" />
            <line number="137" hits="1" branch="False" />
            <line number="138" hits="1" branch="False" />
            <line number="139" hits="1" branch="False" />
            <line number="146" hits="0" branch="False" />
            <line number="147" hits="0" branch="False" />
            <line number="148" hits="0" branch="False" />
          </lines>
        </class>
      </classes>
    </package>
  </packages>
</coverage>