SF:W:\coverage-studio-demo\samples\c\src\buffer.c
FN:12,buffer_init
FN:19,buffer_push
FN:32,buffer_can_write
FN:40,buffer_drain
FNDA:1,buffer_init
FNDA:3,buffer_push
FNDA:1,buffer_can_write
FNDA:0,buffer_drain
FNF:4
FNH:3
DA:12,1
DA:13,1
DA:14,1
DA:15,1
DA:16,1
DA:19,3
DA:20,3
DA:21,1
DA:22,1
DA:23,2
DA:24,2
DA:25,3
DA:32,1
DA:33,1
DA:34,1
DA:35,1
DA:36,0
DA:37,1
DA:40,0
DA:41,0
DA:42,0
DA:43,0
DA:44,0
BRDA:14,0,0,1
BRDA:14,0,1,0
BRDA:20,0,0,1
BRDA:20,0,1,2
BRDA:33,0,0,0
BRDA:33,0,1,1
BRDA:33,1,2,-
BRDA:33,1,3,-
BRDA:33,2,4,1
BRDA:33,2,5,0
BRF:10
BRH:5
LF:23
LH:17
end_of_record
SF:W:\coverage-studio-demo\samples\c\src\buffer.h
FNF:0
FNH:0
DA:18,2
BRF:0
BRH:0
LF:0
LH:0
end_of_record
SF:W:\coverage-studio-demo\samples\c\src\calc.c
FN:12,add
FN:16,subtract
FN:21,classify
FN:30,gate
FN:38,unused_helper
FNDA:1,add
FNDA:1,subtract
FNDA:1,classify
FNDA:5,gate
FNDA:0,unused_helper
FNF:5
FNH:4
DA:12,1
DA:13,1
DA:14,1
DA:16,1
DA:17,1
DA:18,1
DA:21,1
DA:22,1
DA:23,1
DA:24,1
DA:25,0
DA:26,0
DA:27,1
DA:30,5
DA:31,5
DA:32,2
DA:33,2
DA:34,3
DA:35,5
DA:38,0
DA:39,0
DA:40,0
BRDA:22,0,0,1
BRDA:22,0,1,0
BRDA:31,0,0,2
BRDA:31,0,1,3
BRDA:31,1,2,1
BRDA:31,1,3,1
BRDA:31,2,4,1
BRDA:31,2,5,3
BRF:8
BRH:7
LF:22
LH:17
end_of_record
SF:W:\coverage-studio-demo\samples\c\src\calc_test.c
FN:32,main
FNDA:1,main
FNF:1
FNH:1
DA:32,1
DA:33,1
DA:34,1
DA:35,1
DA:36,1
DA:39,1
DA:40,1
DA:41,1
DA:42,1
DA:43,1
DA:44,1
DA:46,1
DA:47,1
DA:48,1
DA:49,1
DA:50,1
DA:51,1
DA:52,1
DA:53,1
DA:55,1
DA:56,1
DA:57,1
DA:59,1
DA:60,1001
DA:61,1000
DA:62,1000
DA:63,1
DA:65,1
DA:66,1
DA:70,1
DA:71,1
DA:72,1
DA:75,1
DA:76,1
DA:77,1
BRDA:60,0,0,1000
BRDA:60,0,1,1
BRF:2
BRH:2
LF:35
LH:35
end_of_record
SF:W:\coverage-studio-demo\samples\c\src\sensor.c
FN:12,sensor_clamp
FN:17,sensor_average
FN:29,sensor_state
FN:43,sensor_alarm
FN:51,sensor_flush
FNDA:2,sensor_clamp
FNDA:1,sensor_average
FNDA:2,sensor_state
FNDA:3,sensor_alarm
FNDA:1,sensor_flush
FNF:5
FNH:5
DA:12,2
DA:13,2
DA:14,2
DA:17,1
DA:18,1
DA:19,0
DA:20,0
DA:21,1
DA:22,1001
DA:23,1000
DA:24,1000
DA:25,1
DA:26,1
DA:29,2
DA:30,2
DA:31,1
DA:32,1
DA:33,1
DA:34,1
DA:35,0
DA:36,0
DA:37,0
DA:38,0
DA:39,2
DA:40,2
DA:43,3
DA:44,3
DA:45,2
DA:46,2
DA:47,1
DA:48,3
DA:51,1
DA:52,1
DA:53,1
DA:54,0
DA:55,0
DA:56,1
DA:57,1
BRDA:13,0,0,1
BRDA:13,0,1,1
BRDA:13,1,2,0
BRDA:13,1,3,1
BRDA:18,0,0,0
BRDA:18,0,1,1
BRDA:18,1,2,0
BRDA:18,1,3,1
BRDA:22,0,0,1000
BRDA:22,0,1,1
BRDA:31,0,0,1
BRDA:31,0,1,1
BRDA:33,0,0,1
BRDA:33,0,1,1
BRDA:35,0,0,0
BRDA:35,0,1,2
BRDA:37,0,0,0
BRDA:37,0,1,2
BRDA:44,0,0,1
BRDA:44,0,1,2
BRDA:44,1,2,1
BRDA:44,1,3,1
BRDA:44,2,4,2
BRDA:44,2,5,0
BRDA:53,0,0,0
BRDA:53,0,1,1
BRF:26
BRH:19
LF:38
LH:30
end_of_record
