{"meta": {"format": 3, "version": "7.15.4", "timestamp": "2026-09-17T18:08:39.213218", "branch_coverage": true, "show_contexts": true}, "files": {"ledger\\__init__.py": {"executed_lines": [10, 12], "summary": {"covered_lines": 2, "num_statements": 2, "percent_covered": 100.0, "percent_covered_display": "100", "missing_lines": 0, "excluded_lines": 0, "percent_statements_covered": 100.0, "percent_statements_covered_display": "100", "num_branches": 0, "num_partial_branches": 0, "covered_branches": 0, "missing_branches": 0, "percent_branches_covered": 100.0, "percent_branches_covered_display": "100"}, "missing_lines": [], "excluded_lines": [], "contexts": {"8": [""], "10": [""], "12": [""]}, "executed_branches": [], "missing_branches": [], "functions": {"": {"executed_lines": [10, 12], "summary": {"covered_lines": 2, "num_statements": 2, "percent_covered": 100.0, "percent_covered_display": "100", "missing_lines": 0, "excluded_lines": 0, "percent_statements_covered": 100.0, "percent_statements_covered_display": "100", "num_branches": 0, "num_partial_branches": 0, "covered_branches": 0, "missing_branches": 0, "percent_branches_covered": 100.0, "percent_branches_covered_display": "100"}, "missing_lines": [], "excluded_lines": [], "start_line": 1, "contexts": {"8": [""], "10": [""], "12": [""]}, "executed_branches": [], "missing_branches": []}}, "classes": {"": {"executed_lines": [10, 12], "summary": {"covered_lines": 2, "num_statements": 2, "percent_covered": 100.0, "percent_covered_display": "100", "missing_lines": 0, "excluded_lines": 0, "percent_statements_covered": 100.0, "percent_statements_covered_display": "100", "num_branches": 0, "num_partial_branches": 0, "covered_branches": 0, "missing_branches": 0, "percent_branches_covered": 100.0, "percent_branches_covered_display": "100"}, "missing_lines": [], "excluded_lines": [], "start_line": 1, "contexts": {"8": [""], "10": [""], "12": [""]}, "executed_branches": [], "missing_branches": []}}}, "ledger\\ledger.py": {"executed_lines": [14, 18, 21, 24, 26, 28, 39, 41, 42, 43, 44, 45, 47, 53, 54, 55, 56, 57, 59, 67, 68, 69, 70, 71, 72, 75, 82, 84, 86, 93, 94, 95, 96, 97, 99], "summary": {"covered_lines": 35, "num_statements": 42, "percent_covered": 81.25, "percent_covered_display": "81", "missing_lines": 7, "excluded_lines": 7, "percent_statements_covered": 83.33333333333333, "percent_statements_covered_display": "83", "num_branches": 22, "num_partial_branches": 3, "covered_branches": 17, "missing_branches": 5, "percent_branches_covered": 77.27272727272727, "percent_branches_covered_display": "77"}, "missing_lines": [40, 73, 83, 105, 106, 107, 108], "excluded_lines": [110, 111, 112, 113, 114, 115, 116], "contexts": {"39": ["", "tests.test_ledger.ClosingTests.test_memo_index_over_a_full_year", "tests.test_ledger.PostingTests.test_post_and_balance", "tests.test_ledger.ClosingTests.test_a_balanced_ledger_closes", "tests.test_ledger.PostingTests.test_zero_amount_is_refused"], "24": ["", "tests.test_ledger.ClosingTests.test_memo_index_over_a_full_year", "tests.test_ledger.PostingTests.test_post_and_balance", "tests.test_ledger.ClosingTests.test_a_balanced_ledger_closes", "tests.test_ledger.PostingTests.test_zero_amount_is_refused", "tests.test_ledger.PostingTests.test_classify"], "18": [""], "14": [""], "11": [""], "15": [""], "19": [""], "21": [""], "28": [""], "26": ["", "tests.test_ledger.ClosingTests.test_memo_index_over_a_full_year", "tests.test_ledger.PostingTests.test_post_and_balance", "tests.test_ledger.ClosingTests.test_a_balanced_ledger_closes", "tests.test_ledger.PostingTests.test_zero_amount_is_refused", "tests.test_ledger.PostingTests.test_classify"], "47": [""], "41": ["", "tests.test_ledger.ClosingTests.test_memo_index_over_a_full_year", "tests.test_ledger.PostingTests.test_post_and_balance", "tests.test_ledger.ClosingTests.test_a_balanced_ledger_closes", "tests.test_ledger.PostingTests.test_zero_amount_is_refused"], "43": ["", "tests.test_ledger.PostingTests.test_post_and_balance", "tests.test_ledger.ClosingTests.test_a_balanced_ledger_closes", "tests.test_ledger.ClosingTests.test_memo_index_over_a_full_year"], "44": ["", "tests.test_ledger.PostingTests.test_post_and_balance", "tests.test_ledger.ClosingTests.test_a_balanced_ledger_closes", "tests.test_ledger.ClosingTests.test_memo_index_over_a_full_year"], "45": ["", "tests.test_ledger.PostingTests.test_post_and_balance", "tests.test_ledger.ClosingTests.test_a_balanced_ledger_closes", "tests.test_ledger.ClosingTests.test_memo_index_over_a_full_year"], "59": [""], "75": [""], "86": [""], "99": [""], "110": [""], "82": ["tests.test_ledger.ClosingTests.test_a_balanced_ledger_closes"], "53": ["tests.test_ledger.ClosingTests.test_a_balanced_ledger_closes", "tests.test_ledger.PostingTests.test_post_and_balance"], "54": ["tests.test_ledger.ClosingTests.test_a_balanced_ledger_closes", "tests.test_ledger.PostingTests.test_post_and_balance"], "55": ["tests.test_ledger.ClosingTests.test_a_balanced_ledger_closes", "tests.test_ledger.PostingTests.test_post_and_balance"], "57": ["tests.test_ledger.ClosingTests.test_a_balanced_ledger_closes", "tests.test_ledger.PostingTests.test_post_and_balance"], "56": ["tests.test_ledger.ClosingTests.test_a_balanced_ledger_closes", "tests.test_ledger.PostingTests.test_post_and_balance"], "84": ["tests.test_ledger.ClosingTests.test_a_balanced_ledger_closes"], "93": ["tests.test_ledger.ClosingTests.test_memo_index_over_a_full_year"], "94": ["tests.test_ledger.ClosingTests.test_memo_index_over_a_full_year"], "95": ["tests.test_ledger.ClosingTests.test_memo_index_over_a_full_year"], "97": ["tests.test_ledger.ClosingTests.test_memo_index_over_a_full_year"], "96": ["tests.test_ledger.ClosingTests.test_memo_index_over_a_full_year"], "67": ["tests.test_ledger.PostingTests.test_classify"], "68": ["tests.test_ledger.PostingTests.test_classify"], "69": ["tests.test_ledger.PostingTests.test_classify"], "70": ["tests.test_ledger.PostingTests.test_classify"], "71": ["tests.test_ledger.PostingTests.test_classify"], "72": ["tests.test_ledger.PostingTests.test_classify"], "42": ["tests.test_ledger.PostingTests.test_zero_amount_is_refused"]}, "executed_branches": [[39, 41], [41, 42], [41, 43], [54, 55], [54, 57], [55, 54], [55, 56], [67, 68], [67, 69], [69, 70], [69, 71], [71, 72], [82, 84], [94, 95], [94, 97], [95, 94], [95, 96]], "missing_branches": [[39, 40], [71, 73], [82, 83], [106, 107], [106, 108]], "functions": {"Ledger.__init__": {"executed_lines": [24, 26], "summary": {"covered_lines": 2, "num_statements": 2, "percent_covered": 100.0, "percent_covered_display": "100", "missing_lines": 0, "excluded_lines": 0, "percent_statements_covered": 100.0, "percent_statements_covered_display": "100", "num_branches": 0, "num_partial_branches": 0, "covered_branches": 0, "missing_branches": 0, "percent_branches_covered": 100.0, "percent_branches_covered_display": "100"}, "missing_lines": [], "excluded_lines": [], "start_line": 21, "contexts": {"39": ["", "tests.test_ledger.ClosingTests.test_memo_index_over_a_full_year", "tests.test_ledger.PostingTests.test_post_and_balance", "tests.test_ledger.ClosingTests.test_a_balanced_ledger_closes", "tests.test_ledger.PostingTests.test_zero_amount_is_refused"], "24": ["", "tests.test_ledger.ClosingTests.test_memo_index_over_a_full_year", "tests.test_ledger.PostingTests.test_post_and_balance", "tests.test_ledger.ClosingTests.test_a_balanced_ledger_closes", "tests.test_ledger.PostingTests.test_zero_amount_is_refused", "tests.test_ledger.PostingTests.test_classify"], "18": [""], "14": [""], "11": [""], "15": [""], "19": [""], "21": [""], "28": [""], "26": ["", "tests.test_ledger.ClosingTests.test_memo_index_over_a_full_year", "tests.test_ledger.PostingTests.test_post_and_balance", "tests.test_ledger.ClosingTests.test_a_balanced_ledger_closes", "tests.test_ledger.PostingTests.test_zero_amount_is_refused", "tests.test_ledger.PostingTests.test_classify"], "47": [""], "41": ["", "tests.test_ledger.ClosingTests.test_memo_index_over_a_full_year", "tests.test_ledger.PostingTests.test_post_and_balance", "tests.test_ledger.ClosingTests.test_a_balanced_ledger_closes", "tests.test_ledger.PostingTests.test_zero_amount_is_refused"], "43": ["", "tests.test_ledger.PostingTests.test_post_and_balance", "tests.test_ledger.ClosingTests.test_a_balanced_ledger_closes", "tests.test_ledger.ClosingTests.test_memo_index_over_a_full_year"], "44": ["", "tests.test_ledger.PostingTests.test_post_and_balance", "tests.test_ledger.ClosingTests.test_a_balanced_ledger_closes", "tests.test_ledger.ClosingTests.test_memo_index_over_a_full_year"], "45": ["", "tests.test_ledger.PostingTests.test_post_and_balance", "tests.test_ledger.ClosingTests.test_a_balanced_ledger_closes", "tests.test_ledger.ClosingTests.test_memo_index_over_a_full_year"], "59": [""], "75": [""], "86": [""], "99": [""], "110": [""], "82": ["tests.test_ledger.ClosingTests.test_a_balanced_ledger_closes"], "53": ["tests.test_ledger.ClosingTests.test_a_balanced_ledger_closes", "tests.test_ledger.PostingTests.test_post_and_balance"], "54": ["tests.test_ledger.ClosingTests.test_a_balanced_ledger_closes", "tests.test_ledger.PostingTests.test_post_and_balance"], "55": ["tests.test_ledger.ClosingTests.test_a_balanced_ledger_closes", "tests.test_ledger.PostingTests.test_post_and_balance"], "57": ["tests.test_ledger.ClosingTests.test_a_balanced_ledger_closes", "tests.test_ledger.PostingTests.test_post_and_balance"], "56": ["tests.test_ledger.ClosingTests.test_a_balanced_ledger_closes", "tests.test_ledger.PostingTests.test_post_and_balance"], "84": ["tests.test_ledger.ClosingTests.test_a_balanced_ledger_closes"], "93": ["tests.test_ledger.ClosingTests.test_memo_index_over_a_full_year"], "94": ["tests.test_ledger.ClosingTests.test_memo_index_over_a_full_year"], "95": ["tests.test_ledger.ClosingTests.test_memo_index_over_a_full_year"], "97": ["tests.test_ledger.ClosingTests.test_memo_index_over_a_full_year"], "96": ["tests.test_ledger.ClosingTests.test_memo_index_over_a_full_year"], "67": ["tests.test_ledger.PostingTests.test_classify"], "68": ["tests.test_ledger.PostingTests.test_classify"], "69": ["tests.test_ledger.PostingTests.test_classify"], "70": ["tests.test_ledger.PostingTests.test_classify"], "71": ["tests.test_ledger.PostingTests.test_classify"], "72": ["tests.test_ledger.PostingTests.test_classify"], "42": ["tests.test_ledger.PostingTests.test_zero_amount_is_refused"]}, "executed_branches": [], "missing_branches": []}, "Ledger.post": {"executed_lines": [39, 41, 42, 43, 44, 45], "summary": {"covered_lines": 6, "num_statements": 7, "percent_covered": 81.81818181818181, "percent_covered_display": "82", "missing_lines": 1, "excluded_lines": 0, "percent_statements_covered": 85.71428571428571, "percent_statements_covered_display": "86", "num_branches": 4, "num_partial_branches": 1, "covered_branches": 3, "missing_branches": 1, "percent_branches_covered": 75.0, "percent_branches_covered_display": "75"}, "missing_lines": [40], "excluded_lines": [], "start_line": 28, "contexts": {"39": ["", "tests.test_ledger.ClosingTests.test_memo_index_over_a_full_year", "tests.test_ledger.PostingTests.test_post_and_balance", "tests.test_ledger.ClosingTests.test_a_balanced_ledger_closes", "tests.test_ledger.PostingTests.test_zero_amount_is_refused"], "24": ["", "tests.test_ledger.ClosingTests.test_memo_index_over_a_full_year", "tests.test_ledger.PostingTests.test_post_and_balance", "tests.test_ledger.ClosingTests.test_a_balanced_ledger_closes", "tests.test_ledger.PostingTests.test_zero_amount_is_refused", "tests.test_ledger.PostingTests.test_classify"], "18": [""], "14": [""], "11": [""], "15": [""], "19": [""], "21": [""], "28": [""], "26": ["", "tests.test_ledger.ClosingTests.test_memo_index_over_a_full_year", "tests.test_ledger.PostingTests.test_post_and_balance", "tests.test_ledger.ClosingTests.test_a_balanced_ledger_closes", "tests.test_ledger.PostingTests.test_zero_amount_is_refused", "tests.test_ledger.PostingTests.test_classify"], "47": [""], "41": ["", "tests.test_ledger.ClosingTests.test_memo_index_over_a_full_year", "tests.test_ledger.PostingTests.test_post_and_balance", "tests.test_ledger.ClosingTests.test_a_balanced_ledger_closes", "tests.test_ledger.PostingTests.test_zero_amount_is_refused"], "43": ["", "tests.test_ledger.PostingTests.test_post_and_balance", "tests.test_ledger.ClosingTests.test_a_balanced_ledger_closes", "tests.test_ledger.ClosingTests.test_memo_index_over_a_full_year"], "44": ["", "tests.test_ledger.PostingTests.test_post_and_balance", "tests.test_ledger.ClosingTests.test_a_balanced_ledger_closes", "tests.test_ledger.ClosingTests.test_memo_index_over_a_full_year"], "45": ["", "tests.test_ledger.PostingTests.test_post_and_balance", "tests.test_ledger.ClosingTests.test_a_balanced_ledger_closes", "tests.test_ledger.ClosingTests.test_memo_index_over_a_full_year"], "59": [""], "75": [""], "86": [""], "99": [""], "110": [""], "82": ["tests.test_ledger.ClosingTests.test_a_balanced_ledger_closes"], "53": ["tests.test_ledger.ClosingTests.test_a_balanced_ledger_closes", "tests.test_ledger.PostingTests.test_post_and_balance"], "54": ["tests.test_ledger.ClosingTests.test_a_balanced_ledger_closes", "tests.test_ledger.PostingTests.test_post_and_balance"], "55": ["tests.test_ledger.ClosingTests.test_a_balanced_ledger_closes", "tests.test_ledger.PostingTests.test_post_and_balance"], "57": ["tests.test_ledger.ClosingTests.test_a_balanced_ledger_closes", "tests.test_ledger.PostingTests.test_post_and_balance"], "56": ["tests.test_ledger.ClosingTests.test_a_balanced_ledger_closes", "tests.test_ledger.PostingTests.test_post_and_balance"], "84": ["tests.test_ledger.ClosingTests.test_a_balanced_ledger_closes"], "93": ["tests.test_ledger.ClosingTests.test_memo_index_over_a_full_year"], "94": ["tests.test_ledger.ClosingTests.test_memo_index_over_a_full_year"], "95": ["tests.test_ledger.ClosingTests.test_memo_index_over_a_full_year"], "97": ["tests.test_ledger.ClosingTests.test_memo_index_over_a_full_year"], "96": ["tests.test_ledger.ClosingTests.test_memo_index_over_a_full_year"], "67": ["tests.test_ledger.PostingTests.test_classify"], "68": ["tests.test_ledger.PostingTests.test_classify"], "69": ["tests.test_ledger.PostingTests.test_classify"], "70": ["tests.test_ledger.PostingTests.test_classify"], "71": ["tests.test_ledger.PostingTests.test_classify"], "72": ["tests.test_ledger.PostingTests.test_classify"], "42": ["tests.test_ledger.PostingTests.test_zero_amount_is_refused"]}, "executed_branches": [[39, 41], [41, 42], [41, 43]], "missing_branches": [[39, 40]]}, "Ledger.balance": {"executed_lines": [53, 54, 55, 56, 57], "summary": {"covered_lines": 5, "num_statements": 5, "percent_covered": 100.0, "percent_covered_display": "100", "missing_lines": 0, "excluded_lines": 0, "percent_statements_covered": 100.0, "percent_statements_covered_display": "100", "num_branches": 4, "num_partial_branches": 0, "covered_branches": 4, "missing_branches": 0, "percent_branches_covered": 100.0, "percent_branches_covered_display": "100"}, "missing_lines": [], "excluded_lines": [], "start_line": 47, "contexts": {"39": ["", "tests.test_ledger.ClosingTests.test_memo_index_over_a_full_year", "tests.test_ledger.PostingTests.test_post_and_balance", "tests.test_ledger.ClosingTests.test_a_balanced_ledger_closes", "tests.test_ledger.PostingTests.test_zero_amount_is_refused"], "24": ["", "tests.test_ledger.ClosingTests.test_memo_index_over_a_full_year", "tests.test_ledger.PostingTests.test_post_and_balance", "tests.test_ledger.ClosingTests.test_a_balanced_ledger_closes", "tests.test_ledger.PostingTests.test_zero_amount_is_refused", "tests.test_ledger.PostingTests.test_classify"], "18": [""], "14": [""], "11": [""], "15": [""], "19": [""], "21": [""], "28": [""], "26": ["", "tests.test_ledger.ClosingTests.test_memo_index_over_a_full_year", "tests.test_ledger.PostingTests.test_post_and_balance", "tests.test_ledger.ClosingTests.test_a_balanced_ledger_closes", "tests.test_ledger.PostingTests.test_zero_amount_is_refused", "tests.test_ledger.PostingTests.test_classify"], "47": [""], "41": ["", "tests.test_ledger.ClosingTests.test_memo_index_over_a_full_year", "tests.test_ledger.PostingTests.test_post_and_balance", "tests.test_ledger.ClosingTests.test_a_balanced_ledger_closes", "tests.test_ledger.PostingTests.test_zero_amount_is_refused"], "43": ["", "tests.test_ledger.PostingTests.test_post_and_balance", "tests.test_ledger.ClosingTests.test_a_balanced_ledger_closes", "tests.test_ledger.ClosingTests.test_memo_index_over_a_full_year"], "44": ["", "tests.test_ledger.PostingTests.test_post_and_balance", "tests.test_ledger.ClosingTests.test_a_balanced_ledger_closes", "tests.test_ledger.ClosingTests.test_memo_index_over_a_full_year"], "45": ["", "tests.test_ledger.PostingTests.test_post_and_balance", "tests.test_ledger.ClosingTests.test_a_balanced_ledger_closes", "tests.test_ledger.ClosingTests.test_memo_index_over_a_full_year"], "59": [""], "75": [""], "86": [""], "99": [""], "110": [""], "82": ["tests.test_ledger.ClosingTests.test_a_balanced_ledger_closes"], "53": ["tests.test_ledger.ClosingTests.test_a_balanced_ledger_closes", "tests.test_ledger.PostingTests.test_post_and_balance"], "54": ["tests.test_ledger.ClosingTests.test_a_balanced_ledger_closes", "tests.test_ledger.PostingTests.test_post_and_balance"], "55": ["tests.test_ledger.ClosingTests.test_a_balanced_ledger_closes", "tests.test_ledger.PostingTests.test_post_and_balance"], "57": ["tests.test_ledger.ClosingTests.test_a_balanced_ledger_closes", "tests.test_ledger.PostingTests.test_post_and_balance"], "56": ["tests.test_ledger.ClosingTests.test_a_balanced_ledger_closes", "tests.test_ledger.PostingTests.test_post_and_balance"], "84": ["tests.test_ledger.ClosingTests.test_a_balanced_ledger_closes"], "93": ["tests.test_ledger.ClosingTests.test_memo_index_over_a_full_year"], "94": ["tests.test_ledger.ClosingTests.test_memo_index_over_a_full_year"], "95": ["tests.test_ledger.ClosingTests.test_memo_index_over_a_full_year"], "97": ["tests.test_ledger.ClosingTests.test_memo_index_over_a_full_year"], "96": ["tests.test_ledger.ClosingTests.test_memo_index_over_a_full_year"], "67": ["tests.test_ledger.PostingTests.test_classify"], "68": ["tests.test_ledger.PostingTests.test_classify"], "69": ["tests.test_ledger.PostingTests.test_classify"], "70": ["tests.test_ledger.PostingTests.test_classify"], "71": ["tests.test_ledger.PostingTests.test_classify"], "72": ["tests.test_ledger.PostingTests.test_classify"], "42": ["tests.test_ledger.PostingTests.test_zero_amount_is_refused"]}, "executed_branches": [[54, 55], [54, 57], [55, 54], [55, 56]], "missing_branches": []}, "Ledger.classify": {"executed_lines": [67, 68, 69, 70, 71, 72], "summary": {"covered_lines": 6, "num_statements": 7, "percent_covered": 84.61538461538461, "percent_covered_display": "85", "missing_lines": 1, "excluded_lines": 0, "percent_statements_covered": 85.71428571428571, "percent_statements_covered_display": "86", "num_branches": 6, "num_partial_branches": 1, "covered_branches": 5, "missing_branches": 1, "percent_branches_covered": 83.33333333333333, "percent_branches_covered_display": "83"}, "missing_lines": [73], "excluded_lines": [], "start_line": 59, "contexts": {"39": ["", "tests.test_ledger.ClosingTests.test_memo_index_over_a_full_year", "tests.test_ledger.PostingTests.test_post_and_balance", "tests.test_ledger.ClosingTests.test_a_balanced_ledger_closes", "tests.test_ledger.PostingTests.test_zero_amount_is_refused"], "24": ["", "tests.test_ledger.ClosingTests.test_memo_index_over_a_full_year", "tests.test_ledger.PostingTests.test_post_and_balance", "tests.test_ledger.ClosingTests.test_a_balanced_ledger_closes", "tests.test_ledger.PostingTests.test_zero_amount_is_refused", "tests.test_ledger.PostingTests.test_classify"], "18": [""], "14": [""], "11": [""], "15": [""], "19": [""], "21": [""], "28": [""], "26": ["", "tests.test_ledger.ClosingTests.test_memo_index_over_a_full_year", "tests.test_ledger.PostingTests.test_post_and_balance", "tests.test_ledger.ClosingTests.test_a_balanced_ledger_closes", "tests.test_ledger.PostingTests.test_zero_amount_is_refused", "tests.test_ledger.PostingTests.test_classify"], "47": [""], "41": ["", "tests.test_ledger.ClosingTests.test_memo_index_over_a_full_year", "tests.test_ledger.PostingTests.test_post_and_balance", "tests.test_ledger.ClosingTests.test_a_balanced_ledger_closes", "tests.test_ledger.PostingTests.test_zero_amount_is_refused"], "43": ["", "tests.test_ledger.PostingTests.test_post_and_balance", "tests.test_ledger.ClosingTests.test_a_balanced_ledger_closes", "tests.test_ledger.ClosingTests.test_memo_index_over_a_full_year"], "44": ["", "tests.test_ledger.PostingTests.test_post_and_balance", "tests.test_ledger.ClosingTests.test_a_balanced_ledger_closes", "tests.test_ledger.ClosingTests.test_memo_index_over_a_full_year"], "45": ["", "tests.test_ledger.PostingTests.test_post_and_balance", "tests.test_ledger.ClosingTests.test_a_balanced_ledger_closes", "tests.test_ledger.ClosingTests.test_memo_index_over_a_full_year"], "59": [""], "75": [""], "86": [""], "99": [""], "110": [""], "82": ["tests.test_ledger.ClosingTests.test_a_balanced_ledger_closes"], "53": ["tests.test_ledger.ClosingTests.test_a_balanced_ledger_closes", "tests.test_ledger.PostingTests.test_post_and_balance"], "54": ["tests.test_ledger.ClosingTests.test_a_balanced_ledger_closes", "tests.test_ledger.PostingTests.test_post_and_balance"], "55": ["tests.test_ledger.ClosingTests.test_a_balanced_ledger_closes", "tests.test_ledger.PostingTests.test_post_and_balance"], "57": ["tests.test_ledger.ClosingTests.test_a_balanced_ledger_closes", "tests.test_ledger.PostingTests.test_post_and_balance"], "56": ["tests.test_ledger.ClosingTests.test_a_balanced_ledger_closes", "tests.test_ledger.PostingTests.test_post_and_balance"], "84": ["tests.test_ledger.ClosingTests.test_a_balanced_ledger_closes"], "93": ["tests.test_ledger.ClosingTests.test_memo_index_over_a_full_year"], "94": ["tests.test_ledger.ClosingTests.test_memo_index_over_a_full_year"], "95": ["tests.test_ledger.ClosingTests.test_memo_index_over_a_full_year"], "97": ["tests.test_ledger.ClosingTests.test_memo_index_over_a_full_year"], "96": ["tests.test_ledger.ClosingTests.test_memo_index_over_a_full_year"], "67": ["tests.test_ledger.PostingTests.test_classify"], "68": ["tests.test_ledger.PostingTests.test_classify"], "69": ["tests.test_ledger.PostingTests.test_classify"], "70": ["tests.test_ledger.PostingTests.test_classify"], "71": ["tests.test_ledger.PostingTests.test_classify"], "72": ["tests.test_ledger.PostingTests.test_classify"], "42": ["tests.test_ledger.PostingTests.test_zero_amount_is_refused"]}, "executed_branches": [[67, 68], [67, 69], [69, 70], [69, 71], [71, 72]], "missing_branches": [[71, 73]]}, "Ledger.close": {"executed_lines": [82, 84], "summary": {"covered_lines": 2, "num_statements": 3, "percent_covered": 60.0, "percent_covered_display": "60", "missing_lines": 1, "excluded_lines": 0, "percent_statements_covered": 66.66666666666667, "percent_statements_covered_display": "67", "num_branches": 2, "num_partial_branches": 1, "covered_branches": 1, "missing_branches": 1, "percent_branches_covered": 50.0, "percent_branches_covered_display": "50"}, "missing_lines": [83], "excluded_lines": [], "start_line": 75, "contexts": {"39": ["", "tests.test_ledger.ClosingTests.test_memo_index_over_a_full_year", "tests.test_ledger.PostingTests.test_post_and_balance", "tests.test_ledger.ClosingTests.test_a_balanced_ledger_closes", "tests.test_ledger.PostingTests.test_zero_amount_is_refused"], "24": ["", "tests.test_ledger.ClosingTests.test_memo_index_over_a_full_year", "tests.test_ledger.PostingTests.test_post_and_balance", "tests.test_ledger.ClosingTests.test_a_balanced_ledger_closes", "tests.test_ledger.PostingTests.test_zero_amount_is_refused", "tests.test_ledger.PostingTests.test_classify"], "18": [""], "14": [""], "11": [""], "15": [""], "19": [""], "21": [""], "28": [""], "26": ["", "tests.test_ledger.ClosingTests.test_memo_index_over_a_full_year", "tests.test_ledger.PostingTests.test_post_and_balance", "tests.test_ledger.ClosingTests.test_a_balanced_ledger_closes", "tests.test_ledger.PostingTests.test_zero_amount_is_refused", "tests.test_ledger.PostingTests.test_classify"], "47": [""], "41": ["", "tests.test_ledger.ClosingTests.test_memo_index_over_a_full_year", "tests.test_ledger.PostingTests.test_post_and_balance", "tests.test_ledger.ClosingTests.test_a_balanced_ledger_closes", "tests.test_ledger.PostingTests.test_zero_amount_is_refused"], "43": ["", "tests.test_ledger.PostingTests.test_post_and_balance", "tests.test_ledger.ClosingTests.test_a_balanced_ledger_closes", "tests.test_ledger.ClosingTests.test_memo_index_over_a_full_year"], "44": ["", "tests.test_ledger.PostingTests.test_post_and_balance", "tests.test_ledger.ClosingTests.test_a_balanced_ledger_closes", "tests.test_ledger.ClosingTests.test_memo_index_over_a_full_year"], "45": ["", "tests.test_ledger.PostingTests.test_post_and_balance", "tests.test_ledger.ClosingTests.test_a_balanced_ledger_closes", "tests.test_ledger.ClosingTests.test_memo_index_over_a_full_year"], "59": [""], "75": [""], "86": [""], "99": [""], "110": [""], "82": ["tests.test_ledger.ClosingTests.test_a_balanced_ledger_closes"], "53": ["tests.test_ledger.ClosingTests.test_a_balanced_ledger_closes", "tests.test_ledger.PostingTests.test_post_and_balance"], "54": ["tests.test_ledger.ClosingTests.test_a_balanced_ledger_closes", "tests.test_ledger.PostingTests.test_post_and_balance"], "55": ["tests.test_ledger.ClosingTests.test_a_balanced_ledger_closes", "tests.test_ledger.PostingTests.test_post_and_balance"], "57": ["tests.test_ledger.ClosingTests.test_a_balanced_ledger_closes", "tests.test_ledger.PostingTests.test_post_and_balance"], "56": ["tests.test_ledger.ClosingTests.test_a_balanced_ledger_closes", "tests.test_ledger.PostingTests.test_post_and_balance"], "84": ["tests.test_ledger.ClosingTests.test_a_balanced_ledger_closes"], "93": ["tests.test_ledger.ClosingTests.test_memo_index_over_a_full_year"], "94": ["tests.test_ledger.ClosingTests.test_memo_index_over_a_full_year"], "95": ["tests.test_ledger.ClosingTests.test_memo_index_over_a_full_year"], "97": ["tests.test_ledger.ClosingTests.test_memo_index_over_a_full_year"], "96": ["tests.test_ledger.ClosingTests.test_memo_index_over_a_full_year"], "67": ["tests.test_ledger.PostingTests.test_classify"], "68": ["tests.test_ledger.PostingTests.test_classify"], "69": ["tests.test_ledger.PostingTests.test_classify"], "70": ["tests.test_ledger.PostingTests.test_classify"], "71": ["tests.test_ledger.PostingTests.test_classify"], "72": ["tests.test_ledger.PostingTests.test_classify"], "42": ["tests.test_ledger.PostingTests.test_zero_amount_is_refused"]}, "executed_branches": [[82, 84]], "missing_branches": [[82, 83]]}, "Ledger.memo_index": {"executed_lines": [93, 94, 95, 96, 97], "summary": {"covered_lines": 5, "num_statements": 5, "percent_covered": 100.0, "percent_covered_display": "100", "missing_lines": 0, "excluded_lines": 0, "percent_statements_covered": 100.0, "percent_statements_covered_display": "100", "num_branches": 4, "num_partial_branches": 0, "covered_branches": 4, "missing_branches": 0, "percent_branches_covered": 100.0, "percent_branches_covered_display": "100"}, "missing_lines": [], "excluded_lines": [], "start_line": 86, "contexts": {"39": ["", "tests.test_ledger.ClosingTests.test_memo_index_over_a_full_year", "tests.test_ledger.PostingTests.test_post_and_balance", "tests.test_ledger.ClosingTests.test_a_balanced_ledger_closes", "tests.test_ledger.PostingTests.test_zero_amount_is_refused"], "24": ["", "tests.test_ledger.ClosingTests.test_memo_index_over_a_full_year", "tests.test_ledger.PostingTests.test_post_and_balance", "tests.test_ledger.ClosingTests.test_a_balanced_ledger_closes", "tests.test_ledger.PostingTests.test_zero_amount_is_refused", "tests.test_ledger.PostingTests.test_classify"], "18": [""], "14": [""], "11": [""], "15": [""], "19": [""], "21": [""], "28": [""], "26": ["", "tests.test_ledger.ClosingTests.test_memo_index_over_a_full_year", "tests.test_ledger.PostingTests.test_post_and_balance", "tests.test_ledger.ClosingTests.test_a_balanced_ledger_closes", "tests.test_ledger.PostingTests.test_zero_amount_is_refused", "tests.test_ledger.PostingTests.test_classify"], "47": [""], "41": ["", "tests.test_ledger.ClosingTests.test_memo_index_over_a_full_year", "tests.test_ledger.PostingTests.test_post_and_balance", "tests.test_ledger.ClosingTests.test_a_balanced_ledger_closes", "tests.test_ledger.PostingTests.test_zero_amount_is_refused"], "43": ["", "tests.test_ledger.PostingTests.test_post_and_balance", "tests.test_ledger.ClosingTests.test_a_balanced_ledger_closes", "tests.test_ledger.ClosingTests.test_memo_index_over_a_full_year"], "44": ["", "tests.test_ledger.PostingTests.test_post_and_balance", "tests.test_ledger.ClosingTests.test_a_balanced_ledger_closes", "tests.test_ledger.ClosingTests.test_memo_index_over_a_full_year"], "45": ["", "tests.test_ledger.PostingTests.test_post_and_balance", "tests.test_ledger.ClosingTests.test_a_balanced_ledger_closes", "tests.test_ledger.ClosingTests.test_memo_index_over_a_full_year"], "59": [""], "75": [""], "86": [""], "99": [""], "110": [""], "82": ["tests.test_ledger.ClosingTests.test_a_balanced_ledger_closes"], "53": ["tests.test_ledger.ClosingTests.test_a_balanced_ledger_closes", "tests.test_ledger.PostingTests.test_post_and_balance"], "54": ["tests.test_ledger.ClosingTests.test_a_balanced_ledger_closes", "tests.test_ledger.PostingTests.test_post_and_balance"], "55": ["tests.test_ledger.ClosingTests.test_a_balanced_ledger_closes", "tests.test_ledger.PostingTests.test_post_and_balance"], "57": ["tests.test_ledger.ClosingTests.test_a_balanced_ledger_closes", "tests.test_ledger.PostingTests.test_post_and_balance"], "56": ["tests.test_ledger.ClosingTests.test_a_balanced_ledger_closes", "tests.test_ledger.PostingTests.test_post_and_balance"], "84": ["tests.test_ledger.ClosingTests.test_a_balanced_ledger_closes"], "93": ["tests.test_ledger.ClosingTests.test_memo_index_over_a_full_year"], "94": ["tests.test_ledger.ClosingTests.test_memo_index_over_a_full_year"], "95": ["tests.test_ledger.ClosingTests.test_memo_index_over_a_full_year"], "97": ["tests.test_ledger.ClosingTests.test_memo_index_over_a_full_year"], "96": ["tests.test_ledger.ClosingTests.test_memo_index_over_a_full_year"], "67": ["tests.test_ledger.PostingTests.test_classify"], "68": ["tests.test_ledger.PostingTests.test_classify"], "69": ["tests.test_ledger.PostingTests.test_classify"], "70": ["tests.test_ledger.PostingTests.test_classify"], "71": ["tests.test_ledger.PostingTests.test_classify"], "72": ["tests.test_ledger.PostingTests.test_classify"], "42": ["tests.test_ledger.PostingTests.test_zero_amount_is_refused"]}, "executed_branches": [[94, 95], [94, 97], [95, 94], [95, 96]], "missing_branches": []}, "Ledger.export_csv": {"executed_lines": [], "summary": {"covered_lines": 0, "num_statements": 4, "percent_covered": 0.0, "percent_covered_display": "0", "missing_lines": 4, "excluded_lines": 0, "percent_statements_covered": 0.0, "percent_statements_covered_display": "0", "num_branches": 2, "num_partial_branches": 0, "covered_branches": 0, "missing_branches": 2, "percent_branches_covered": 0.0, "percent_branches_covered_display": "0"}, "missing_lines": [105, 106, 107, 108], "excluded_lines": [], "start_line": 99, "contexts": {"39": ["", "tests.test_ledger.ClosingTests.test_memo_index_over_a_full_year", "tests.test_ledger.PostingTests.test_post_and_balance", "tests.test_ledger.ClosingTests.test_a_balanced_ledger_closes", "tests.test_ledger.PostingTests.test_zero_amount_is_refused"], "24": ["", "tests.test_ledger.ClosingTests.test_memo_index_over_a_full_year", "tests.test_ledger.PostingTests.test_post_and_balance", "tests.test_ledger.ClosingTests.test_a_balanced_ledger_closes", "tests.test_ledger.PostingTests.test_zero_amount_is_refused", "tests.test_ledger.PostingTests.test_classify"], "18": [""], "14": [""], "11": [""], "15": [""], "19": [""], "21": [""], "28": [""], "26": ["", "tests.test_ledger.ClosingTests.test_memo_index_over_a_full_year", "tests.test_ledger.PostingTests.test_post_and_balance", "tests.test_ledger.ClosingTests.test_a_balanced_ledger_closes", "tests.test_ledger.PostingTests.test_zero_amount_is_refused", "tests.test_ledger.PostingTests.test_classify"], "47": [""], "41": ["", "tests.test_ledger.ClosingTests.test_memo_index_over_a_full_year", "tests.test_ledger.PostingTests.test_post_and_balance", "tests.test_ledger.ClosingTests.test_a_balanced_ledger_closes", "tests.test_ledger.PostingTests.test_zero_amount_is_refused"], "43": ["", "tests.test_ledger.PostingTests.test_post_and_balance", "tests.test_ledger.ClosingTests.test_a_balanced_ledger_closes", "tests.test_ledger.ClosingTests.test_memo_index_over_a_full_year"], "44": ["", "tests.test_ledger.PostingTests.test_post_and_balance", "tests.test_ledger.ClosingTests.test_a_balanced_ledger_closes", "tests.test_ledger.ClosingTests.test_memo_index_over_a_full_year"], "45": ["", "tests.test_ledger.PostingTests.test_post_and_balance", "tests.test_ledger.ClosingTests.test_a_balanced_ledger_closes", "tests.test_ledger.ClosingTests.test_memo_index_over_a_full_year"], "59": [""], "75": [""], "86": [""], "99": [""], "110": [""], "82": ["tests.test_ledger.ClosingTests.test_a_balanced_ledger_closes"], "53": ["tests.test_ledger.ClosingTests.test_a_balanced_ledger_closes", "tests.test_ledger.PostingTests.test_post_and_balance"], "54": ["tests.test_ledger.ClosingTests.test_a_balanced_ledger_closes", "tests.test_ledger.PostingTests.test_post_and_balance"], "55": ["tests.test_ledger.ClosingTests.test_a_balanced_ledger_closes", "tests.test_ledger.PostingTests.test_post_and_balance"], "57": ["tests.test_ledger.ClosingTests.test_a_balanced_ledger_closes", "tests.test_ledger.PostingTests.test_post_and_balance"], "56": ["tests.test_ledger.ClosingTests.test_a_balanced_ledger_closes", "tests.test_ledger.PostingTests.test_post_and_balance"], "84": ["tests.test_ledger.ClosingTests.test_a_balanced_ledger_closes"], "93": ["tests.test_ledger.ClosingTests.test_memo_index_over_a_full_year"], "94": ["tests.test_ledger.ClosingTests.test_memo_index_over_a_full_year"], "95": ["tests.test_ledger.ClosingTests.test_memo_index_over_a_full_year"], "97": ["tests.test_ledger.ClosingTests.test_memo_index_over_a_full_year"], "96": ["tests.test_ledger.ClosingTests.test_memo_index_over_a_full_year"], "67": ["tests.test_ledger.PostingTests.test_classify"], "68": ["tests.test_ledger.PostingTests.test_classify"], "69": ["tests.test_ledger.PostingTests.test_classify"], "70": ["tests.test_ledger.PostingTests.test_classify"], "71": ["tests.test_ledger.PostingTests.test_classify"], "72": ["tests.test_ledger.PostingTests.test_classify"], "42": ["tests.test_ledger.PostingTests.test_zero_amount_is_refused"]}, "executed_branches": [], "missing_branches": [[106, 107], [106, 108]]}, "Ledger.debug_dump": {"executed_lines": [], "summary": {"covered_lines": 0, "num_statements": 0, "percent_covered": 100.0, "percent_covered_display": "100", "missing_lines": 0, "excluded_lines": 6, "percent_statements_covered": 100.0, "percent_statements_covered_display": "100", "num_branches": 0, "num_partial_branches": 0, "covered_branches": 0, "missing_branches": 0, "percent_branches_covered": 100.0, "percent_branches_covered_display": "100"}, "missing_lines": [], "excluded_lines": [111, 112, 113, 114, 115, 116], "start_line": 110, "contexts": {"39": ["", "tests.test_ledger.ClosingTests.test_memo_index_over_a_full_year", "tests.test_ledger.PostingTests.test_post_and_balance", "tests.test_ledger.ClosingTests.test_a_balanced_ledger_closes", "tests.test_ledger.PostingTests.test_zero_amount_is_refused"], "24": ["", "tests.test_ledger.ClosingTests.test_memo_index_over_a_full_year", "tests.test_ledger.PostingTests.test_post_and_balance", "tests.test_ledger.ClosingTests.test_a_balanced_ledger_closes", "tests.test_ledger.PostingTests.test_zero_amount_is_refused", "tests.test_ledger.PostingTests.test_classify"], "18": [""], "14": [""], "11": [""], "15": [""], "19": [""], "21": [""], "28": [""], "26": ["", "tests.test_ledger.ClosingTests.test_memo_index_over_a_full_year", "tests.test_ledger.PostingTests.test_post_and_balance", "tests.test_ledger.ClosingTests.test_a_balanced_ledger_closes", "tests.test_ledger.PostingTests.test_zero_amount_is_refused", "tests.test_ledger.PostingTests.test_classify"], "47": [""], "41": ["", "tests.test_ledger.ClosingTests.test_memo_index_over_a_full_year", "tests.test_ledger.PostingTests.test_post_and_balance", "tests.test_ledger.ClosingTests.test_a_balanced_ledger_closes", "tests.test_ledger.PostingTests.test_zero_amount_is_refused"], "43": ["", "tests.test_ledger.PostingTests.test_post_and_balance", "tests.test_ledger.ClosingTests.test_a_balanced_ledger_closes", "tests.test_ledger.ClosingTests.test_memo_index_over_a_full_year"], "44": ["", "tests.test_ledger.PostingTests.test_post_and_balance", "tests.test_ledger.ClosingTests.test_a_balanced_ledger_closes", "tests.test_ledger.ClosingTests.test_memo_index_over_a_full_year"], "45": ["", "tests.test_ledger.PostingTests.test_post_and_balance", "tests.test_ledger.ClosingTests.test_a_balanced_ledger_closes", "tests.test_ledger.ClosingTests.test_memo_index_over_a_full_year"], "59": [""], "75": [""], "86": [""], "99": [""], "110": [""], "82": ["tests.test_ledger.ClosingTests.test_a_balanced_ledger_closes"], "53": ["tests.test_ledger.ClosingTests.test_a_balanced_ledger_closes", "tests.test_ledger.PostingTests.test_post_and_balance"], "54": ["tests.test_ledger.ClosingTests.test_a_balanced_ledger_closes", "tests.test_ledger.PostingTests.test_post_and_balance"], "55": ["tests.test_ledger.ClosingTests.test_a_balanced_ledger_closes", "tests.test_ledger.PostingTests.test_post_and_balance"], "57": ["tests.test_ledger.ClosingTests.test_a_balanced_ledger_closes", "tests.test_ledger.PostingTests.test_post_and_balance"], "56": ["tests.test_ledger.ClosingTests.test_a_balanced_ledger_closes", "tests.test_ledger.PostingTests.test_post_and_balance"], "84": ["tests.test_ledger.ClosingTests.test_a_balanced_ledger_closes"], "93": ["tests.test_ledger.ClosingTests.test_memo_index_over_a_full_year"], "94": ["tests.test_ledger.ClosingTests.test_memo_index_over_a_full_year"], "95": ["tests.test_ledger.ClosingTests.test_memo_index_over_a_full_year"], "97": ["tests.test_ledger.ClosingTests.test_memo_index_over_a_full_year"], "96": ["tests.test_ledger.ClosingTests.test_memo_index_over_a_full_year"], "67": ["tests.test_ledger.PostingTests.test_classify"], "68": ["tests.test_ledger.PostingTests.test_classify"], "69": ["tests.test_ledger.PostingTests.test_classify"], "70": ["tests.test_ledger.PostingTests.test_classify"], "71": ["tests.test_ledger.PostingTests.test_classify"], "72": ["tests.test_ledger.PostingTests.test_classify"], "42": ["tests.test_ledger.PostingTests.test_zero_amount_is_refused"]}, "executed_branches": [], "missing_branches": []}, "": {"executed_lines": [14, 18, 21, 28, 47, 59, 75, 86, 99], "summary": {"covered_lines": 9, "num_statements": 9, "percent_covered": 100.0, "percent_covered_display": "100", "missing_lines": 0, "excluded_lines": 1, "percent_statements_covered": 100.0, "percent_statements_covered_display": "100", "num_branches": 0, "num_partial_branches": 0, "covered_branches": 0, "missing_branches": 0, "percent_branches_covered": 100.0, "percent_branches_covered_display": "100"}, "missing_lines": [], "excluded_lines": [110], "start_line": 1, "contexts": {"39": ["", "tests.test_ledger.ClosingTests.test_memo_index_over_a_full_year", "tests.test_ledger.PostingTests.test_post_and_balance", "tests.test_ledger.ClosingTests.test_a_balanced_ledger_closes", "tests.test_ledger.PostingTests.test_zero_amount_is_refused"], "24": ["", "tests.test_ledger.ClosingTests.test_memo_index_over_a_full_year", "tests.test_ledger.PostingTests.test_post_and_balance", "tests.test_ledger.ClosingTests.test_a_balanced_ledger_closes", "tests.test_ledger.PostingTests.test_zero_amount_is_refused", "tests.test_ledger.PostingTests.test_classify"], "18": [""], "14": [""], "11": [""], "15": [""], "19": [""], "21": [""], "28": [""], "26": ["", "tests.test_ledger.ClosingTests.test_memo_index_over_a_full_year", "tests.test_ledger.PostingTests.test_post_and_balance", "tests.test_ledger.ClosingTests.test_a_balanced_ledger_closes", "tests.test_ledger.PostingTests.test_zero_amount_is_refused", "tests.test_ledger.PostingTests.test_classify"], "47": [""], "41": ["", "tests.test_ledger.ClosingTests.test_memo_index_over_a_full_year", "tests.test_ledger.PostingTests.test_post_and_balance", "tests.test_ledger.ClosingTests.test_a_balanced_ledger_closes", "tests.test_ledger.PostingTests.test_zero_amount_is_refused"], "43": ["", "tests.test_ledger.PostingTests.test_post_and_balance", "tests.test_ledger.ClosingTests.test_a_balanced_ledger_closes", "tests.test_ledger.ClosingTests.test_memo_index_over_a_full_year"], "44": ["", "tests.test_ledger.PostingTests.test_post_and_balance", "tests.test_ledger.ClosingTests.test_a_balanced_ledger_closes", "tests.test_ledger.ClosingTests.test_memo_index_over_a_full_year"], "45": ["", "tests.test_ledger.PostingTests.test_post_and_balance", "tests.test_ledger.ClosingTests.test_a_balanced_ledger_closes", "tests.test_ledger.ClosingTests.test_memo_index_over_a_full_year"], "59": [""], "75": [""], "86": [""], "99": [""], "110": [""], "82": ["tests.test_ledger.ClosingTests.test_a_balanced_ledger_closes"], "53": ["tests.test_ledger.ClosingTests.test_a_balanced_ledger_closes", "tests.test_ledger.PostingTests.test_post_and_balance"], "54": ["tests.test_ledger.ClosingTests.test_a_balanced_ledger_closes", "tests.test_ledger.PostingTests.test_post_and_balance"], "55": ["tests.test_ledger.ClosingTests.test_a_balanced_ledger_closes", "tests.test_ledger.PostingTests.test_post_and_balance"], "57": ["tests.test_ledger.ClosingTests.test_a_balanced_ledger_closes", "tests.test_ledger.PostingTests.test_post_and_balance"], "56": ["tests.test_ledger.ClosingTests.test_a_balanced_ledger_closes", "tests.test_ledger.PostingTests.test_post_and_balance"], "84": ["tests.test_ledger.ClosingTests.test_a_balanced_ledger_closes"], "93": ["tests.test_ledger.ClosingTests.test_memo_index_over_a_full_year"], "94": ["tests.test_ledger.ClosingTests.test_memo_index_over_a_full_year"], "95": ["tests.test_ledger.ClosingTests.test_memo_index_over_a_full_year"], "97": ["tests.test_ledger.ClosingTests.test_memo_index_over_a_full_year"], "96": ["tests.test_ledger.ClosingTests.test_memo_index_over_a_full_year"], "67": ["tests.test_ledger.PostingTests.test_classify"], "68": ["tests.test_ledger.PostingTests.test_classify"], "69": ["tests.test_ledger.PostingTests.test_classify"], "70": ["tests.test_ledger.PostingTests.test_classify"], "71": ["tests.test_ledger.PostingTests.test_classify"], "72": ["tests.test_ledger.PostingTests.test_classify"], "42": ["tests.test_ledger.PostingTests.test_zero_amount_is_refused"]}, "executed_branches": [], "missing_branches": []}}, "classes": {"LedgerError": {"executed_lines": [], "summary": {"covered_lines": 0, "num_statements": 0, "percent_covered": 100.0, "percent_covered_display": "100", "missing_lines": 0, "excluded_lines": 0, "percent_statements_covered": 100.0, "percent_statements_covered_display": "100", "num_branches": 0, "num_partial_branches": 0, "covered_branches": 0, "missing_branches": 0, "percent_branches_covered": 100.0, "percent_branches_covered_display": "100"}, "missing_lines": [], "excluded_lines": [], "start_line": 14, "contexts": {"39": ["", "tests.test_ledger.ClosingTests.test_memo_index_over_a_full_year", "tests.test_ledger.PostingTests.test_post_and_balance", "tests.test_ledger.ClosingTests.test_a_balanced_ledger_closes", "tests.test_ledger.PostingTests.test_zero_amount_is_refused"], "24": ["", "tests.test_ledger.ClosingTests.test_memo_index_over_a_full_year", "tests.test_ledger.PostingTests.test_post_and_balance", "tests.test_ledger.ClosingTests.test_a_balanced_ledger_closes", "tests.test_ledger.PostingTests.test_zero_amount_is_refused", "tests.test_ledger.PostingTests.test_classify"], "18": [""], "14": [""], "11": [""], "15": [""], "19": [""], "21": [""], "28": [""], "26": ["", "tests.test_ledger.ClosingTests.test_memo_index_over_a_full_year", "tests.test_ledger.PostingTests.test_post_and_balance", "tests.test_ledger.ClosingTests.test_a_balanced_ledger_closes", "tests.test_ledger.PostingTests.test_zero_amount_is_refused", "tests.test_ledger.PostingTests.test_classify"], "47": [""], "41": ["", "tests.test_ledger.ClosingTests.test_memo_index_over_a_full_year", "tests.test_ledger.PostingTests.test_post_and_balance", "tests.test_ledger.ClosingTests.test_a_balanced_ledger_closes", "tests.test_ledger.PostingTests.test_zero_amount_is_refused"], "43": ["", "tests.test_ledger.PostingTests.test_post_and_balance", "tests.test_ledger.ClosingTests.test_a_balanced_ledger_closes", "tests.test_ledger.ClosingTests.test_memo_index_over_a_full_year"], "44": ["", "tests.test_ledger.PostingTests.test_post_and_balance", "tests.test_ledger.ClosingTests.test_a_balanced_ledger_closes", "tests.test_ledger.ClosingTests.test_memo_index_over_a_full_year"], "45": ["", "tests.test_ledger.PostingTests.test_post_and_balance", "tests.test_ledger.ClosingTests.test_a_balanced_ledger_closes", "tests.test_ledger.ClosingTests.test_memo_index_over_a_full_year"], "59": [""], "75": [""], "86": [""], "99": [""], "110": [""], "82": ["tests.test_ledger.ClosingTests.test_a_balanced_ledger_closes"], "53": ["tests.test_ledger.ClosingTests.test_a_balanced_ledger_closes", "tests.test_ledger.PostingTests.test_post_and_balance"], "54": ["tests.test_ledger.ClosingTests.test_a_balanced_ledger_closes", "tests.test_ledger.PostingTests.test_post_and_balance"], "55": ["tests.test_ledger.ClosingTests.test_a_balanced_ledger_closes", "tests.test_ledger.PostingTests.test_post_and_balance"], "57": ["tests.test_ledger.ClosingTests.test_a_balanced_ledger_closes", "tests.test_ledger.PostingTests.test_post_and_balance"], "56": ["tests.test_ledger.ClosingTests.test_a_balanced_ledger_closes", "tests.test_ledger.PostingTests.test_post_and_balance"], "84": ["tests.test_ledger.ClosingTests.test_a_balanced_ledger_closes"], "93": ["tests.test_ledger.ClosingTests.test_memo_index_over_a_full_year"], "94": ["tests.test_ledger.ClosingTests.test_memo_index_over_a_full_year"], "95": ["tests.test_ledger.ClosingTests.test_memo_index_over_a_full_year"], "97": ["tests.test_ledger.ClosingTests.test_memo_index_over_a_full_year"], "96": ["tests.test_ledger.ClosingTests.test_memo_index_over_a_full_year"], "67": ["tests.test_ledger.PostingTests.test_classify"], "68": ["tests.test_ledger.PostingTests.test_classify"], "69": ["tests.test_ledger.PostingTests.test_classify"], "70": ["tests.test_ledger.PostingTests.test_classify"], "71": ["tests.test_ledger.PostingTests.test_classify"], "72": ["tests.test_ledger.PostingTests.test_classify"], "42": ["tests.test_ledger.PostingTests.test_zero_amount_is_refused"]}, "executed_branches": [], "missing_branches": []}, "Ledger": {"executed_lines": [24, 26, 39, 41, 42, 43, 44, 45, 53, 54, 55, 56, 57, 67, 68, 69, 70, 71, 72, 82, 84, 93, 94, 95, 96, 97], "summary": {"covered_lines": 26, "num_statements": 33, "percent_covered": 78.18181818181819, "percent_covered_display": "78", "missing_lines": 7, "excluded_lines": 6, "percent_statements_covered": 78.78787878787878, "percent_statements_covered_display": "79", "num_branches": 22, "num_partial_branches": 3, "covered_branches": 17, "missing_branches": 5, "percent_branches_covered": 77.27272727272727, "percent_branches_covered_display": "77"}, "missing_lines": [40, 73, 83, 105, 106, 107, 108], "excluded_lines": [111, 112, 113, 114, 115, 116], "start_line": 18, "contexts": {"39": ["", "tests.test_ledger.ClosingTests.test_memo_index_over_a_full_year", "tests.test_ledger.PostingTests.test_post_and_balance", "tests.test_ledger.ClosingTests.test_a_balanced_ledger_closes", "tests.test_ledger.PostingTests.test_zero_amount_is_refused"], "24": ["", "tests.test_ledger.ClosingTests.test_memo_index_over_a_full_year", "tests.test_ledger.PostingTests.test_post_and_balance", "tests.test_ledger.ClosingTests.test_a_balanced_ledger_closes", "tests.test_ledger.PostingTests.test_zero_amount_is_refused", "tests.test_ledger.PostingTests.test_classify"], "18": [""], "14": [""], "11": [""], "15": [""], "19": [""], "21": [""], "28": [""], "26": ["", "tests.test_ledger.ClosingTests.test_memo_index_over_a_full_year", "tests.test_ledger.PostingTests.test_post_and_balance", "tests.test_ledger.ClosingTests.test_a_balanced_ledger_closes", "tests.test_ledger.PostingTests.test_zero_amount_is_refused", "tests.test_ledger.PostingTests.test_classify"], "47": [""], "41": ["", "tests.test_ledger.ClosingTests.test_memo_index_over_a_full_year", "tests.test_ledger.PostingTests.test_post_and_balance", "tests.test_ledger.ClosingTests.test_a_balanced_ledger_closes", "tests.test_ledger.PostingTests.test_zero_amount_is_refused"], "43": ["", "tests.test_ledger.PostingTests.test_post_and_balance", "tests.test_ledger.ClosingTests.test_a_balanced_ledger_closes", "tests.test_ledger.ClosingTests.test_memo_index_over_a_full_year"], "44": ["", "tests.test_ledger.PostingTests.test_post_and_balance", "tests.test_ledger.ClosingTests.test_a_balanced_ledger_closes", "tests.test_ledger.ClosingTests.test_memo_index_over_a_full_year"], "45": ["", "tests.test_ledger.PostingTests.test_post_and_balance", "tests.test_ledger.ClosingTests.test_a_balanced_ledger_closes", "tests.test_ledger.ClosingTests.test_memo_index_over_a_full_year"], "59": [""], "75": [""], "86": [""], "99": [""], "110": [""], "82": ["tests.test_ledger.ClosingTests.test_a_balanced_ledger_closes"], "53": ["tests.test_ledger.ClosingTests.test_a_balanced_ledger_closes", "tests.test_ledger.PostingTests.test_post_and_balance"], "54": ["tests.test_ledger.ClosingTests.test_a_balanced_ledger_closes", "tests.test_ledger.PostingTests.test_post_and_balance"], "55": ["tests.test_ledger.ClosingTests.test_a_balanced_ledger_closes", "tests.test_ledger.PostingTests.test_post_and_balance"], "57": ["tests.test_ledger.ClosingTests.test_a_balanced_ledger_closes", "tests.test_ledger.PostingTests.test_post_and_balance"], "56": ["tests.test_ledger.ClosingTests.test_a_balanced_ledger_closes", "tests.test_ledger.PostingTests.test_post_and_balance"], "84": ["tests.test_ledger.ClosingTests.test_a_balanced_ledger_closes"], "93": ["tests.test_ledger.ClosingTests.test_memo_index_over_a_full_year"], "94": ["tests.test_ledger.ClosingTests.test_memo_index_over_a_full_year"], "95": ["tests.test_ledger.ClosingTests.test_memo_index_over_a_full_year"], "97": ["tests.test_ledger.ClosingTests.test_memo_index_over_a_full_year"], "96": ["tests.test_ledger.ClosingTests.test_memo_index_over_a_full_year"], "67": ["tests.test_ledger.PostingTests.test_classify"], "68": ["tests.test_ledger.PostingTests.test_classify"], "69": ["tests.test_ledger.PostingTests.test_classify"], "70": ["tests.test_ledger.PostingTests.test_classify"], "71": ["tests.test_ledger.PostingTests.test_classify"], "72": ["tests.test_ledger.PostingTests.test_classify"], "42": ["tests.test_ledger.PostingTests.test_zero_amount_is_refused"]}, "executed_branches": [[39, 41], [41, 42], [41, 43], [54, 55], [54, 57], [55, 54], [55, 56], [67, 68], [67, 69], [69, 70], [69, 71], [71, 72], [82, 84], [94, 95], [94, 97], [95, 94], [95, 96]], "missing_branches": [[39, 40], [71, 73], [82, 83], [106, 107], [106, 108]]}, "": {"executed_lines": [14, 18, 21, 28, 47, 59, 75, 86, 99], "summary": {"covered_lines": 9, "num_statements": 9, "percent_covered": 100.0, "percent_covered_display": "100", "missing_lines": 0, "excluded_lines": 1, "percent_statements_covered": 100.0, "percent_statements_covered_display": "100", "num_branches": 0, "num_partial_branches": 0, "covered_branches": 0, "missing_branches": 0, "percent_branches_covered": 100.0, "percent_branches_covered_display": "100"}, "missing_lines": [], "excluded_lines": [110], "start_line": 1, "contexts": {"39": ["", "tests.test_ledger.ClosingTests.test_memo_index_over_a_full_year", "tests.test_ledger.PostingTests.test_post_and_balance", "tests.test_ledger.ClosingTests.test_a_balanced_ledger_closes", "tests.test_ledger.PostingTests.test_zero_amount_is_refused"], "24": ["", "tests.test_ledger.ClosingTests.test_memo_index_over_a_full_year", "tests.test_ledger.PostingTests.test_post_and_balance", "tests.test_ledger.ClosingTests.test_a_balanced_ledger_closes", "tests.test_ledger.PostingTests.test_zero_amount_is_refused", "tests.test_ledger.PostingTests.test_classify"], "18": [""], "14": [""], "11": [""], "15": [""], "19": [""], "21": [""], "28": [""], "26": ["", "tests.test_ledger.ClosingTests.test_memo_index_over_a_full_year", "tests.test_ledger.PostingTests.test_post_and_balance", "tests.test_ledger.ClosingTests.test_a_balanced_ledger_closes", "tests.test_ledger.PostingTests.test_zero_amount_is_refused", "tests.test_ledger.PostingTests.test_classify"], "47": [""], "41": ["", "tests.test_ledger.ClosingTests.test_memo_index_over_a_full_year", "tests.test_ledger.PostingTests.test_post_and_balance", "tests.test_ledger.ClosingTests.test_a_balanced_ledger_closes", "tests.test_ledger.PostingTests.test_zero_amount_is_refused"], "43": ["", "tests.test_ledger.PostingTests.test_post_and_balance", "tests.test_ledger.ClosingTests.test_a_balanced_ledger_closes", "tests.test_ledger.ClosingTests.test_memo_index_over_a_full_year"], "44": ["", "tests.test_ledger.PostingTests.test_post_and_balance", "tests.test_ledger.ClosingTests.test_a_balanced_ledger_closes", "tests.test_ledger.ClosingTests.test_memo_index_over_a_full_year"], "45": ["", "tests.test_ledger.PostingTests.test_post_and_balance", "tests.test_ledger.ClosingTests.test_a_balanced_ledger_closes", "tests.test_ledger.ClosingTests.test_memo_index_over_a_full_year"], "59": [""], "75": [""], "86": [""], "99": [""], "110": [""], "82": ["tests.test_ledger.ClosingTests.test_a_balanced_ledger_closes"], "53": ["tests.test_ledger.ClosingTests.test_a_balanced_ledger_closes", "tests.test_ledger.PostingTests.test_post_and_balance"], "54": ["tests.test_ledger.ClosingTests.test_a_balanced_ledger_closes", "tests.test_ledger.PostingTests.test_post_and_balance"], "55": ["tests.test_ledger.ClosingTests.test_a_balanced_ledger_closes", "tests.test_ledger.PostingTests.test_post_and_balance"], "57": ["tests.test_ledger.ClosingTests.test_a_balanced_ledger_closes", "tests.test_ledger.PostingTests.test_post_and_balance"], "56": ["tests.test_ledger.ClosingTests.test_a_balanced_ledger_closes", "tests.test_ledger.PostingTests.test_post_and_balance"], "84": ["tests.test_ledger.ClosingTests.test_a_balanced_ledger_closes"], "93": ["tests.test_ledger.ClosingTests.test_memo_index_over_a_full_year"], "94": ["tests.test_ledger.ClosingTests.test_memo_index_over_a_full_year"], "95": ["tests.test_ledger.ClosingTests.test_memo_index_over_a_full_year"], "97": ["tests.test_ledger.ClosingTests.test_memo_index_over_a_full_year"], "96": ["tests.test_ledger.ClosingTests.test_memo_index_over_a_full_year"], "67": ["tests.test_ledger.PostingTests.test_classify"], "68": ["tests.test_ledger.PostingTests.test_classify"], "69": ["tests.test_ledger.PostingTests.test_classify"], "70": ["tests.test_ledger.PostingTests.test_classify"], "71": ["tests.test_ledger.PostingTests.test_classify"], "72": ["tests.test_ledger.PostingTests.test_classify"], "42": ["tests.test_ledger.PostingTests.test_zero_amount_is_refused"]}, "executed_branches": [], "missing_branches": []}}}, "ledger\\reconcile.py": {"executed_lines": [16, 24, 25, 30, 39, 40, 41, 42, 45, 48, 56, 57, 60, 63, 72, 74, 75, 76, 77, 79], "summary": {"covered_lines": 20, "num_statements": 27, "percent_covered": 71.7948717948718, "percent_covered_display": "72", "missing_lines": 7, "excluded_lines": 0, "percent_statements_covered": 74.07407407407408, "percent_statements_covered_display": "74", "num_branches": 12, "num_partial_branches": 4, "covered_branches": 8, "missing_branches": 4, "percent_branches_covered": 66.66666666666667, "percent_branches_covered_display": "67"}, "missing_lines": [26, 27, 44, 58, 59, 73, 78], "excluded_lines": [], "contexts": {"13": [""], "16": [""], "30": [""], "48": [""], "63": [""], "57": ["tests.test_ledger.ReconcileTests.test_a_balanced_ledger_needs_no_settling"], "56": ["tests.test_ledger.ReconcileTests.test_a_balanced_ledger_needs_no_settling"], "60": ["tests.test_ledger.ReconcileTests.test_a_balanced_ledger_needs_no_settling"], "24": ["tests.test_ledger.ReconcileTests.test_every_statement_line_matches", "tests.test_ledger.ReconcileTests.test_amounts_parse"], "25": ["tests.test_ledger.ReconcileTests.test_every_statement_line_matches", "tests.test_ledger.ReconcileTests.test_amounts_parse"], "39": ["tests.test_ledger.ReconcileTests.test_an_existing_amount_is_found", "tests.test_ledger.ReconcileTests.test_every_statement_line_matches"], "40": ["tests.test_ledger.ReconcileTests.test_an_existing_amount_is_found", "tests.test_ledger.ReconcileTests.test_every_statement_line_matches"], "41": ["tests.test_ledger.ReconcileTests.test_an_existing_amount_is_found", "tests.test_ledger.ReconcileTests.test_every_statement_line_matches"], "42": ["tests.test_ledger.ReconcileTests.test_an_existing_amount_is_found", "tests.test_ledger.ReconcileTests.test_every_statement_line_matches"], "45": ["tests.test_ledger.ReconcileTests.test_an_existing_amount_is_found", "tests.test_ledger.ReconcileTests.test_every_statement_line_matches"], "72": ["tests.test_ledger.ReconcileTests.test_every_statement_line_matches"], "74": ["tests.test_ledger.ReconcileTests.test_every_statement_line_matches"], "75": ["tests.test_ledger.ReconcileTests.test_every_statement_line_matches"], "76": ["tests.test_ledger.ReconcileTests.test_every_statement_line_matches"], "79": ["tests.test_ledger.ReconcileTests.test_every_statement_line_matches"], "77": ["tests.test_ledger.ReconcileTests.test_every_statement_line_matches"]}, "executed_branches": [[39, 40], [40, 39], [40, 41], [57, 60], [72, 74], [75, 76], [75, 79], [77, 75]], "missing_branches": [[39, 44], [57, 58], [72, 73], [77, 78]], "functions": {"parse_amount": {"executed_lines": [24, 25], "summary": {"covered_lines": 2, "num_statements": 4, "percent_covered": 50.0, "percent_covered_display": "50", "missing_lines": 2, "excluded_lines": 0, "percent_statements_covered": 50.0, "percent_statements_covered_display": "50", "num_branches": 0, "num_partial_branches": 0, "covered_branches": 0, "missing_branches": 0, "percent_branches_covered": 100.0, "percent_branches_covered_display": "100"}, "missing_lines": [26, 27], "excluded_lines": [], "start_line": 16, "contexts": {"13": [""], "16": [""], "30": [""], "48": [""], "63": [""], "57": ["tests.test_ledger.ReconcileTests.test_a_balanced_ledger_needs_no_settling"], "56": ["tests.test_ledger.ReconcileTests.test_a_balanced_ledger_needs_no_settling"], "60": ["tests.test_ledger.ReconcileTests.test_a_balanced_ledger_needs_no_settling"], "24": ["tests.test_ledger.ReconcileTests.test_every_statement_line_matches", "tests.test_ledger.ReconcileTests.test_amounts_parse"], "25": ["tests.test_ledger.ReconcileTests.test_every_statement_line_matches", "tests.test_ledger.ReconcileTests.test_amounts_parse"], "39": ["tests.test_ledger.ReconcileTests.test_an_existing_amount_is_found", "tests.test_ledger.ReconcileTests.test_every_statement_line_matches"], "40": ["tests.test_ledger.ReconcileTests.test_an_existing_amount_is_found", "tests.test_ledger.ReconcileTests.test_every_statement_line_matches"], "41": ["tests.test_ledger.ReconcileTests.test_an_existing_amount_is_found", "tests.test_ledger.ReconcileTests.test_every_statement_line_matches"], "42": ["tests.test_ledger.ReconcileTests.test_an_existing_amount_is_found", "tests.test_ledger.ReconcileTests.test_every_statement_line_matches"], "45": ["tests.test_ledger.ReconcileTests.test_an_existing_amount_is_found", "tests.test_ledger.ReconcileTests.test_every_statement_line_matches"], "72": ["tests.test_ledger.ReconcileTests.test_every_statement_line_matches"], "74": ["tests.test_ledger.ReconcileTests.test_every_statement_line_matches"], "75": ["tests.test_ledger.ReconcileTests.test_every_statement_line_matches"], "76": ["tests.test_ledger.ReconcileTests.test_every_statement_line_matches"], "79": ["tests.test_ledger.ReconcileTests.test_every_statement_line_matches"], "77": ["tests.test_ledger.ReconcileTests.test_every_statement_line_matches"]}, "executed_branches": [], "missing_branches": []}, "find_entry": {"executed_lines": [39, 40, 41, 42, 45], "summary": {"covered_lines": 5, "num_statements": 6, "percent_covered": 80.0, "percent_covered_display": "80", "missing_lines": 1, "excluded_lines": 0, "percent_statements_covered": 83.33333333333333, "percent_statements_covered_display": "83", "num_branches": 4, "num_partial_branches": 1, "covered_branches": 3, "missing_branches": 1, "percent_branches_covered": 75.0, "percent_branches_covered_display": "75"}, "missing_lines": [44], "excluded_lines": [], "start_line": 30, "contexts": {"13": [""], "16": [""], "30": [""], "48": [""], "63": [""], "57": ["tests.test_ledger.ReconcileTests.test_a_balanced_ledger_needs_no_settling"], "56": ["tests.test_ledger.ReconcileTests.test_a_balanced_ledger_needs_no_settling"], "60": ["tests.test_ledger.ReconcileTests.test_a_balanced_ledger_needs_no_settling"], "24": ["tests.test_ledger.ReconcileTests.test_every_statement_line_matches", "tests.test_ledger.ReconcileTests.test_amounts_parse"], "25": ["tests.test_ledger.ReconcileTests.test_every_statement_line_matches", "tests.test_ledger.ReconcileTests.test_amounts_parse"], "39": ["tests.test_ledger.ReconcileTests.test_an_existing_amount_is_found", "tests.test_ledger.ReconcileTests.test_every_statement_line_matches"], "40": ["tests.test_ledger.ReconcileTests.test_an_existing_amount_is_found", "tests.test_ledger.ReconcileTests.test_every_statement_line_matches"], "41": ["tests.test_ledger.ReconcileTests.test_an_existing_amount_is_found", "tests.test_ledger.ReconcileTests.test_every_statement_line_matches"], "42": ["tests.test_ledger.ReconcileTests.test_an_existing_amount_is_found", "tests.test_ledger.ReconcileTests.test_every_statement_line_matches"], "45": ["tests.test_ledger.ReconcileTests.test_an_existing_amount_is_found", "tests.test_ledger.ReconcileTests.test_every_statement_line_matches"], "72": ["tests.test_ledger.ReconcileTests.test_every_statement_line_matches"], "74": ["tests.test_ledger.ReconcileTests.test_every_statement_line_matches"], "75": ["tests.test_ledger.ReconcileTests.test_every_statement_line_matches"], "76": ["tests.test_ledger.ReconcileTests.test_every_statement_line_matches"], "79": ["tests.test_ledger.ReconcileTests.test_every_statement_line_matches"], "77": ["tests.test_ledger.ReconcileTests.test_every_statement_line_matches"]}, "executed_branches": [[39, 40], [40, 39], [40, 41]], "missing_branches": [[39, 44]]}, "settle": {"executed_lines": [56, 57, 60], "summary": {"covered_lines": 3, "num_statements": 5, "percent_covered": 57.142857142857146, "percent_covered_display": "57", "missing_lines": 2, "excluded_lines": 0, "percent_statements_covered": 60.0, "percent_statements_covered_display": "60", "num_branches": 2, "num_partial_branches": 1, "covered_branches": 1, "missing_branches": 1, "percent_branches_covered": 50.0, "percent_branches_covered_display": "50"}, "missing_lines": [58, 59], "excluded_lines": [], "start_line": 48, "contexts": {"13": [""], "16": [""], "30": [""], "48": [""], "63": [""], "57": ["tests.test_ledger.ReconcileTests.test_a_balanced_ledger_needs_no_settling"], "56": ["tests.test_ledger.ReconcileTests.test_a_balanced_ledger_needs_no_settling"], "60": ["tests.test_ledger.ReconcileTests.test_a_balanced_ledger_needs_no_settling"], "24": ["tests.test_ledger.ReconcileTests.test_every_statement_line_matches", "tests.test_ledger.ReconcileTests.test_amounts_parse"], "25": ["tests.test_ledger.ReconcileTests.test_every_statement_line_matches", "tests.test_ledger.ReconcileTests.test_amounts_parse"], "39": ["tests.test_ledger.ReconcileTests.test_an_existing_amount_is_found", "tests.test_ledger.ReconcileTests.test_every_statement_line_matches"], "40": ["tests.test_ledger.ReconcileTests.test_an_existing_amount_is_found", "tests.test_ledger.ReconcileTests.test_every_statement_line_matches"], "41": ["tests.test_ledger.ReconcileTests.test_an_existing_amount_is_found", "tests.test_ledger.ReconcileTests.test_every_statement_line_matches"], "42": ["tests.test_ledger.ReconcileTests.test_an_existing_amount_is_found", "tests.test_ledger.ReconcileTests.test_every_statement_line_matches"], "45": ["tests.test_ledger.ReconcileTests.test_an_existing_amount_is_found", "tests.test_ledger.ReconcileTests.test_every_statement_line_matches"], "72": ["tests.test_ledger.ReconcileTests.test_every_statement_line_matches"], "74": ["tests.test_ledger.ReconcileTests.test_every_statement_line_matches"], "75": ["tests.test_ledger.ReconcileTests.test_every_statement_line_matches"], "76": ["tests.test_ledger.ReconcileTests.test_every_statement_line_matches"], "79": ["tests.test_ledger.ReconcileTests.test_every_statement_line_matches"], "77": ["tests.test_ledger.ReconcileTests.test_every_statement_line_matches"]}, "executed_branches": [[57, 60]], "missing_branches": [[57, 58]]}, "unmatched": {"executed_lines": [72, 74, 75, 76, 77, 79], "summary": {"covered_lines": 6, "num_statements": 8, "percent_covered": 71.42857142857143, "percent_covered_display": "71", "missing_lines": 2, "excluded_lines": 0, "percent_statements_covered": 75.0, "percent_statements_covered_display": "75", "num_branches": 6, "num_partial_branches": 2, "covered_branches": 4, "missing_branches": 2, "percent_branches_covered": 66.66666666666667, "percent_branches_covered_display": "67"}, "missing_lines": [73, 78], "excluded_lines": [], "start_line": 63, "contexts": {"13": [""], "16": [""], "30": [""], "48": [""], "63": [""], "57": ["tests.test_ledger.ReconcileTests.test_a_balanced_ledger_needs_no_settling"], "56": ["tests.test_ledger.ReconcileTests.test_a_balanced_ledger_needs_no_settling"], "60": ["tests.test_ledger.ReconcileTests.test_a_balanced_ledger_needs_no_settling"], "24": ["tests.test_ledger.ReconcileTests.test_every_statement_line_matches", "tests.test_ledger.ReconcileTests.test_amounts_parse"], "25": ["tests.test_ledger.ReconcileTests.test_every_statement_line_matches", "tests.test_ledger.ReconcileTests.test_amounts_parse"], "39": ["tests.test_ledger.ReconcileTests.test_an_existing_amount_is_found", "tests.test_ledger.ReconcileTests.test_every_statement_line_matches"], "40": ["tests.test_ledger.ReconcileTests.test_an_existing_amount_is_found", "tests.test_ledger.ReconcileTests.test_every_statement_line_matches"], "41": ["tests.test_ledger.ReconcileTests.test_an_existing_amount_is_found", "tests.test_ledger.ReconcileTests.test_every_statement_line_matches"], "42": ["tests.test_ledger.ReconcileTests.test_an_existing_amount_is_found", "tests.test_ledger.ReconcileTests.test_every_statement_line_matches"], "45": ["tests.test_ledger.ReconcileTests.test_an_existing_amount_is_found", "tests.test_ledger.ReconcileTests.test_every_statement_line_matches"], "72": ["tests.test_ledger.ReconcileTests.test_every_statement_line_matches"], "74": ["tests.test_ledger.ReconcileTests.test_every_statement_line_matches"], "75": ["tests.test_ledger.ReconcileTests.test_every_statement_line_matches"], "76": ["tests.test_ledger.ReconcileTests.test_every_statement_line_matches"], "79": ["tests.test_ledger.ReconcileTests.test_every_statement_line_matches"], "77": ["tests.test_ledger.ReconcileTests.test_every_statement_line_matches"]}, "executed_branches": [[72, 74], [75, 76], [75, 79], [77, 75]], "missing_branches": [[72, 73], [77, 78]]}, "": {"executed_lines": [16, 30, 48, 63], "summary": {"covered_lines": 4, "num_statements": 4, "percent_covered": 100.0, "percent_covered_display": "100", "missing_lines": 0, "excluded_lines": 0, "percent_statements_covered": 100.0, "percent_statements_covered_display": "100", "num_branches": 0, "num_partial_branches": 0, "covered_branches": 0, "missing_branches": 0, "percent_branches_covered": 100.0, "percent_branches_covered_display": "100"}, "missing_lines": [], "excluded_lines": [], "start_line": 1, "contexts": {"13": [""], "16": [""], "30": [""], "48": [""], "63": [""], "57": ["tests.test_ledger.ReconcileTests.test_a_balanced_ledger_needs_no_settling"], "56": ["tests.test_ledger.ReconcileTests.test_a_balanced_ledger_needs_no_settling"], "60": ["tests.test_ledger.ReconcileTests.test_a_balanced_ledger_needs_no_settling"], "24": ["tests.test_ledger.ReconcileTests.test_every_statement_line_matches", "tests.test_ledger.ReconcileTests.test_amounts_parse"], "25": ["tests.test_ledger.ReconcileTests.test_every_statement_line_matches", "tests.test_ledger.ReconcileTests.test_amounts_parse"], "39": ["tests.test_ledger.ReconcileTests.test_an_existing_amount_is_found", "tests.test_ledger.ReconcileTests.test_every_statement_line_matches"], "40": ["tests.test_ledger.ReconcileTests.test_an_existing_amount_is_found", "tests.test_ledger.ReconcileTests.test_every_statement_line_matches"], "41": ["tests.test_ledger.ReconcileTests.test_an_existing_amount_is_found", "tests.test_ledger.ReconcileTests.test_every_statement_line_matches"], "42": ["tests.test_ledger.ReconcileTests.test_an_existing_amount_is_found", "tests.test_ledger.ReconcileTests.test_every_statement_line_matches"], "45": ["tests.test_ledger.ReconcileTests.test_an_existing_amount_is_found", "tests.test_ledger.ReconcileTests.test_every_statement_line_matches"], "72": ["tests.test_ledger.ReconcileTests.test_every_statement_line_matches"], "74": ["tests.test_ledger.ReconcileTests.test_every_statement_line_matches"], "75": ["tests.test_ledger.ReconcileTests.test_every_statement_line_matches"], "76": ["tests.test_ledger.ReconcileTests.test_every_statement_line_matches"], "79": ["tests.test_ledger.ReconcileTests.test_every_statement_line_matches"], "77": ["tests.test_ledger.ReconcileTests.test_every_statement_line_matches"]}, "executed_branches": [], "missing_branches": []}}, "classes": {"": {"executed_lines": [16, 24, 25, 30, 39, 40, 41, 42, 45, 48, 56, 57, 60, 63, 72, 74, 75, 76, 77, 79], "summary": {"covered_lines": 20, "num_statements": 27, "percent_covered": 71.7948717948718, "percent_covered_display": "72", "missing_lines": 7, "excluded_lines": 0, "percent_statements_covered": 74.07407407407408, "percent_statements_covered_display": "74", "num_branches": 12, "num_partial_branches": 4, "covered_branches": 8, "missing_branches": 4, "percent_branches_covered": 66.66666666666667, "percent_branches_covered_display": "67"}, "missing_lines": [26, 27, 44, 58, 59, 73, 78], "excluded_lines": [], "start_line": 1, "contexts": {"13": [""], "16": [""], "30": [""], "48": [""], "63": [""], "57": ["tests.test_ledger.ReconcileTests.test_a_balanced_ledger_needs_no_settling"], "56": ["tests.test_ledger.ReconcileTests.test_a_balanced_ledger_needs_no_settling"], "60": ["tests.test_ledger.ReconcileTests.test_a_balanced_ledger_needs_no_settling"], "24": ["tests.test_ledger.ReconcileTests.test_every_statement_line_matches", "tests.test_ledger.ReconcileTests.test_amounts_parse"], "25": ["tests.test_ledger.ReconcileTests.test_every_statement_line_matches", "tests.test_ledger.ReconcileTests.test_amounts_parse"], "39": ["tests.test_ledger.ReconcileTests.test_an_existing_amount_is_found", "tests.test_ledger.ReconcileTests.test_every_statement_line_matches"], "40": ["tests.test_ledger.ReconcileTests.test_an_existing_amount_is_found", "tests.test_ledger.ReconcileTests.test_every_statement_line_matches"], "41": ["tests.test_ledger.ReconcileTests.test_an_existing_amount_is_found", "tests.test_ledger.ReconcileTests.test_every_statement_line_matches"], "42": ["tests.test_ledger.ReconcileTests.test_an_existing_amount_is_found", "tests.test_ledger.ReconcileTests.test_every_statement_line_matches"], "45": ["tests.test_ledger.ReconcileTests.test_an_existing_amount_is_found", "tests.test_ledger.ReconcileTests.test_every_statement_line_matches"], "72": ["tests.test_ledger.ReconcileTests.test_every_statement_line_matches"], "74": ["tests.test_ledger.ReconcileTests.test_every_statement_line_matches"], "75": ["tests.test_ledger.ReconcileTests.test_every_statement_line_matches"], "76": ["tests.test_ledger.ReconcileTests.test_every_statement_line_matches"], "79": ["tests.test_ledger.ReconcileTests.test_every_statement_line_matches"], "77": ["tests.test_ledger.ReconcileTests.test_every_statement_line_matches"]}, "executed_branches": [[39, 40], [40, 39], [40, 41], [57, 60], [72, 74], [75, 76], [75, 79], [77, 75]], "missing_branches": [[39, 44], [57, 58], [72, 73], [77, 78]]}}}}, "totals": {"covered_lines": 57, "num_statements": 71, "percent_covered": 78.0952380952381, "percent_covered_display": "78", "missing_lines": 14, "excluded_lines": 7, "percent_statements_covered": 80.28169014084507, "percent_statements_covered_display": "80", "num_branches": 34, "num_partial_branches": 7, "covered_branches": 25, "missing_branches": 9, "percent_branches_covered": 73.52941176470588, "percent_branches_covered_display": "74"}}