SF:ledger\__init__.py
DA:10,1
DA:12,1
LF:2
LH:2
end_of_record
SF:ledger\ledger.py
DA:14,1
DA:18,1
DA:21,1
DA:24,1
DA:26,1
DA:28,1
DA:39,1
DA:40,0
DA:41,1
DA:42,1
DA:43,1
DA:44,1
DA:45,1
DA:47,1
DA:53,1
DA:54,1
DA:55,1
DA:56,1
DA:57,1
DA:59,1
DA:67,1
DA:68,1
DA:69,1
DA:70,1
DA:71,1
DA:72,1
DA:73,0
DA:75,1
DA:82,1
DA:83,0
DA:84,1
DA:86,1
DA:93,1
DA:94,1
DA:95,1
DA:96,1
DA:97,1
DA:99,1
DA:105,0
DA:106,0
DA:107,0
DA:108,0
LF:42
LH:35
FN:21,26,Ledger.__init__
FNDA:1,Ledger.__init__
FN:28,45,Ledger.post
FNDA:1,Ledger.post
FN:47,57,Ledger.balance
FNDA:1,Ledger.balance
FN:59,73,Ledger.classify
FNDA:1,Ledger.classify
FN:75,84,Ledger.close
FNDA:1,Ledger.close
FN:86,97,Ledger.memo_index
FNDA:1,Ledger.memo_index
FN:99,108,Ledger.export_csv
FNDA:0,Ledger.export_csv
FNF:7
FNH:6
BRDA:39,0,jump to line 40,0
BRDA:39,0,jump to line 41,1
BRDA:41,0,jump to line 42,1
BRDA:41,0,jump to line 43,1
BRDA:54,0,jump to line 55,1
BRDA:54,0,jump to line 57,1
BRDA:55,0,jump to line 54,1
BRDA:55,0,jump to line 56,1
BRDA:67,0,jump to line 68,1
BRDA:67,0,jump to line 69,1
BRDA:69,0,jump to line 70,1
BRDA:69,0,jump to line 71,1
BRDA:71,0,jump to line 72,1
BRDA:71,0,jump to line 73,0
BRDA:82,0,jump to line 83,0
BRDA:82,0,jump to line 84,1
BRDA:94,0,jump to line 95,1
BRDA:94,0,jump to line 97,1
BRDA:95,0,jump to line 94,1
BRDA:95,0,jump to line 96,1
BRDA:106,0,jump to line 107,-
BRDA:106,0,jump to line 108,-
BRF:22
BRH:17
end_of_record
SF:ledger\reconcile.py
DA:16,1
DA:24,1
DA:25,1
DA:26,0
DA:27,0
DA:30,1
DA:39,1
DA:40,1
DA:41,1
DA:42,1
DA:44,0
DA:45,1
DA:48,1
DA:56,1
DA:57,1
DA:58,0
DA:59,0
DA:60,1
DA:63,1
DA:72,1
DA:73,0
DA:74,1
DA:75,1
DA:76,1
DA:77,1
DA:78,0
DA:79,1
LF:27
LH:20
FN:16,27,parse_amount
FNDA:1,parse_amount
FN:30,45,find_entry
FNDA:1,find_entry
FN:48,60,settle
FNDA:1,settle
FN:63,79,unmatched
FNDA:1,unmatched
FNF:4
FNH:4
BRDA:39,0,jump to line 40,1
BRDA:39,0,jump to line 44,0
BRDA:40,0,jump to line 39,1
BRDA:40,0,jump to line 41,1
BRDA:57,0,jump to line 58,0
BRDA:57,0,jump to line 60,1
BRDA:72,0,jump to line 73,0
BRDA:72,0,jump to line 74,1
BRDA:75,0,jump to line 76,1
BRDA:75,0,jump to line 79,1
BRDA:77,0,jump to line 75,1
BRDA:77,0,jump to line 78,0
BRF:12
BRH:8
end_of_record
