SF:W:\coverage-studio-demo\src\buffer.c
FN:4,buffer_init
FN:11,buffer_push
FN:24,buffer_can_write
FN:32,buffer_drain
FNDA:1,buffer_init
FNDA:3,buffer_push
FNDA:1,buffer_can_write
FNDA:0,buffer_drain
FNF:4
FNH:3
DA:4,1
DA:5,1
DA:6,1
DA:7,1
DA:8,1
DA:11,3
DA:12,3
DA:13,1
DA:14,1
DA:15,2
DA:16,2
DA:17,3
DA:24,1
DA:25,1
DA:26,1
DA:27,1
DA:28,0
DA:29,1
DA:32,0
DA:33,0
DA:34,0
DA:35,0
DA:36,0
BRDA:6,0,0,1
BRDA:6,0,1,0
BRDA:12,0,0,1
BRDA:12,0,1,2
BRDA:25,0,0,0
BRDA:25,0,1,1
BRDA:25,1,2,-
BRDA:25,1,3,-
BRDA:25,2,4,1
BRDA:25,2,5,0
BRF:10
BRH:5
LF:23
LH:17
end_of_record
SF:W:\coverage-studio-demo\src\buffer.h
FNF:0
FNH:0
DA:4,2
BRF:0
BRH:0
LF:0
LH:0
end_of_record
SF:W:\coverage-studio-demo\src\calc.c
FN:4,add
FN:8,subtract
FN:13,classify
FN:22,gate
FN:30,unused_helper
FNDA:1,add
FNDA:1,subtract
FNDA:1,classify
FNDA:5,gate
FNDA:0,unused_helper
FNF:5
FNH:4
DA:4,1
DA:5,1
DA:6,1
DA:8,1
DA:9,1
DA:10,1
DA:13,1
DA:14,1
DA:15,1
DA:16,1
DA:17,0
DA:18,0
DA:19,1
DA:22,5
DA:23,5
DA:24,2
DA:25,2
DA:26,3
DA:27,5
DA:30,0
DA:31,0
DA:32,0
BRDA:14,0,0,1
BRDA:14,0,1,0
BRDA:23,0,0,2
BRDA:23,0,1,3
BRDA:23,1,2,1
BRDA:23,1,3,1
BRDA:23,2,4,1
BRDA:23,2,5,3
BRF:8
BRH:7
LF:22
LH:17
end_of_record
SF:W:\coverage-studio-demo\src\calc_test.c
FN:5,main
FNDA:1,main
FNF:1
FNH:1
DA:5,1
DA:6,1
DA:7,1
DA:8,1
DA:11,1
DA:12,1
DA:13,1
DA:14,1
DA:15,1
DA:17,1
DA:18,1
DA:19,1
DA:20,1
DA:21,1
DA:23,1
DA:24,1
BRF:0
BRH:0
LF:16
LH:16
end_of_record
