<?xml version="1.0" encoding="UTF-8"?>
<coverage generated="1789630870222" clover="3.2.0">
  <project timestamp="1789630870222" name="All files">
    <metrics statements="58" coveredstatements="42" conditionals="41" coveredconditionals="19" methods="20" coveredmethods="16" elements="119" coveredelements="77" complexity="0" loc="58" ncloc="58" packages="1" files="3" classes="3"/>
    <file name="cart.js" path="W:\coverage-studio-demo\samples\js\src\cart.js">
      <metrics statements="20" coveredstatements="19" conditionals="11" coveredconditionals="6" methods="11" coveredmethods="10"/>
      <line num="15" count="2" type="stmt"/>
      <line num="37" count="5" type="stmt"/>
      <line num="38" count="2" type="cond" truecount="1" falsecount="1"/>
      <line num="49" count="3" type="cond" truecount="2" falsecount="1"/>
      <line num="51" count="2" type="stmt"/>
      <line num="53" count="1" type="stmt"/>
      <line num="55" count="0" type="stmt"/>
      <line num="68" count="2" type="cond" truecount="1" falsecount="1"/>
      <line num="69" count="2" type="stmt"/>
      <line num="80" count="5" type="cond" truecount="1" falsecount="1"/>
      <line num="91" count="1" type="cond" truecount="1" falsecount="1"/>
      <line num="101" count="2500" type="stmt"/>
      <line num="102" count="2500" type="stmt"/>
      <line num="103" count="18890" type="stmt"/>
      <line num="105" count="2500" type="stmt"/>
      <line num="117" count="1" type="stmt"/>
      <line num="118" count="1" type="stmt"/>
      <line num="119" count="1" type="stmt"/>
      <line num="120" count="1" type="stmt"/>
      <line num="138" count="2" type="stmt"/>
    </file>
    <file name="inventory.js" path="W:\coverage-studio-demo\samples\js\src\inventory.js">
      <metrics statements="18" coveredstatements="12" conditionals="6" coveredconditionals="2" methods="7" coveredmethods="4"/>
      <line num="17" count="1" type="stmt"/>
      <line num="26" count="2" type="stmt"/>
      <line num="27" count="2" type="stmt"/>
      <line num="38" count="3" type="cond" truecount="1" falsecount="1"/>
      <line num="51" count="1" type="cond" truecount="1" falsecount="1"/>
      <line num="52" count="0" type="stmt"/>
      <line num="53" count="0" type="stmt"/>
      <line num="55" count="1" type="stmt"/>
      <line num="56" count="1" type="stmt"/>
      <line num="69" count="1" type="stmt"/>
      <line num="70" count="1" type="stmt"/>
      <line num="71" count="1" type="stmt"/>
      <line num="72" count="1" type="stmt"/>
      <line num="74" count="0" type="stmt"/>
      <line num="75" count="0" type="stmt"/>
      <line num="86" count="0" type="stmt"/>
      <line num="96" count="0" type="stmt"/>
      <line num="100" count="1" type="stmt"/>
    </file>
    <file name="pricing.js" path="W:\coverage-studio-demo\samples\js\src\pricing.js">
      <metrics statements="20" coveredstatements="11" conditionals="24" coveredconditionals="11" methods="2" coveredmethods="2"/>
      <line num="35" count="1" type="stmt"/>
      <line num="37" count="1" type="cond" truecount="1" falsecount="1"/>
      <line num="38" count="1" type="stmt"/>
      <line num="39" count="0" type="cond" truecount="0" falsecount="2"/>
      <line num="40" count="0" type="stmt"/>
      <line num="41" count="0" type="cond" truecount="0" falsecount="2"/>
      <line num="42" count="0" type="stmt"/>
      <line num="45" count="1" type="cond" truecount="2" falsecount="2"/>
      <line num="46" count="0" type="stmt"/>
      <line num="49" count="1" type="cond" truecount="1" falsecount="1"/>
      <line num="50" count="0" type="stmt"/>
      <line num="51" count="1" type="cond" truecount="1" falsecount="1"/>
      <line num="52" count="0" type="stmt"/>
      <line num="55" count="1" type="cond" truecount="3" falsecount="2"/>
      <line num="56" count="0" type="stmt"/>
      <line num="59" count="1" type="cond" truecount="1" falsecount="1"/>
      <line num="60" count="0" type="stmt"/>
      <line num="63" count="1" type="stmt"/>
      <line num="75" count="2" type="cond" truecount="2" falsecount="1"/>
      <line num="78" count="2" type="stmt"/>
    </file>
  </project>
</coverage>
