{"W:\\coverage-studio-demo\\samples\\js\\src\\cart.js": {"path":"W:\\coverage-studio-demo\\samples\\js\\src\\cart.js","statementMap":{"0":{"start":{"line":15,"column":18},"end":{"line":15,"column":38}},"1":{"start":{"line":37,"column":14},"end":{"line":37,"column":73}},"2":{"start":{"line":37,"column":42},"end":{"line":37,"column":69}},"3":{"start":{"line":38,"column":2},"end":{"line":38,"column":43}},"4":{"start":{"line":49,"column":2},"end":{"line":56,"column":3}},"5":{"start":{"line":51,"column":6},"end":{"line":51,"column":17}},"6":{"start":{"line":53,"column":6},"end":{"line":53,"column":16}},"7":{"start":{"line":55,"column":6},"end":{"line":55,"column":15}},"8":{"start":{"line":68,"column":2},"end":{"line":68,"column":48}},"9":{"start":{"line":68,"column":24},"end":{"line":68,"column":48}},"10":{"start":{"line":69,"column":2},"end":{"line":69,"column":40}},"11":{"start":{"line":80,"column":2},"end":{"line":80,"column":123}},"12":{"start":{"line":80,"column":32},"end":{"line":80,"column":44}},"13":{"start":{"line":80,"column":61},"end":{"line":80,"column":120}},"14":{"start":{"line":91,"column":2},"end":{"line":91,"column":65}},"15":{"start":{"line":91,"column":50},"end":{"line":91,"column":58}},"16":{"start":{"line":101,"column":12},"end":{"line":101,"column":13}},"17":{"start":{"line":102,"column":2},"end":{"line":104,"column":3}},"18":{"start":{"line":102,"column":15},"end":{"line":102,"column":16}},"19":{"start":{"line":103,"column":4},"end":{"line":103,"column":51}},"20":{"start":{"line":105,"column":2},"end":{"line":105,"column":13}},"21":{"start":{"line":117,"column":16},"end":{"line":117,"column":48}},"22":{"start":{"line":118,"column":17},"end":{"line":118,"column":87}},"23":{"start":{"line":119,"column":23},"end":{"line":119,"column":59}},"24":{"start":{"line":120,"column":2},"end":{"line":124,"column":4}},"25":{"start":{"line":138,"column":0},"end":{"line":138,"column":101}}},"fnMap":{"0":{"name":"total","decl":{"start":{"line":36,"column":9},"end":{"line":36,"column":14}},"loc":{"start":{"line":36,"column":30},"end":{"line":39,"column":1}},"line":36},"1":{"name":"(anonymous_1)","decl":{"start":{"line":37,"column":27},"end":{"line":37,"column":28}},"loc":{"start":{"line":37,"column":42},"end":{"line":37,"column":69}},"line":37},"2":{"name":"shippingFor","decl":{"start":{"line":48,"column":9},"end":{"line":48,"column":20}},"loc":{"start":{"line":48,"column":27},"end":{"line":57,"column":1}},"line":48},"3":{"name":"applyVat","decl":{"start":{"line":67,"column":9},"end":{"line":67,"column":17}},"loc":{"start":{"line":67,"column":35},"end":{"line":70,"column":1}},"line":67},"4":{"name":"labels","decl":{"start":{"line":79,"column":9},"end":{"line":79,"column":15}},"loc":{"start":{"line":79,"column":23},"end":{"line":81,"column":1}},"line":79},"5":{"name":"(anonymous_5)","decl":{"start":{"line":80,"column":22},"end":{"line":80,"column":23}},"loc":{"start":{"line":80,"column":32},"end":{"line":80,"column":44}},"line":80},"6":{"name":"(anonymous_6)","decl":{"start":{"line":80,"column":50},"end":{"line":80,"column":51}},"loc":{"start":{"line":80,"column":61},"end":{"line":80,"column":120}},"line":80},"7":{"name":"auditTrail","decl":{"start":{"line":90,"column":9},"end":{"line":90,"column":19}},"loc":{"start":{"line":90,"column":27},"end":{"line":92,"column":1}},"line":90},"8":{"name":"(anonymous_8)","decl":{"start":{"line":91,"column":40},"end":{"line":91,"column":41}},"loc":{"start":{"line":91,"column":50},"end":{"line":91,"column":58}},"line":91},"9":{"name":"checksum","decl":{"start":{"line":100,"column":9},"end":{"line":100,"column":17}},"loc":{"start":{"line":100,"column":23},"end":{"line":106,"column":1}},"line":100},"10":{"name":"checkout","decl":{"start":{"line":116,"column":9},"end":{"line":116,"column":17}},"loc":{"start":{"line":116,"column":25},"end":{"line":125,"column":1}},"line":116}},"branchMap":{"0":{"loc":{"start":{"line":38,"column":9},"end":{"line":38,"column":42}},"type":"cond-expr","locations":[{"start":{"line":38,"column":18},"end":{"line":38,"column":36}},{"start":{"line":38,"column":39},"end":{"line":38,"column":42}}],"line":38},"1":{"loc":{"start":{"line":49,"column":2},"end":{"line":56,"column":3}},"type":"switch","locations":[{"start":{"line":50,"column":4},"end":{"line":51,"column":17}},{"start":{"line":52,"column":4},"end":{"line":53,"column":16}},{"start":{"line":54,"column":4},"end":{"line":55,"column":15}}],"line":49},"2":{"loc":{"start":{"line":68,"column":2},"end":{"line":68,"column":48}},"type":"if","locations":[{"start":{"line":68,"column":2},"end":{"line":68,"column":48}},{"start":{},"end":{}}],"line":68},"3":{"loc":{"start":{"line":80,"column":61},"end":{"line":80,"column":120}},"type":"cond-expr","locations":[{"start":{"line":80,"column":81},"end":{"line":80,"column":108}},{"start":{"line":80,"column":111},"end":{"line":80,"column":120}}],"line":80},"4":{"loc":{"start":{"line":91,"column":9},"end":{"line":91,"column":64}},"type":"cond-expr","locations":[{"start":{"line":91,"column":30},"end":{"line":91,"column":59}},{"start":{"line":91,"column":62},"end":{"line":91,"column":64}}],"line":91}},"s":{"0":2,"1":2,"2":5,"3":2,"4":3,"5":2,"6":1,"7":0,"8":2,"9":2,"10":2,"11":2,"12":5,"13":4,"14":1,"15":0,"16":2500,"17":2500,"18":2500,"19":18890,"20":2500,"21":1,"22":1,"23":1,"24":1,"25":2},"f":{"0":2,"1":5,"2":3,"3":2,"4":2,"5":5,"6":4,"7":1,"8":0,"9":2500,"10":1},"b":{"0":[0,2],"1":[2,1,0],"2":[2,0],"3":[0,4],"4":[0,1]},"_coverageSchema":"1a1c01bbd47fc00a2c39e90264f33305004495a9","hash":"3dc83d39a66a097502de2b119ef394f3c72e1190","contentHash":"aef10d36a7a50894bc67418ccd67b530980587819256f90d9652738274d90e04"}
,"W:\\coverage-studio-demo\\samples\\js\\src\\inventory.js": {"path":"W:\\coverage-studio-demo\\samples\\js\\src\\inventory.js","statementMap":{"0":{"start":{"line":17,"column":18},"end":{"line":17,"column":19}},"1":{"start":{"line":26,"column":4},"end":{"line":26,"column":23}},"2":{"start":{"line":27,"column":4},"end":{"line":27,"column":18}},"3":{"start":{"line":38,"column":4},"end":{"line":38,"column":32}},"4":{"start":{"line":51,"column":4},"end":{"line":54,"column":5}},"5":{"start":{"line":52,"column":6},"end":{"line":52,"column":37}},"6":{"start":{"line":53,"column":6},"end":{"line":53,"column":19}},"7":{"start":{"line":55,"column":4},"end":{"line":55,"column":27}},"8":{"start":{"line":56,"column":4},"end":{"line":56,"column":16}},"9":{"start":{"line":69,"column":4},"end":{"line":76,"column":5}},"10":{"start":{"line":70,"column":21},"end":{"line":70,"column":36}},"11":{"start":{"line":71,"column":6},"end":{"line":71,"column":40}},"12":{"start":{"line":72,"column":6},"end":{"line":72,"column":40}},"13":{"start":{"line":74,"column":6},"end":{"line":74,"column":56}},"14":{"start":{"line":75,"column":6},"end":{"line":75,"column":16}},"15":{"start":{"line":86,"column":4},"end":{"line":86,"column":80}},"16":{"start":{"line":86,"column":51},"end":{"line":86,"column":78}},"17":{"start":{"line":96,"column":4},"end":{"line":96,"column":43}},"18":{"start":{"line":100,"column":0},"end":{"line":100,"column":42}}},"fnMap":{"0":{"name":"(anonymous_0)","decl":{"start":{"line":25,"column":2},"end":{"line":25,"column":3}},"loc":{"start":{"line":25,"column":26},"end":{"line":28,"column":3}},"line":25},"1":{"name":"(anonymous_1)","decl":{"start":{"line":37,"column":2},"end":{"line":37,"column":3}},"loc":{"start":{"line":37,"column":17},"end":{"line":39,"column":3}},"line":37},"2":{"name":"(anonymous_2)","decl":{"start":{"line":50,"column":2},"end":{"line":50,"column":3}},"loc":{"start":{"line":50,"column":24},"end":{"line":57,"column":3}},"line":50},"3":{"name":"(anonymous_3)","decl":{"start":{"line":68,"column":2},"end":{"line":68,"column":3}},"loc":{"start":{"line":68,"column":25},"end":{"line":77,"column":3}},"line":68},"4":{"name":"(anonymous_4)","decl":{"start":{"line":85,"column":2},"end":{"line":85,"column":3}},"loc":{"start":{"line":85,"column":17},"end":{"line":87,"column":3}},"line":85},"5":{"name":"(anonymous_5)","decl":{"start":{"line":86,"column":42},"end":{"line":86,"column":43}},"loc":{"start":{"line":86,"column":51},"end":{"line":86,"column":78}},"line":86},"6":{"name":"(anonymous_6)","decl":{"start":{"line":95,"column":2},"end":{"line":95,"column":3}},"loc":{"start":{"line":95,"column":24},"end":{"line":97,"column":3}},"line":95}},"branchMap":{"0":{"loc":{"start":{"line":25,"column":14},"end":{"line":25,"column":24}},"type":"default-arg","locations":[{"start":{"line":25,"column":22},"end":{"line":25,"column":24}}],"line":25},"1":{"loc":{"start":{"line":38,"column":11},"end":{"line":38,"column":31}},"type":"binary-expr","locations":[{"start":{"line":38,"column":11},"end":{"line":38,"column":26}},{"start":{"line":38,"column":30},"end":{"line":38,"column":31}}],"line":38},"2":{"loc":{"start":{"line":50,"column":15},"end":{"line":50,"column":22}},"type":"default-arg","locations":[{"start":{"line":50,"column":21},"end":{"line":50,"column":22}}],"line":50},"3":{"loc":{"start":{"line":51,"column":4},"end":{"line":54,"column":5}},"type":"if","locations":[{"start":{"line":51,"column":4},"end":{"line":54,"column":5}},{"start":{},"end":{}}],"line":51}},"s":{"0":1,"1":2,"2":2,"3":3,"4":1,"5":0,"6":0,"7":1,"8":1,"9":1,"10":1,"11":1,"12":1,"13":0,"14":0,"15":0,"16":0,"17":0,"18":1},"f":{"0":2,"1":3,"2":1,"3":1,"4":0,"5":0,"6":0},"b":{"0":[0],"1":[3,0],"2":[0],"3":[0,1]},"_coverageSchema":"1a1c01bbd47fc00a2c39e90264f33305004495a9","hash":"59e5dd0161e01df4d32ae7969583d9bff09c85ca","contentHash":"a1822c6887dd5d60a8ebdd07ef60261d98f5de5740201404fb6b651076b27c48"}
,"W:\\coverage-studio-demo\\samples\\js\\src\\pricing.js": {"path":"W:\\coverage-studio-demo\\samples\\js\\src\\pricing.js","statementMap":{"0":{"start":{"line":35,"column":14},"end":{"line":35,"column":20}},"1":{"start":{"line":37,"column":2},"end":{"line":43,"column":3}},"2":{"start":{"line":38,"column":4},"end":{"line":38,"column":17}},"3":{"start":{"line":39,"column":9},"end":{"line":43,"column":3}},"4":{"start":{"line":40,"column":4},"end":{"line":40,"column":18}},"5":{"start":{"line":41,"column":9},"end":{"line":43,"column":3}},"6":{"start":{"line":42,"column":4},"end":{"line":42,"column":17}},"7":{"start":{"line":45,"column":2},"end":{"line":47,"column":3}},"8":{"start":{"line":46,"column":4},"end":{"line":46,"column":15}},"9":{"start":{"line":49,"column":2},"end":{"line":53,"column":3}},"10":{"start":{"line":50,"column":4},"end":{"line":50,"column":18}},"11":{"start":{"line":51,"column":9},"end":{"line":53,"column":3}},"12":{"start":{"line":52,"column":4},"end":{"line":52,"column":18}},"13":{"start":{"line":55,"column":2},"end":{"line":57,"column":3}},"14":{"start":{"line":56,"column":4},"end":{"line":56,"column":44}},"15":{"start":{"line":59,"column":2},"end":{"line":61,"column":3}},"16":{"start":{"line":60,"column":4},"end":{"line":60,"column":14}},"17":{"start":{"line":63,"column":2},"end":{"line":63,"column":15}},"18":{"start":{"line":75,"column":2},"end":{"line":75,"column":73}},"19":{"start":{"line":78,"column":0},"end":{"line":78,"column":38}}},"fnMap":{"0":{"name":"quote","decl":{"start":{"line":34,"column":9},"end":{"line":34,"column":14}},"loc":{"start":{"line":34,"column":44},"end":{"line":64,"column":1}},"line":34},"1":{"name":"fastTrack","decl":{"start":{"line":74,"column":9},"end":{"line":74,"column":18}},"loc":{"start":{"line":74,"column":37},"end":{"line":76,"column":1}},"line":74}},"branchMap":{"0":{"loc":{"start":{"line":37,"column":2},"end":{"line":43,"column":3}},"type":"if","locations":[{"start":{"line":37,"column":2},"end":{"line":43,"column":3}},{"start":{"line":39,"column":9},"end":{"line":43,"column":3}}],"line":37},"1":{"loc":{"start":{"line":39,"column":9},"end":{"line":43,"column":3}},"type":"if","locations":[{"start":{"line":39,"column":9},"end":{"line":43,"column":3}},{"start":{"line":41,"column":9},"end":{"line":43,"column":3}}],"line":39},"2":{"loc":{"start":{"line":41,"column":9},"end":{"line":43,"column":3}},"type":"if","locations":[{"start":{"line":41,"column":9},"end":{"line":43,"column":3}},{"start":{},"end":{}}],"line":41},"3":{"loc":{"start":{"line":45,"column":2},"end":{"line":47,"column":3}},"type":"if","locations":[{"start":{"line":45,"column":2},"end":{"line":47,"column":3}},{"start":{},"end":{}}],"line":45},"4":{"loc":{"start":{"line":45,"column":6},"end":{"line":45,"column":53}},"type":"binary-expr","locations":[{"start":{"line":45,"column":6},"end":{"line":45,"column":24}},{"start":{"line":45,"column":28},"end":{"line":45,"column":53}}],"line":45},"5":{"loc":{"start":{"line":49,"column":2},"end":{"line":53,"column":3}},"type":"if","locations":[{"start":{"line":49,"column":2},"end":{"line":53,"column":3}},{"start":{"line":51,"column":9},"end":{"line":53,"column":3}}],"line":49},"6":{"loc":{"start":{"line":51,"column":9},"end":{"line":53,"column":3}},"type":"if","locations":[{"start":{"line":51,"column":9},"end":{"line":53,"column":3}},{"start":{},"end":{}}],"line":51},"7":{"loc":{"start":{"line":55,"column":2},"end":{"line":57,"column":3}},"type":"if","locations":[{"start":{"line":55,"column":2},"end":{"line":57,"column":3}},{"start":{},"end":{}}],"line":55},"8":{"loc":{"start":{"line":55,"column":6},"end":{"line":55,"column":60}},"type":"binary-expr","locations":[{"start":{"line":55,"column":6},"end":{"line":55,"column":22}},{"start":{"line":55,"column":27},"end":{"line":55,"column":43}},{"start":{"line":55,"column":47},"end":{"line":55,"column":59}}],"line":55},"9":{"loc":{"start":{"line":59,"column":2},"end":{"line":61,"column":3}},"type":"if","locations":[{"start":{"line":59,"column":2},"end":{"line":61,"column":3}},{"start":{},"end":{}}],"line":59},"10":{"loc":{"start":{"line":75,"column":9},"end":{"line":75,"column":72}},"type":"binary-expr","locations":[{"start":{"line":75,"column":9},"end":{"line":75,"column":26}},{"start":{"line":75,"column":31},"end":{"line":75,"column":43}},{"start":{"line":75,"column":47},"end":{"line":75,"column":71}}],"line":75}},"s":{"0":1,"1":1,"2":1,"3":0,"4":0,"5":0,"6":0,"7":1,"8":0,"9":1,"10":0,"11":1,"12":0,"13":1,"14":0,"15":1,"16":0,"17":1,"18":2,"19":2},"f":{"0":1,"1":2},"b":{"0":[1,0],"1":[0,0],"2":[0,0],"3":[0,1],"4":[1,0],"5":[0,1],"6":[0,1],"7":[0,1],"8":[1,1,0],"9":[0,1],"10":[2,1,0]},"_coverageSchema":"1a1c01bbd47fc00a2c39e90264f33305004495a9","hash":"8cfd1a5816d2d6fac10cc5df73ba166ae90b296c","contentHash":"ed87506e8d372da145e4a32b6239510e3567d6065029107035dd9f517f2f26aa"}
}
