TN:
SF:src\cart.js
FN:36,total
FN:37,(anonymous_1)
FN:48,shippingFor
FN:67,applyVat
FN:79,labels
FN:80,(anonymous_5)
FN:80,(anonymous_6)
FN:90,auditTrail
FN:91,(anonymous_8)
FN:100,checksum
FN:116,checkout
FNF:11
FNH:10
FNDA:2,total
FNDA:5,(anonymous_1)
FNDA:3,shippingFor
FNDA:2,applyVat
FNDA:2,labels
FNDA:5,(anonymous_5)
FNDA:4,(anonymous_6)
FNDA:1,auditTrail
FNDA:0,(anonymous_8)
FNDA:2500,checksum
FNDA:1,checkout
DA:15,2
DA:37,5
DA:38,2
DA:49,3
DA:51,2
DA:53,1
DA:55,0
DA:68,2
DA:69,2
DA:80,5
DA:91,1
DA:101,2500
DA:102,2500
DA:103,18890
DA:105,2500
DA:117,1
DA:118,1
DA:119,1
DA:120,1
DA:138,2
LF:20
LH:19
BRDA:38,0,0,0
BRDA:38,0,1,2
BRDA:49,1,0,2
BRDA:49,1,1,1
BRDA:49,1,2,0
BRDA:68,2,0,2
BRDA:68,2,1,0
BRDA:80,3,0,0
BRDA:80,3,1,4
BRDA:91,4,0,0
BRDA:91,4,1,1
BRF:11
BRH:6
end_of_record
TN:
SF:src\inventory.js
FN:25,(anonymous_0)
FN:37,(anonymous_1)
FN:50,(anonymous_2)
FN:68,(anonymous_3)
FN:85,(anonymous_4)
FN:86,(anonymous_5)
FN:95,(anonymous_6)
FNF:7
FNH:4
FNDA:2,(anonymous_0)
FNDA:3,(anonymous_1)
FNDA:1,(anonymous_2)
FNDA:1,(anonymous_3)
FNDA:0,(anonymous_4)
FNDA:0,(anonymous_5)
FNDA:0,(anonymous_6)
DA:17,1
DA:26,2
DA:27,2
DA:38,3
DA:51,1
DA:52,0
DA:53,0
DA:55,1
DA:56,1
DA:69,1
DA:70,1
DA:71,1
DA:72,1
DA:74,0
DA:75,0
DA:86,0
DA:96,0
DA:100,1
LF:18
LH:12
BRDA:25,0,0,0
BRDA:38,1,0,3
BRDA:38,1,1,0
BRDA:50,2,0,0
BRDA:51,3,0,0
BRDA:51,3,1,1
BRF:6
BRH:2
end_of_record
TN:
SF:src\pricing.js
FN:34,quote
FN:74,fastTrack
FNF:2
FNH:2
FNDA:1,quote
FNDA:2,fastTrack
DA:35,1
DA:37,1
DA:38,1
DA:39,0
DA:40,0
DA:41,0
DA:42,0
DA:45,1
DA:46,0
DA:49,1
DA:50,0
DA:51,1
DA:52,0
DA:55,1
DA:56,0
DA:59,1
DA:60,0
DA:63,1
DA:75,2
DA:78,2
LF:20
LH:11
BRDA:37,0,0,1
BRDA:37,0,1,0
BRDA:39,1,0,0
BRDA:39,1,1,0
BRDA:41,2,0,0
BRDA:41,2,1,0
BRDA:45,3,0,0
BRDA:45,3,1,1
BRDA:45,4,0,1
BRDA:45,4,1,0
BRDA:49,5,0,0
BRDA:49,5,1,1
BRDA:51,6,0,0
BRDA:51,6,1,1
BRDA:55,7,0,0
BRDA:55,7,1,1
BRDA:55,8,0,1
BRDA:55,8,1,1
BRDA:55,8,2,0
BRDA:59,9,0,0
BRDA:59,9,1,1
BRDA:75,10,0,2
BRDA:75,10,1,1
BRDA:75,10,2,0
BRF:24
BRH:11
end_of_record
